I [/home/dp012/Desktop/gitmac/mako-pr/src/deptran/s_main.cc:124] 2025-12-04 12:05:55.047 | PWD : 
I [/home/dp012/Desktop/gitmac/mako-pr/src/deptran/s_main.cc:136] 2025-12-04 12:05:55.047 | starting process 66681
I [/home/dp012/Desktop/gitmac/mako-pr/src/deptran/config.cc:290] 2025-12-04 12:05:55.047 | LoadYML: test_det_3replicas.yml
I [/home/dp012/Desktop/gitmac/mako-pr/src/deptran/config.cc:689] 2025-12-04 12:05:55.049 | group size: 1
I [/home/dp012/Desktop/gitmac/mako-pr/src/deptran/config.cc:689] 2025-12-04 12:05:55.049 | group size: 1
I [/home/dp012/Desktop/gitmac/mako-pr/src/deptran/config.cc:689] 2025-12-04 12:05:55.049 | group size: 1
I [/home/dp012/Desktop/gitmac/mako-pr/src/deptran/config.cc:689] 2025-12-04 12:05:55.049 | group size: 1
I [/home/dp012/Desktop/gitmac/mako-pr/src/deptran/config.cc:689] 2025-12-04 12:05:55.049 | group size: 1
I [/home/dp012/Desktop/gitmac/mako-pr/src/deptran/config.cc:689] 2025-12-04 12:05:55.049 | group size: 1
I [/home/dp012/Desktop/gitmac/mako-pr/src/deptran/config.cc:689] 2025-12-04 12:05:55.049 | group size: 1
I [/home/dp012/Desktop/gitmac/mako-pr/src/deptran/config.cc:689] 2025-12-04 12:05:55.049 | group size: 1
I [/home/dp012/Desktop/gitmac/mako-pr/src/deptran/config.cc:689] 2025-12-04 12:05:55.049 | group size: 1
I [/home/dp012/Desktop/gitmac/mako-pr/src/deptran/config.cc:713] 2025-12-04 12:05:55.049 | client forwarding: 0
I [/home/dp012/Desktop/gitmac/mako-pr/src/deptran/s_main.cc:25] 2025-12-04 12:05:55.049 | client_setup_heartbeat in client_setup_heartbeat
I [/home/dp012/Desktop/gitmac/mako-pr/src/deptran/s_main.cc:41] 2025-12-04 12:05:55.049 | Start control server on port 18100
I [/home/dp012/Desktop/gitmac/mako-pr/src/rrr/reactor/reactor.cc:297] 2025-12-04 12:05:55.049 | PollThreadWorker::poll_loop wait 1
I [/home/dp012/Desktop/gitmac/mako-pr/src/deptran/s_main.cc:49] 2025-12-04 12:05:55.049 | client enabled, number of sites: 1
I [/home/dp012/Desktop/gitmac/mako-pr/src/deptran/communicator.cc:14] 2025-12-04 12:05:55.049 | setup paxos communicator
I [/home/dp012/Desktop/gitmac/mako-pr/src/deptran/communicator.cc:174] 2025-12-04 12:05:55.049 | connect to site: 127.0.0.1:18101 (attempt 0)
I [/home/dp012/Desktop/gitmac/mako-pr/src/deptran/communicator.cc:174] 2025-12-04 12:05:55.049 | connect to site: 127.0.0.1:18102 (attempt 0)
I [/home/dp012/Desktop/gitmac/mako-pr/src/deptran/communicator.cc:174] 2025-12-04 12:05:55.049 | connect to site: 127.0.0.1:18103 (attempt 0)
I [/home/dp012/Desktop/gitmac/mako-pr/src/deptran/client_worker.cc:141] 2025-12-04 12:05:55.049 | Work: 3
I [/home/dp012/Desktop/gitmac/mako-pr/src/deptran/communicator.cc:75] 2025-12-04 12:05:55.053 | Done waiting to connect to client leaders.
I [/home/dp012/Desktop/gitmac/mako-pr/src/deptran/client_worker.cc:150] 2025-12-04 12:05:55.053 | waiting for start signal
I [/home/dp012/Desktop/gitmac/mako-pr/src/deptran/benchmark_control_rpc.cc:310] 2025-12-04 12:05:55.053 | ClientControlServiceImpl::wait_for_start enter 0
I [/home/dp012/Desktop/gitmac/mako-pr/src/deptran/benchmark_control_rpc.cc:315] 2025-12-04 12:05:55.053 | ClientControlServiceImpl::wait_for_start all ready
I [/home/dp012/Desktop/gitmac/mako-pr/src/deptran/benchmark_control_rpc.cc:323] 2025-12-04 12:05:55.053 | ClientControlServiceImpl::wait_for_start waiting, status: 1
I [/home/dp012/Desktop/gitmac/mako-pr/src/rrr/reactor/reactor.cc:297] 2025-12-04 12:05:55.641 | PollThreadWorker::poll_loop wait 1001
I [/home/dp012/Desktop/gitmac/mako-pr/src/rrr/reactor/reactor.cc:297] 2025-12-04 12:05:56.231 | PollThreadWorker::poll_loop wait 2001
I [/home/dp012/Desktop/gitmac/mako-pr/src/rrr/reactor/reactor.cc:297] 2025-12-04 12:05:56.825 | PollThreadWorker::poll_loop wait 3001
I [/home/dp012/Desktop/gitmac/mako-pr/src/rrr/reactor/reactor.cc:297] 2025-12-04 12:05:57.404 | PollThreadWorker::poll_loop wait 4001
I [/home/dp012/Desktop/gitmac/mako-pr/src/rrr/reactor/reactor.cc:297] 2025-12-04 12:05:57.993 | PollThreadWorker::poll_loop wait 5001
I [/home/dp012/Desktop/gitmac/mako-pr/src/rrr/reactor/reactor.cc:297] 2025-12-04 12:05:58.574 | PollThreadWorker::poll_loop wait 6001
I [/home/dp012/Desktop/gitmac/mako-pr/src/rrr/reactor/reactor.cc:297] 2025-12-04 12:05:59.148 | PollThreadWorker::poll_loop wait 7001
I [/home/dp012/Desktop/gitmac/mako-pr/src/rrr/reactor/reactor.cc:297] 2025-12-04 12:05:59.728 | PollThreadWorker::poll_loop wait 8001
I [/home/dp012/Desktop/gitmac/mako-pr/src/rrr/reactor/reactor.cc:297] 2025-12-04 12:06:00.331 | PollThreadWorker::poll_loop wait 9001
I [/home/dp012/Desktop/gitmac/mako-pr/src/rrr/reactor/reactor.cc:297] 2025-12-04 12:06:00.899 | PollThreadWorker::poll_loop wait 10001
I [/home/dp012/Desktop/gitmac/mako-pr/src/rrr/reactor/reactor.cc:297] 2025-12-04 12:06:01.462 | PollThreadWorker::poll_loop wait 11001
I [/home/dp012/Desktop/gitmac/mako-pr/src/rrr/reactor/reactor.cc:297] 2025-12-04 12:06:02.025 | PollThreadWorker::poll_loop wait 12001
I [/home/dp012/Desktop/gitmac/mako-pr/src/rrr/reactor/reactor.cc:297] 2025-12-04 12:06:02.589 | PollThreadWorker::poll_loop wait 13001
I [/home/dp012/Desktop/gitmac/mako-pr/src/rrr/reactor/reactor.cc:297] 2025-12-04 12:06:03.156 | PollThreadWorker::poll_loop wait 14001
I [/home/dp012/Desktop/gitmac/mako-pr/src/rrr/reactor/reactor.cc:297] 2025-12-04 12:06:03.719 | PollThreadWorker::poll_loop wait 15001
I [/home/dp012/Desktop/gitmac/mako-pr/src/rrr/reactor/reactor.cc:297] 2025-12-04 12:06:04.286 | PollThreadWorker::poll_loop wait 16001
I [/home/dp012/Desktop/gitmac/mako-pr/src/rrr/reactor/reactor.cc:297] 2025-12-04 12:06:04.853 | PollThreadWorker::poll_loop wait 17001
I [/home/dp012/Desktop/gitmac/mako-pr/src/deptran/s_main.cc:128] 2025-12-04 12:06:05.049 | wait_for_clients: wait for client threads to exit.
I [/home/dp012/Desktop/gitmac/mako-pr/src/rrr/reactor/reactor.cc:297] 2025-12-04 12:06:05.409 | PollThreadWorker::poll_loop wait 18001
I [/home/dp012/Desktop/gitmac/mako-pr/src/rrr/reactor/reactor.cc:297] 2025-12-04 12:06:05.969 | PollThreadWorker::poll_loop wait 19001
I [/home/dp012/Desktop/gitmac/mako-pr/src/rrr/reactor/reactor.cc:297] 2025-12-04 12:06:06.534 | PollThreadWorker::poll_loop wait 20001
I [/home/dp012/Desktop/gitmac/mako-pr/src/rrr/reactor/reactor.cc:297] 2025-12-04 12:06:07.102 | PollThreadWorker::poll_loop wait 21001
I [/home/dp012/Desktop/gitmac/mako-pr/src/rrr/reactor/reactor.cc:297] 2025-12-04 12:06:07.684 | PollThreadWorker::poll_loop wait 22001
I [/home/dp012/Desktop/gitmac/mako-pr/src/rrr/reactor/reactor.cc:297] 2025-12-04 12:06:08.264 | PollThreadWorker::poll_loop wait 23001
I [/home/dp012/Desktop/gitmac/mako-pr/src/rrr/reactor/reactor.cc:297] 2025-12-04 12:06:08.852 | PollThreadWorker::poll_loop wait 24001
I [/home/dp012/Desktop/gitmac/mako-pr/src/rrr/reactor/reactor.cc:297] 2025-12-04 12:06:09.429 | PollThreadWorker::poll_loop wait 25001
I [/home/dp012/Desktop/gitmac/mako-pr/src/rrr/reactor/reactor.cc:297] 2025-12-04 12:06:10.030 | PollThreadWorker::poll_loop wait 26001
I [/home/dp012/Desktop/gitmac/mako-pr/src/rrr/reactor/reactor.cc:297] 2025-12-04 12:06:10.608 | PollThreadWorker::poll_loop wait 27001
I [/home/dp012/Desktop/gitmac/mako-pr/src/rrr/reactor/reactor.cc:297] 2025-12-04 12:06:11.180 | PollThreadWorker::poll_loop wait 28001
I [/home/dp012/Desktop/gitmac/mako-pr/src/rrr/reactor/reactor.cc:297] 2025-12-04 12:06:11.750 | PollThreadWorker::poll_loop wait 29001
I [/home/dp012/Desktop/gitmac/mako-pr/src/rrr/reactor/reactor.cc:297] 2025-12-04 12:06:12.325 | PollThreadWorker::poll_loop wait 30001
I [/home/dp012/Desktop/gitmac/mako-pr/src/rrr/reactor/reactor.cc:297] 2025-12-04 12:06:12.894 | PollThreadWorker::poll_loop wait 31001
I [/home/dp012/Desktop/gitmac/mako-pr/src/rrr/reactor/reactor.cc:297] 2025-12-04 12:06:13.462 | PollThreadWorker::poll_loop wait 32001
I [/home/dp012/Desktop/gitmac/mako-pr/src/rrr/reactor/reactor.cc:297] 2025-12-04 12:06:14.048 | PollThreadWorker::poll_loop wait 33001
I [/home/dp012/Desktop/gitmac/mako-pr/src/rrr/reactor/reactor.cc:297] 2025-12-04 12:06:14.626 | PollThreadWorker::poll_loop wait 34001
I [/home/dp012/Desktop/gitmac/mako-pr/src/rrr/reactor/reactor.cc:297] 2025-12-04 12:06:15.208 | PollThreadWorker::poll_loop wait 35001
I [/home/dp012/Desktop/gitmac/mako-pr/src/rrr/reactor/reactor.cc:297] 2025-12-04 12:06:15.775 | PollThreadWorker::poll_loop wait 36001
I [/home/dp012/Desktop/gitmac/mako-pr/src/rrr/reactor/reactor.cc:297] 2025-12-04 12:06:16.365 | PollThreadWorker::poll_loop wait 37001
I [/home/dp012/Desktop/gitmac/mako-pr/src/rrr/reactor/reactor.cc:297] 2025-12-04 12:06:16.962 | PollThreadWorker::poll_loop wait 38001
I [/home/dp012/Desktop/gitmac/mako-pr/src/rrr/reactor/reactor.cc:297] 2025-12-04 12:06:17.570 | PollThreadWorker::poll_loop wait 39001
I [/home/dp012/Desktop/gitmac/mako-pr/src/rrr/reactor/reactor.cc:297] 2025-12-04 12:06:18.164 | PollThreadWorker::poll_loop wait 40001
I [/home/dp012/Desktop/gitmac/mako-pr/src/rrr/reactor/reactor.cc:297] 2025-12-04 12:06:18.759 | PollThreadWorker::poll_loop wait 41001
I [/home/dp012/Desktop/gitmac/mako-pr/src/rrr/reactor/reactor.cc:297] 2025-12-04 12:06:19.329 | PollThreadWorker::poll_loop wait 42001
I [/home/dp012/Desktop/gitmac/mako-pr/src/rrr/reactor/reactor.cc:297] 2025-12-04 12:06:19.896 | PollThreadWorker::poll_loop wait 43001
I [/home/dp012/Desktop/gitmac/mako-pr/src/rrr/reactor/reactor.cc:297] 2025-12-04 12:06:20.462 | PollThreadWorker::poll_loop wait 44001
I [/home/dp012/Desktop/gitmac/mako-pr/src/rrr/reactor/reactor.cc:297] 2025-12-04 12:06:21.040 | PollThreadWorker::poll_loop wait 45001
I [/home/dp012/Desktop/gitmac/mako-pr/src/rrr/reactor/reactor.cc:297] 2025-12-04 12:06:21.608 | PollThreadWorker::poll_loop wait 46001
I [/home/dp012/Desktop/gitmac/mako-pr/src/rrr/reactor/reactor.cc:297] 2025-12-04 12:06:22.183 | PollThreadWorker::poll_loop wait 47001
I [/home/dp012/Desktop/gitmac/mako-pr/src/rrr/reactor/reactor.cc:297] 2025-12-04 12:06:22.752 | PollThreadWorker::poll_loop wait 48001
I [/home/dp012/Desktop/gitmac/mako-pr/src/rrr/reactor/reactor.cc:297] 2025-12-04 12:06:23.330 | PollThreadWorker::poll_loop wait 49001
I [/home/dp012/Desktop/gitmac/mako-pr/src/rrr/reactor/reactor.cc:297] 2025-12-04 12:06:23.896 | PollThreadWorker::poll_loop wait 50001
I [/home/dp012/Desktop/gitmac/mako-pr/src/rrr/reactor/reactor.cc:297] 2025-12-04 12:06:24.477 | PollThreadWorker::poll_loop wait 51001
I [/home/dp012/Desktop/gitmac/mako-pr/src/rrr/reactor/reactor.cc:297] 2025-12-04 12:06:25.053 | PollThreadWorker::poll_loop wait 52001
I [/home/dp012/Desktop/gitmac/mako-pr/src/rrr/reactor/reactor.cc:297] 2025-12-04 12:06:25.646 | PollThreadWorker::poll_loop wait 53001
I [/home/dp012/Desktop/gitmac/mako-pr/src/rrr/reactor/reactor.cc:297] 2025-12-04 12:06:26.216 | PollThreadWorker::poll_loop wait 54001
I [/home/dp012/Desktop/gitmac/mako-pr/src/rrr/reactor/reactor.cc:297] 2025-12-04 12:06:26.793 | PollThreadWorker::poll_loop wait 55001
I [/home/dp012/Desktop/gitmac/mako-pr/src/rrr/reactor/reactor.cc:297] 2025-12-04 12:06:27.373 | PollThreadWorker::poll_loop wait 56001
I [/home/dp012/Desktop/gitmac/mako-pr/src/rrr/reactor/reactor.cc:297] 2025-12-04 12:06:27.961 | PollThreadWorker::poll_loop wait 57001
I [/home/dp012/Desktop/gitmac/mako-pr/src/rrr/reactor/reactor.cc:297] 2025-12-04 12:06:28.566 | PollThreadWorker::poll_loop wait 58001
I [/home/dp012/Desktop/gitmac/mako-pr/src/rrr/reactor/reactor.cc:297] 2025-12-04 12:06:29.150 | PollThreadWorker::poll_loop wait 59001
I [/home/dp012/Desktop/gitmac/mako-pr/src/rrr/reactor/reactor.cc:297] 2025-12-04 12:06:29.731 | PollThreadWorker::poll_loop wait 60001
I [/home/dp012/Desktop/gitmac/mako-pr/src/rrr/reactor/reactor.cc:297] 2025-12-04 12:06:30.295 | PollThreadWorker::poll_loop wait 61001
I [/home/dp012/Desktop/gitmac/mako-pr/src/rrr/reactor/reactor.cc:297] 2025-12-04 12:06:30.861 | PollThreadWorker::poll_loop wait 62001
I [/home/dp012/Desktop/gitmac/mako-pr/src/rrr/reactor/reactor.cc:297] 2025-12-04 12:06:31.428 | PollThreadWorker::poll_loop wait 63001
I [/home/dp012/Desktop/gitmac/mako-pr/src/rrr/reactor/reactor.cc:297] 2025-12-04 12:06:32.016 | PollThreadWorker::poll_loop wait 64001
I [/home/dp012/Desktop/gitmac/mako-pr/src/rrr/reactor/reactor.cc:297] 2025-12-04 12:06:32.607 | PollThreadWorker::poll_loop wait 65001
I [/home/dp012/Desktop/gitmac/mako-pr/src/rrr/reactor/reactor.cc:297] 2025-12-04 12:06:33.185 | PollThreadWorker::poll_loop wait 66001
I [/home/dp012/Desktop/gitmac/mako-pr/src/rrr/reactor/reactor.cc:297] 2025-12-04 12:06:33.755 | PollThreadWorker::poll_loop wait 67001
I [/home/dp012/Desktop/gitmac/mako-pr/src/rrr/reactor/reactor.cc:297] 2025-12-04 12:06:34.359 | PollThreadWorker::poll_loop wait 68001
I [/home/dp012/Desktop/gitmac/mako-pr/src/rrr/reactor/reactor.cc:297] 2025-12-04 12:06:34.951 | PollThreadWorker::poll_loop wait 69001
I [/home/dp012/Desktop/gitmac/mako-pr/src/rrr/reactor/reactor.cc:297] 2025-12-04 12:06:35.537 | PollThreadWorker::poll_loop wait 70001
I [/home/dp012/Desktop/gitmac/mako-pr/src/rrr/reactor/reactor.cc:297] 2025-12-04 12:06:36.122 | PollThreadWorker::poll_loop wait 71001
I [/home/dp012/Desktop/gitmac/mako-pr/src/rrr/reactor/reactor.cc:297] 2025-12-04 12:06:36.693 | PollThreadWorker::poll_loop wait 72001
I [/home/dp012/Desktop/gitmac/mako-pr/src/rrr/reactor/reactor.cc:297] 2025-12-04 12:06:37.293 | PollThreadWorker::poll_loop wait 73001
I [/home/dp012/Desktop/gitmac/mako-pr/src/rrr/reactor/reactor.cc:297] 2025-12-04 12:06:37.880 | PollThreadWorker::poll_loop wait 74001
I [/home/dp012/Desktop/gitmac/mako-pr/src/rrr/reactor/reactor.cc:297] 2025-12-04 12:06:38.444 | PollThreadWorker::poll_loop wait 75001
I [/home/dp012/Desktop/gitmac/mako-pr/src/rrr/reactor/reactor.cc:297] 2025-12-04 12:06:39.010 | PollThreadWorker::poll_loop wait 76001
I [/home/dp012/Desktop/gitmac/mako-pr/src/rrr/reactor/reactor.cc:297] 2025-12-04 12:06:39.573 | PollThreadWorker::poll_loop wait 77001
I [/home/dp012/Desktop/gitmac/mako-pr/src/rrr/reactor/reactor.cc:297] 2025-12-04 12:06:40.142 | PollThreadWorker::poll_loop wait 78001
I [/home/dp012/Desktop/gitmac/mako-pr/src/rrr/reactor/reactor.cc:297] 2025-12-04 12:06:40.717 | PollThreadWorker::poll_loop wait 79001
I [/home/dp012/Desktop/gitmac/mako-pr/src/rrr/reactor/reactor.cc:297] 2025-12-04 12:06:41.297 | PollThreadWorker::poll_loop wait 80001
I [/home/dp012/Desktop/gitmac/mako-pr/src/rrr/reactor/reactor.cc:297] 2025-12-04 12:06:41.881 | PollThreadWorker::poll_loop wait 81001
I [/home/dp012/Desktop/gitmac/mako-pr/src/rrr/reactor/reactor.cc:297] 2025-12-04 12:06:42.465 | PollThreadWorker::poll_loop wait 82001
I [/home/dp012/Desktop/gitmac/mako-pr/src/rrr/reactor/reactor.cc:297] 2025-12-04 12:06:43.050 | PollThreadWorker::poll_loop wait 83001
I [/home/dp012/Desktop/gitmac/mako-pr/src/rrr/reactor/reactor.cc:297] 2025-12-04 12:06:43.633 | PollThreadWorker::poll_loop wait 84001
I [/home/dp012/Desktop/gitmac/mako-pr/src/rrr/reactor/reactor.cc:297] 2025-12-04 12:06:44.221 | PollThreadWorker::poll_loop wait 85001
I [/home/dp012/Desktop/gitmac/mako-pr/src/rrr/reactor/reactor.cc:297] 2025-12-04 12:06:44.813 | PollThreadWorker::poll_loop wait 86001
I [/home/dp012/Desktop/gitmac/mako-pr/src/rrr/reactor/reactor.cc:297] 2025-12-04 12:06:45.391 | PollThreadWorker::poll_loop wait 87001
I [/home/dp012/Desktop/gitmac/mako-pr/src/rrr/reactor/reactor.cc:297] 2025-12-04 12:06:45.978 | PollThreadWorker::poll_loop wait 88001
I [/home/dp012/Desktop/gitmac/mako-pr/src/rrr/reactor/reactor.cc:297] 2025-12-04 12:06:46.559 | PollThreadWorker::poll_loop wait 89001
I [/home/dp012/Desktop/gitmac/mako-pr/src/rrr/reactor/reactor.cc:297] 2025-12-04 12:06:47.130 | PollThreadWorker::poll_loop wait 90001
I [/home/dp012/Desktop/gitmac/mako-pr/src/rrr/reactor/reactor.cc:297] 2025-12-04 12:06:47.696 | PollThreadWorker::poll_loop wait 91001
I [/home/dp012/Desktop/gitmac/mako-pr/src/rrr/reactor/reactor.cc:297] 2025-12-04 12:06:48.262 | PollThreadWorker::poll_loop wait 92001
I [/home/dp012/Desktop/gitmac/mako-pr/src/rrr/reactor/reactor.cc:297] 2025-12-04 12:06:48.833 | PollThreadWorker::poll_loop wait 93001
I [/home/dp012/Desktop/gitmac/mako-pr/src/rrr/reactor/reactor.cc:297] 2025-12-04 12:06:49.420 | PollThreadWorker::poll_loop wait 94001
I [/home/dp012/Desktop/gitmac/mako-pr/src/rrr/reactor/reactor.cc:297] 2025-12-04 12:06:50.019 | PollThreadWorker::poll_loop wait 95001
I [/home/dp012/Desktop/gitmac/mako-pr/src/rrr/reactor/reactor.cc:297] 2025-12-04 12:06:50.592 | PollThreadWorker::poll_loop wait 96001
I [/home/dp012/Desktop/gitmac/mako-pr/src/rrr/reactor/reactor.cc:297] 2025-12-04 12:06:51.168 | PollThreadWorker::poll_loop wait 97001
I [/home/dp012/Desktop/gitmac/mako-pr/src/rrr/reactor/reactor.cc:297] 2025-12-04 12:06:51.753 | PollThreadWorker::poll_loop wait 98001
I [/home/dp012/Desktop/gitmac/mako-pr/src/rrr/reactor/reactor.cc:297] 2025-12-04 12:06:52.342 | PollThreadWorker::poll_loop wait 99001
I [/home/dp012/Desktop/gitmac/mako-pr/src/rrr/reactor/reactor.cc:297] 2025-12-04 12:06:52.929 | PollThreadWorker::poll_loop wait 100001
I [/home/dp012/Desktop/gitmac/mako-pr/src/rrr/reactor/reactor.cc:297] 2025-12-04 12:06:53.512 | PollThreadWorker::poll_loop wait 101001
I [/home/dp012/Desktop/gitmac/mako-pr/src/rrr/reactor/reactor.cc:297] 2025-12-04 12:06:54.097 | PollThreadWorker::poll_loop wait 102001
I [/home/dp012/Desktop/gitmac/mako-pr/src/rrr/reactor/reactor.cc:297] 2025-12-04 12:06:54.673 | PollThreadWorker::poll_loop wait 103001
I [/home/dp012/Desktop/gitmac/mako-pr/src/rrr/reactor/reactor.cc:297] 2025-12-04 12:06:55.247 | PollThreadWorker::poll_loop wait 104001
I [/home/dp012/Desktop/gitmac/mako-pr/src/rrr/reactor/reactor.cc:297] 2025-12-04 12:06:55.806 | PollThreadWorker::poll_loop wait 105001
I [/home/dp012/Desktop/gitmac/mako-pr/src/rrr/reactor/reactor.cc:297] 2025-12-04 12:06:56.369 | PollThreadWorker::poll_loop wait 106001
I [/home/dp012/Desktop/gitmac/mako-pr/src/rrr/reactor/reactor.cc:297] 2025-12-04 12:06:56.934 | PollThreadWorker::poll_loop wait 107001
I [/home/dp012/Desktop/gitmac/mako-pr/src/rrr/reactor/reactor.cc:297] 2025-12-04 12:06:57.501 | PollThreadWorker::poll_loop wait 108001
I [/home/dp012/Desktop/gitmac/mako-pr/src/rrr/reactor/reactor.cc:297] 2025-12-04 12:06:58.061 | PollThreadWorker::poll_loop wait 109001
I [/home/dp012/Desktop/gitmac/mako-pr/src/rrr/reactor/reactor.cc:297] 2025-12-04 12:06:58.622 | PollThreadWorker::poll_loop wait 110001
I [/home/dp012/Desktop/gitmac/mako-pr/src/rrr/reactor/reactor.cc:297] 2025-12-04 12:06:59.180 | PollThreadWorker::poll_loop wait 111001
I [/home/dp012/Desktop/gitmac/mako-pr/src/rrr/reactor/reactor.cc:297] 2025-12-04 12:06:59.743 | PollThreadWorker::poll_loop wait 112001
I [/home/dp012/Desktop/gitmac/mako-pr/src/rrr/reactor/reactor.cc:297] 2025-12-04 12:07:00.312 | PollThreadWorker::poll_loop wait 113001
I [/home/dp012/Desktop/gitmac/mako-pr/src/rrr/reactor/reactor.cc:297] 2025-12-04 12:07:00.909 | PollThreadWorker::poll_loop wait 114001
I [/home/dp012/Desktop/gitmac/mako-pr/src/rrr/reactor/reactor.cc:297] 2025-12-04 12:07:01.495 | PollThreadWorker::poll_loop wait 115001
I [/home/dp012/Desktop/gitmac/mako-pr/src/rrr/reactor/reactor.cc:297] 2025-12-04 12:07:02.084 | PollThreadWorker::poll_loop wait 116001
I [/home/dp012/Desktop/gitmac/mako-pr/src/rrr/reactor/reactor.cc:297] 2025-12-04 12:07:02.680 | PollThreadWorker::poll_loop wait 117001
I [/home/dp012/Desktop/gitmac/mako-pr/src/rrr/reactor/reactor.cc:297] 2025-12-04 12:07:03.255 | PollThreadWorker::poll_loop wait 118001
I [/home/dp012/Desktop/gitmac/mako-pr/src/rrr/reactor/reactor.cc:297] 2025-12-04 12:07:03.856 | PollThreadWorker::poll_loop wait 119001
I [/home/dp012/Desktop/gitmac/mako-pr/src/rrr/reactor/reactor.cc:297] 2025-12-04 12:07:04.440 | PollThreadWorker::poll_loop wait 120001
I [/home/dp012/Desktop/gitmac/mako-pr/src/rrr/reactor/reactor.cc:297] 2025-12-04 12:07:05.012 | PollThreadWorker::poll_loop wait 121001
I [/home/dp012/Desktop/gitmac/mako-pr/src/rrr/reactor/reactor.cc:297] 2025-12-04 12:07:05.591 | PollThreadWorker::poll_loop wait 122001
I [/home/dp012/Desktop/gitmac/mako-pr/src/rrr/reactor/reactor.cc:297] 2025-12-04 12:07:06.181 | PollThreadWorker::poll_loop wait 123001
I [/home/dp012/Desktop/gitmac/mako-pr/src/rrr/reactor/reactor.cc:297] 2025-12-04 12:07:06.763 | PollThreadWorker::poll_loop wait 124001
I [/home/dp012/Desktop/gitmac/mako-pr/src/rrr/reactor/reactor.cc:297] 2025-12-04 12:07:07.353 | PollThreadWorker::poll_loop wait 125001
I [/home/dp012/Desktop/gitmac/mako-pr/src/rrr/reactor/reactor.cc:297] 2025-12-04 12:07:07.924 | PollThreadWorker::poll_loop wait 126001
I [/home/dp012/Desktop/gitmac/mako-pr/src/rrr/reactor/reactor.cc:297] 2025-12-04 12:07:08.497 | PollThreadWorker::poll_loop wait 127001
I [/home/dp012/Desktop/gitmac/mako-pr/src/rrr/reactor/reactor.cc:297] 2025-12-04 12:07:09.092 | PollThreadWorker::poll_loop wait 128001
I [/home/dp012/Desktop/gitmac/mako-pr/src/rrr/reactor/reactor.cc:297] 2025-12-04 12:07:09.687 | PollThreadWorker::poll_loop wait 129001
I [/home/dp012/Desktop/gitmac/mako-pr/src/rrr/reactor/reactor.cc:297] 2025-12-04 12:07:10.277 | PollThreadWorker::poll_loop wait 130001
I [/home/dp012/Desktop/gitmac/mako-pr/src/rrr/reactor/reactor.cc:297] 2025-12-04 12:07:10.871 | PollThreadWorker::poll_loop wait 131001
I [/home/dp012/Desktop/gitmac/mako-pr/src/rrr/reactor/reactor.cc:297] 2025-12-04 12:07:11.480 | PollThreadWorker::poll_loop wait 132001
I [/home/dp012/Desktop/gitmac/mako-pr/src/rrr/reactor/reactor.cc:297] 2025-12-04 12:07:12.074 | PollThreadWorker::poll_loop wait 133001
I [/home/dp012/Desktop/gitmac/mako-pr/src/rrr/reactor/reactor.cc:297] 2025-12-04 12:07:12.647 | PollThreadWorker::poll_loop wait 134001
I [/home/dp012/Desktop/gitmac/mako-pr/src/rrr/reactor/reactor.cc:297] 2025-12-04 12:07:13.222 | PollThreadWorker::poll_loop wait 135001
I [/home/dp012/Desktop/gitmac/mako-pr/src/rrr/reactor/reactor.cc:297] 2025-12-04 12:07:13.795 | PollThreadWorker::poll_loop wait 136001
I [/home/dp012/Desktop/gitmac/mako-pr/src/rrr/reactor/reactor.cc:297] 2025-12-04 12:07:14.369 | PollThreadWorker::poll_loop wait 137001
I [/home/dp012/Desktop/gitmac/mako-pr/src/rrr/reactor/reactor.cc:297] 2025-12-04 12:07:14.949 | PollThreadWorker::poll_loop wait 138001
I [/home/dp012/Desktop/gitmac/mako-pr/src/rrr/reactor/reactor.cc:297] 2025-12-04 12:07:15.533 | PollThreadWorker::poll_loop wait 139001
I [/home/dp012/Desktop/gitmac/mako-pr/src/rrr/reactor/reactor.cc:297] 2025-12-04 12:07:16.109 | PollThreadWorker::poll_loop wait 140001
I [/home/dp012/Desktop/gitmac/mako-pr/src/rrr/reactor/reactor.cc:297] 2025-12-04 12:07:16.691 | PollThreadWorker::poll_loop wait 141001
I [/home/dp012/Desktop/gitmac/mako-pr/src/rrr/reactor/reactor.cc:297] 2025-12-04 12:07:17.273 | PollThreadWorker::poll_loop wait 142001
I [/home/dp012/Desktop/gitmac/mako-pr/src/rrr/reactor/reactor.cc:297] 2025-12-04 12:07:17.838 | PollThreadWorker::poll_loop wait 143001
I [/home/dp012/Desktop/gitmac/mako-pr/src/rrr/reactor/reactor.cc:297] 2025-12-04 12:07:18.396 | PollThreadWorker::poll_loop wait 144001
I [/home/dp012/Desktop/gitmac/mako-pr/src/rrr/reactor/reactor.cc:297] 2025-12-04 12:07:18.962 | PollThreadWorker::poll_loop wait 145001
I [/home/dp012/Desktop/gitmac/mako-pr/src/rrr/reactor/reactor.cc:297] 2025-12-04 12:07:19.528 | PollThreadWorker::poll_loop wait 146001
I [/home/dp012/Desktop/gitmac/mako-pr/src/rrr/reactor/reactor.cc:297] 2025-12-04 12:07:20.089 | PollThreadWorker::poll_loop wait 147001
I [/home/dp012/Desktop/gitmac/mako-pr/src/rrr/reactor/reactor.cc:297] 2025-12-04 12:07:20.656 | PollThreadWorker::poll_loop wait 148001
I [/home/dp012/Desktop/gitmac/mako-pr/src/rrr/reactor/reactor.cc:297] 2025-12-04 12:07:21.219 | PollThreadWorker::poll_loop wait 149001
I [/home/dp012/Desktop/gitmac/mako-pr/src/rrr/reactor/reactor.cc:297] 2025-12-04 12:07:21.786 | PollThreadWorker::poll_loop wait 150001
I [/home/dp012/Desktop/gitmac/mako-pr/src/rrr/reactor/reactor.cc:297] 2025-12-04 12:07:22.359 | PollThreadWorker::poll_loop wait 151001
I [/home/dp012/Desktop/gitmac/mako-pr/src/rrr/reactor/reactor.cc:297] 2025-12-04 12:07:22.927 | PollThreadWorker::poll_loop wait 152001
I [/home/dp012/Desktop/gitmac/mako-pr/src/rrr/reactor/reactor.cc:297] 2025-12-04 12:07:23.483 | PollThreadWorker::poll_loop wait 153001
I [/home/dp012/Desktop/gitmac/mako-pr/src/rrr/reactor/reactor.cc:297] 2025-12-04 12:07:24.045 | PollThreadWorker::poll_loop wait 154001
I [/home/dp012/Desktop/gitmac/mako-pr/src/rrr/reactor/reactor.cc:297] 2025-12-04 12:07:24.604 | PollThreadWorker::poll_loop wait 155001
I [/home/dp012/Desktop/gitmac/mako-pr/src/rrr/reactor/reactor.cc:297] 2025-12-04 12:07:25.169 | PollThreadWorker::poll_loop wait 156001
I [/home/dp012/Desktop/gitmac/mako-pr/src/rrr/reactor/reactor.cc:297] 2025-12-04 12:07:25.734 | PollThreadWorker::poll_loop wait 157001
I [/home/dp012/Desktop/gitmac/mako-pr/src/rrr/reactor/reactor.cc:297] 2025-12-04 12:07:26.298 | PollThreadWorker::poll_loop wait 158001
I [/home/dp012/Desktop/gitmac/mako-pr/src/rrr/reactor/reactor.cc:297] 2025-12-04 12:07:26.868 | PollThreadWorker::poll_loop wait 159001
I [/home/dp012/Desktop/gitmac/mako-pr/src/rrr/reactor/reactor.cc:297] 2025-12-04 12:07:27.432 | PollThreadWorker::poll_loop wait 160001
I [/home/dp012/Desktop/gitmac/mako-pr/src/rrr/reactor/reactor.cc:297] 2025-12-04 12:07:27.998 | PollThreadWorker::poll_loop wait 161001
I [/home/dp012/Desktop/gitmac/mako-pr/src/rrr/reactor/reactor.cc:297] 2025-12-04 12:07:28.566 | PollThreadWorker::poll_loop wait 162001
I [/home/dp012/Desktop/gitmac/mako-pr/src/rrr/reactor/reactor.cc:297] 2025-12-04 12:07:29.147 | PollThreadWorker::poll_loop wait 163001
I [/home/dp012/Desktop/gitmac/mako-pr/src/rrr/reactor/reactor.cc:297] 2025-12-04 12:07:29.721 | PollThreadWorker::poll_loop wait 164001
I [/home/dp012/Desktop/gitmac/mako-pr/src/rrr/reactor/reactor.cc:297] 2025-12-04 12:07:30.288 | PollThreadWorker::poll_loop wait 165001
I [/home/dp012/Desktop/gitmac/mako-pr/src/rrr/reactor/reactor.cc:297] 2025-12-04 12:07:30.860 | PollThreadWorker::poll_loop wait 166001
I [/home/dp012/Desktop/gitmac/mako-pr/src/rrr/reactor/reactor.cc:297] 2025-12-04 12:07:31.444 | PollThreadWorker::poll_loop wait 167001
I [/home/dp012/Desktop/gitmac/mako-pr/src/rrr/reactor/reactor.cc:297] 2025-12-04 12:07:32.045 | PollThreadWorker::poll_loop wait 168001
I [/home/dp012/Desktop/gitmac/mako-pr/src/rrr/reactor/reactor.cc:297] 2025-12-04 12:07:32.628 | PollThreadWorker::poll_loop wait 169001
I [/home/dp012/Desktop/gitmac/mako-pr/src/rrr/reactor/reactor.cc:297] 2025-12-04 12:07:33.206 | PollThreadWorker::poll_loop wait 170001
I [/home/dp012/Desktop/gitmac/mako-pr/src/rrr/reactor/reactor.cc:297] 2025-12-04 12:07:33.785 | PollThreadWorker::poll_loop wait 171001
I [/home/dp012/Desktop/gitmac/mako-pr/src/rrr/reactor/reactor.cc:297] 2025-12-04 12:07:34.381 | PollThreadWorker::poll_loop wait 172001
I [/home/dp012/Desktop/gitmac/mako-pr/src/rrr/reactor/reactor.cc:297] 2025-12-04 12:07:34.942 | PollThreadWorker::poll_loop wait 173001
I [/home/dp012/Desktop/gitmac/mako-pr/src/rrr/reactor/reactor.cc:297] 2025-12-04 12:07:35.497 | PollThreadWorker::poll_loop wait 174001
I [/home/dp012/Desktop/gitmac/mako-pr/src/rrr/reactor/reactor.cc:297] 2025-12-04 12:07:36.058 | PollThreadWorker::poll_loop wait 175001
I [/home/dp012/Desktop/gitmac/mako-pr/src/rrr/reactor/reactor.cc:297] 2025-12-04 12:07:36.623 | PollThreadWorker::poll_loop wait 176001
I [/home/dp012/Desktop/gitmac/mako-pr/src/rrr/reactor/reactor.cc:297] 2025-12-04 12:07:37.182 | PollThreadWorker::poll_loop wait 177001
I [/home/dp012/Desktop/gitmac/mako-pr/src/rrr/reactor/reactor.cc:297] 2025-12-04 12:07:37.754 | PollThreadWorker::poll_loop wait 178001
I [/home/dp012/Desktop/gitmac/mako-pr/src/rrr/reactor/reactor.cc:297] 2025-12-04 12:07:38.331 | PollThreadWorker::poll_loop wait 179001
I [/home/dp012/Desktop/gitmac/mako-pr/src/rrr/reactor/reactor.cc:297] 2025-12-04 12:07:38.932 | PollThreadWorker::poll_loop wait 180001
I [/home/dp012/Desktop/gitmac/mako-pr/src/rrr/reactor/reactor.cc:297] 2025-12-04 12:07:39.515 | PollThreadWorker::poll_loop wait 181001
I [/home/dp012/Desktop/gitmac/mako-pr/src/rrr/reactor/reactor.cc:297] 2025-12-04 12:07:40.084 | PollThreadWorker::poll_loop wait 182001
I [/home/dp012/Desktop/gitmac/mako-pr/src/rrr/reactor/reactor.cc:297] 2025-12-04 12:07:40.668 | PollThreadWorker::poll_loop wait 183001
I [/home/dp012/Desktop/gitmac/mako-pr/src/rrr/reactor/reactor.cc:297] 2025-12-04 12:07:41.238 | PollThreadWorker::poll_loop wait 184001
I [/home/dp012/Desktop/gitmac/mako-pr/src/rrr/reactor/reactor.cc:297] 2025-12-04 12:07:41.818 | PollThreadWorker::poll_loop wait 185001
I [/home/dp012/Desktop/gitmac/mako-pr/src/rrr/reactor/reactor.cc:297] 2025-12-04 12:07:42.391 | PollThreadWorker::poll_loop wait 186001
I [/home/dp012/Desktop/gitmac/mako-pr/src/rrr/reactor/reactor.cc:297] 2025-12-04 12:07:42.957 | PollThreadWorker::poll_loop wait 187001
I [/home/dp012/Desktop/gitmac/mako-pr/src/rrr/reactor/reactor.cc:297] 2025-12-04 12:07:43.543 | PollThreadWorker::poll_loop wait 188001
I [/home/dp012/Desktop/gitmac/mako-pr/src/rrr/reactor/reactor.cc:297] 2025-12-04 12:07:44.109 | PollThreadWorker::poll_loop wait 189001
I [/home/dp012/Desktop/gitmac/mako-pr/src/rrr/reactor/reactor.cc:297] 2025-12-04 12:07:44.677 | PollThreadWorker::poll_loop wait 190001
I [/home/dp012/Desktop/gitmac/mako-pr/src/rrr/reactor/reactor.cc:297] 2025-12-04 12:07:45.242 | PollThreadWorker::poll_loop wait 191001
I [/home/dp012/Desktop/gitmac/mako-pr/src/rrr/reactor/reactor.cc:297] 2025-12-04 12:07:45.807 | PollThreadWorker::poll_loop wait 192001
I [/home/dp012/Desktop/gitmac/mako-pr/src/rrr/reactor/reactor.cc:297] 2025-12-04 12:07:46.369 | PollThreadWorker::poll_loop wait 193001
I [/home/dp012/Desktop/gitmac/mako-pr/src/rrr/reactor/reactor.cc:297] 2025-12-04 12:07:46.934 | PollThreadWorker::poll_loop wait 194001
I [/home/dp012/Desktop/gitmac/mako-pr/src/rrr/reactor/reactor.cc:297] 2025-12-04 12:07:47.501 | PollThreadWorker::poll_loop wait 195001
I [/home/dp012/Desktop/gitmac/mako-pr/src/rrr/reactor/reactor.cc:297] 2025-12-04 12:07:48.074 | PollThreadWorker::poll_loop wait 196001
I [/home/dp012/Desktop/gitmac/mako-pr/src/rrr/reactor/reactor.cc:297] 2025-12-04 12:07:48.640 | PollThreadWorker::poll_loop wait 197001
I [/home/dp012/Desktop/gitmac/mako-pr/src/rrr/reactor/reactor.cc:297] 2025-12-04 12:07:49.222 | PollThreadWorker::poll_loop wait 198001
I [/home/dp012/Desktop/gitmac/mako-pr/src/rrr/reactor/reactor.cc:297] 2025-12-04 12:07:49.785 | PollThreadWorker::poll_loop wait 199001
I [/home/dp012/Desktop/gitmac/mako-pr/src/rrr/reactor/reactor.cc:297] 2025-12-04 12:07:50.360 | PollThreadWorker::poll_loop wait 200001
I [/home/dp012/Desktop/gitmac/mako-pr/src/rrr/reactor/reactor.cc:297] 2025-12-04 12:07:50.937 | PollThreadWorker::poll_loop wait 201001
I [/home/dp012/Desktop/gitmac/mako-pr/src/rrr/reactor/reactor.cc:297] 2025-12-04 12:07:51.513 | PollThreadWorker::poll_loop wait 202001
I [/home/dp012/Desktop/gitmac/mako-pr/src/rrr/reactor/reactor.cc:297] 2025-12-04 12:07:52.095 | PollThreadWorker::poll_loop wait 203001
I [/home/dp012/Desktop/gitmac/mako-pr/src/rrr/reactor/reactor.cc:297] 2025-12-04 12:07:52.664 | PollThreadWorker::poll_loop wait 204001
I [/home/dp012/Desktop/gitmac/mako-pr/src/rrr/reactor/reactor.cc:297] 2025-12-04 12:07:53.243 | PollThreadWorker::poll_loop wait 205001
I [/home/dp012/Desktop/gitmac/mako-pr/src/rrr/reactor/reactor.cc:297] 2025-12-04 12:07:53.815 | PollThreadWorker::poll_loop wait 206001
I [/home/dp012/Desktop/gitmac/mako-pr/src/rrr/reactor/reactor.cc:297] 2025-12-04 12:07:54.373 | PollThreadWorker::poll_loop wait 207001
I [/home/dp012/Desktop/gitmac/mako-pr/src/rrr/reactor/reactor.cc:297] 2025-12-04 12:07:54.928 | PollThreadWorker::poll_loop wait 208001
I [/home/dp012/Desktop/gitmac/mako-pr/src/rrr/reactor/reactor.cc:297] 2025-12-04 12:07:55.485 | PollThreadWorker::poll_loop wait 209001
I [/home/dp012/Desktop/gitmac/mako-pr/src/rrr/reactor/reactor.cc:297] 2025-12-04 12:07:56.044 | PollThreadWorker::poll_loop wait 210001
I [/home/dp012/Desktop/gitmac/mako-pr/src/rrr/reactor/reactor.cc:297] 2025-12-04 12:07:56.605 | PollThreadWorker::poll_loop wait 211001
I [/home/dp012/Desktop/gitmac/mako-pr/src/rrr/reactor/reactor.cc:297] 2025-12-04 12:07:57.167 | PollThreadWorker::poll_loop wait 212001
I [/home/dp012/Desktop/gitmac/mako-pr/src/rrr/reactor/reactor.cc:297] 2025-12-04 12:07:57.727 | PollThreadWorker::poll_loop wait 213001
I [/home/dp012/Desktop/gitmac/mako-pr/src/rrr/reactor/reactor.cc:297] 2025-12-04 12:07:58.289 | PollThreadWorker::poll_loop wait 214001
I [/home/dp012/Desktop/gitmac/mako-pr/src/rrr/reactor/reactor.cc:297] 2025-12-04 12:07:58.849 | PollThreadWorker::poll_loop wait 215001
I [/home/dp012/Desktop/gitmac/mako-pr/src/rrr/reactor/reactor.cc:297] 2025-12-04 12:07:59.413 | PollThreadWorker::poll_loop wait 216001
I [/home/dp012/Desktop/gitmac/mako-pr/src/rrr/reactor/reactor.cc:297] 2025-12-04 12:07:59.993 | PollThreadWorker::poll_loop wait 217001
I [/home/dp012/Desktop/gitmac/mako-pr/src/rrr/reactor/reactor.cc:297] 2025-12-04 12:08:00.576 | PollThreadWorker::poll_loop wait 218001
I [/home/dp012/Desktop/gitmac/mako-pr/src/rrr/reactor/reactor.cc:297] 2025-12-04 12:08:01.161 | PollThreadWorker::poll_loop wait 219001
I [/home/dp012/Desktop/gitmac/mako-pr/src/rrr/reactor/reactor.cc:297] 2025-12-04 12:08:01.763 | PollThreadWorker::poll_loop wait 220001
I [/home/dp012/Desktop/gitmac/mako-pr/src/rrr/reactor/reactor.cc:297] 2025-12-04 12:08:02.341 | PollThreadWorker::poll_loop wait 221001
I [/home/dp012/Desktop/gitmac/mako-pr/src/rrr/reactor/reactor.cc:297] 2025-12-04 12:08:02.906 | PollThreadWorker::poll_loop wait 222001
I [/home/dp012/Desktop/gitmac/mako-pr/src/rrr/reactor/reactor.cc:297] 2025-12-04 12:08:03.484 | PollThreadWorker::poll_loop wait 223001
I [/home/dp012/Desktop/gitmac/mako-pr/src/rrr/reactor/reactor.cc:297] 2025-12-04 12:08:04.068 | PollThreadWorker::poll_loop wait 224001
I [/home/dp012/Desktop/gitmac/mako-pr/src/rrr/reactor/reactor.cc:297] 2025-12-04 12:08:04.642 | PollThreadWorker::poll_loop wait 225001
I [/home/dp012/Desktop/gitmac/mako-pr/src/rrr/reactor/reactor.cc:297] 2025-12-04 12:08:05.215 | PollThreadWorker::poll_loop wait 226001
I [/home/dp012/Desktop/gitmac/mako-pr/src/rrr/reactor/reactor.cc:297] 2025-12-04 12:08:05.821 | PollThreadWorker::poll_loop wait 227001
I [/home/dp012/Desktop/gitmac/mako-pr/src/rrr/reactor/reactor.cc:297] 2025-12-04 12:08:06.405 | PollThreadWorker::poll_loop wait 228001
I [/home/dp012/Desktop/gitmac/mako-pr/src/rrr/reactor/reactor.cc:297] 2025-12-04 12:08:07.008 | PollThreadWorker::poll_loop wait 229001
I [/home/dp012/Desktop/gitmac/mako-pr/src/rrr/reactor/reactor.cc:297] 2025-12-04 12:08:07.598 | PollThreadWorker::poll_loop wait 230001
I [/home/dp012/Desktop/gitmac/mako-pr/src/rrr/reactor/reactor.cc:297] 2025-12-04 12:08:08.160 | PollThreadWorker::poll_loop wait 231001
I [/home/dp012/Desktop/gitmac/mako-pr/src/rrr/reactor/reactor.cc:297] 2025-12-04 12:08:08.746 | PollThreadWorker::poll_loop wait 232001
I [/home/dp012/Desktop/gitmac/mako-pr/src/rrr/reactor/reactor.cc:297] 2025-12-04 12:08:09.305 | PollThreadWorker::poll_loop wait 233001
I [/home/dp012/Desktop/gitmac/mako-pr/src/rrr/reactor/reactor.cc:297] 2025-12-04 12:08:09.875 | PollThreadWorker::poll_loop wait 234001
I [/home/dp012/Desktop/gitmac/mako-pr/src/rrr/reactor/reactor.cc:297] 2025-12-04 12:08:10.470 | PollThreadWorker::poll_loop wait 235001
I [/home/dp012/Desktop/gitmac/mako-pr/src/rrr/reactor/reactor.cc:297] 2025-12-04 12:08:11.053 | PollThreadWorker::poll_loop wait 236001
I [/home/dp012/Desktop/gitmac/mako-pr/src/rrr/reactor/reactor.cc:297] 2025-12-04 12:08:11.665 | PollThreadWorker::poll_loop wait 237001
I [/home/dp012/Desktop/gitmac/mako-pr/src/rrr/reactor/reactor.cc:297] 2025-12-04 12:08:12.237 | PollThreadWorker::poll_loop wait 238001
I [/home/dp012/Desktop/gitmac/mako-pr/src/rrr/reactor/reactor.cc:297] 2025-12-04 12:08:12.838 | PollThreadWorker::poll_loop wait 239001
I [/home/dp012/Desktop/gitmac/mako-pr/src/rrr/reactor/reactor.cc:297] 2025-12-04 12:08:13.437 | PollThreadWorker::poll_loop wait 240001
I [/home/dp012/Desktop/gitmac/mako-pr/src/rrr/reactor/reactor.cc:297] 2025-12-04 12:08:14.040 | PollThreadWorker::poll_loop wait 241001
I [/home/dp012/Desktop/gitmac/mako-pr/src/rrr/reactor/reactor.cc:297] 2025-12-04 12:08:14.622 | PollThreadWorker::poll_loop wait 242001
I [/home/dp012/Desktop/gitmac/mako-pr/src/rrr/reactor/reactor.cc:297] 2025-12-04 12:08:15.187 | PollThreadWorker::poll_loop wait 243001
I [/home/dp012/Desktop/gitmac/mako-pr/src/rrr/reactor/reactor.cc:297] 2025-12-04 12:08:15.761 | PollThreadWorker::poll_loop wait 244001
I [/home/dp012/Desktop/gitmac/mako-pr/src/rrr/reactor/reactor.cc:297] 2025-12-04 12:08:16.329 | PollThreadWorker::poll_loop wait 245001
I [/home/dp012/Desktop/gitmac/mako-pr/src/rrr/reactor/reactor.cc:297] 2025-12-04 12:08:16.896 | PollThreadWorker::poll_loop wait 246001
I [/home/dp012/Desktop/gitmac/mako-pr/src/rrr/reactor/reactor.cc:297] 2025-12-04 12:08:17.471 | PollThreadWorker::poll_loop wait 247001
I [/home/dp012/Desktop/gitmac/mako-pr/src/rrr/reactor/reactor.cc:297] 2025-12-04 12:08:18.046 | PollThreadWorker::poll_loop wait 248001
I [/home/dp012/Desktop/gitmac/mako-pr/src/rrr/reactor/reactor.cc:297] 2025-12-04 12:08:18.642 | PollThreadWorker::poll_loop wait 249001
I [/home/dp012/Desktop/gitmac/mako-pr/src/rrr/reactor/reactor.cc:297] 2025-12-04 12:08:19.201 | PollThreadWorker::poll_loop wait 250001
I [/home/dp012/Desktop/gitmac/mako-pr/src/rrr/reactor/reactor.cc:297] 2025-12-04 12:08:19.766 | PollThreadWorker::poll_loop wait 251001
I [/home/dp012/Desktop/gitmac/mako-pr/src/rrr/reactor/reactor.cc:297] 2025-12-04 12:08:20.325 | PollThreadWorker::poll_loop wait 252001
I [/home/dp012/Desktop/gitmac/mako-pr/src/rrr/reactor/reactor.cc:297] 2025-12-04 12:08:20.893 | PollThreadWorker::poll_loop wait 253001
I [/home/dp012/Desktop/gitmac/mako-pr/src/rrr/reactor/reactor.cc:297] 2025-12-04 12:08:21.472 | PollThreadWorker::poll_loop wait 254001
I [/home/dp012/Desktop/gitmac/mako-pr/src/rrr/reactor/reactor.cc:297] 2025-12-04 12:08:22.046 | PollThreadWorker::poll_loop wait 255001
I [/home/dp012/Desktop/gitmac/mako-pr/src/rrr/reactor/reactor.cc:297] 2025-12-04 12:08:22.627 | PollThreadWorker::poll_loop wait 256001
I [/home/dp012/Desktop/gitmac/mako-pr/src/rrr/reactor/reactor.cc:297] 2025-12-04 12:08:23.216 | PollThreadWorker::poll_loop wait 257001
I [/home/dp012/Desktop/gitmac/mako-pr/src/rrr/reactor/reactor.cc:297] 2025-12-04 12:08:23.792 | PollThreadWorker::poll_loop wait 258001
I [/home/dp012/Desktop/gitmac/mako-pr/src/rrr/reactor/reactor.cc:297] 2025-12-04 12:08:24.394 | PollThreadWorker::poll_loop wait 259001
I [/home/dp012/Desktop/gitmac/mako-pr/src/rrr/reactor/reactor.cc:297] 2025-12-04 12:08:24.987 | PollThreadWorker::poll_loop wait 260001
I [/home/dp012/Desktop/gitmac/mako-pr/src/rrr/reactor/reactor.cc:297] 2025-12-04 12:08:25.577 | PollThreadWorker::poll_loop wait 261001
I [/home/dp012/Desktop/gitmac/mako-pr/src/rrr/reactor/reactor.cc:297] 2025-12-04 12:08:26.179 | PollThreadWorker::poll_loop wait 262001
I [/home/dp012/Desktop/gitmac/mako-pr/src/rrr/reactor/reactor.cc:297] 2025-12-04 12:08:26.761 | PollThreadWorker::poll_loop wait 263001
I [/home/dp012/Desktop/gitmac/mako-pr/src/rrr/reactor/reactor.cc:297] 2025-12-04 12:08:27.354 | PollThreadWorker::poll_loop wait 264001
I [/home/dp012/Desktop/gitmac/mako-pr/src/rrr/reactor/reactor.cc:297] 2025-12-04 12:08:27.960 | PollThreadWorker::poll_loop wait 265001
I [/home/dp012/Desktop/gitmac/mako-pr/src/rrr/reactor/reactor.cc:297] 2025-12-04 12:08:28.557 | PollThreadWorker::poll_loop wait 266001
I [/home/dp012/Desktop/gitmac/mako-pr/src/rrr/reactor/reactor.cc:297] 2025-12-04 12:08:29.155 | PollThreadWorker::poll_loop wait 267001
I [/home/dp012/Desktop/gitmac/mako-pr/src/rrr/reactor/reactor.cc:297] 2025-12-04 12:08:29.746 | PollThreadWorker::poll_loop wait 268001
I [/home/dp012/Desktop/gitmac/mako-pr/src/rrr/reactor/reactor.cc:297] 2025-12-04 12:08:30.330 | PollThreadWorker::poll_loop wait 269001
I [/home/dp012/Desktop/gitmac/mako-pr/src/rrr/reactor/reactor.cc:297] 2025-12-04 12:08:30.903 | PollThreadWorker::poll_loop wait 270001
I [/home/dp012/Desktop/gitmac/mako-pr/src/rrr/reactor/reactor.cc:297] 2025-12-04 12:08:31.495 | PollThreadWorker::poll_loop wait 271001
I [/home/dp012/Desktop/gitmac/mako-pr/src/rrr/reactor/reactor.cc:297] 2025-12-04 12:08:32.086 | PollThreadWorker::poll_loop wait 272001
I [/home/dp012/Desktop/gitmac/mako-pr/src/rrr/reactor/reactor.cc:297] 2025-12-04 12:08:32.666 | PollThreadWorker::poll_loop wait 273001
I [/home/dp012/Desktop/gitmac/mako-pr/src/rrr/reactor/reactor.cc:297] 2025-12-04 12:08:33.232 | PollThreadWorker::poll_loop wait 274001
I [/home/dp012/Desktop/gitmac/mako-pr/src/rrr/reactor/reactor.cc:297] 2025-12-04 12:08:33.796 | PollThreadWorker::poll_loop wait 275001
I [/home/dp012/Desktop/gitmac/mako-pr/src/rrr/reactor/reactor.cc:297] 2025-12-04 12:08:34.366 | PollThreadWorker::poll_loop wait 276001
I [/home/dp012/Desktop/gitmac/mako-pr/src/rrr/reactor/reactor.cc:297] 2025-12-04 12:08:34.939 | PollThreadWorker::poll_loop wait 277001
I [/home/dp012/Desktop/gitmac/mako-pr/src/rrr/reactor/reactor.cc:297] 2025-12-04 12:08:35.530 | PollThreadWorker::poll_loop wait 278001
I [/home/dp012/Desktop/gitmac/mako-pr/src/rrr/reactor/reactor.cc:297] 2025-12-04 12:08:36.136 | PollThreadWorker::poll_loop wait 279001
I [/home/dp012/Desktop/gitmac/mako-pr/src/rrr/reactor/reactor.cc:297] 2025-12-04 12:08:36.732 | PollThreadWorker::poll_loop wait 280001
I [/home/dp012/Desktop/gitmac/mako-pr/src/rrr/reactor/reactor.cc:297] 2025-12-04 12:08:37.337 | PollThreadWorker::poll_loop wait 281001
I [/home/dp012/Desktop/gitmac/mako-pr/src/rrr/reactor/reactor.cc:297] 2025-12-04 12:08:37.910 | PollThreadWorker::poll_loop wait 282001
I [/home/dp012/Desktop/gitmac/mako-pr/src/rrr/reactor/reactor.cc:297] 2025-12-04 12:08:38.489 | PollThreadWorker::poll_loop wait 283001
I [/home/dp012/Desktop/gitmac/mako-pr/src/rrr/reactor/reactor.cc:297] 2025-12-04 12:08:39.080 | PollThreadWorker::poll_loop wait 284001
I [/home/dp012/Desktop/gitmac/mako-pr/src/rrr/reactor/reactor.cc:297] 2025-12-04 12:08:39.656 | PollThreadWorker::poll_loop wait 285001
I [/home/dp012/Desktop/gitmac/mako-pr/src/rrr/reactor/reactor.cc:297] 2025-12-04 12:08:40.239 | PollThreadWorker::poll_loop wait 286001
I [/home/dp012/Desktop/gitmac/mako-pr/src/rrr/reactor/reactor.cc:297] 2025-12-04 12:08:40.813 | PollThreadWorker::poll_loop wait 287001
I [/home/dp012/Desktop/gitmac/mako-pr/src/rrr/reactor/reactor.cc:297] 2025-12-04 12:08:41.389 | PollThreadWorker::poll_loop wait 288001
I [/home/dp012/Desktop/gitmac/mako-pr/src/rrr/reactor/reactor.cc:297] 2025-12-04 12:08:42.008 | PollThreadWorker::poll_loop wait 289001
I [/home/dp012/Desktop/gitmac/mako-pr/src/rrr/reactor/reactor.cc:297] 2025-12-04 12:08:42.587 | PollThreadWorker::poll_loop wait 290001
I [/home/dp012/Desktop/gitmac/mako-pr/src/rrr/reactor/reactor.cc:297] 2025-12-04 12:08:43.162 | PollThreadWorker::poll_loop wait 291001
I [/home/dp012/Desktop/gitmac/mako-pr/src/rrr/reactor/reactor.cc:297] 2025-12-04 12:08:43.723 | PollThreadWorker::poll_loop wait 292001
I [/home/dp012/Desktop/gitmac/mako-pr/src/rrr/reactor/reactor.cc:297] 2025-12-04 12:08:44.299 | PollThreadWorker::poll_loop wait 293001
I [/home/dp012/Desktop/gitmac/mako-pr/src/rrr/reactor/reactor.cc:297] 2025-12-04 12:08:44.872 | PollThreadWorker::poll_loop wait 294001
I [/home/dp012/Desktop/gitmac/mako-pr/src/rrr/reactor/reactor.cc:297] 2025-12-04 12:08:45.446 | PollThreadWorker::poll_loop wait 295001
I [/home/dp012/Desktop/gitmac/mako-pr/src/rrr/reactor/reactor.cc:297] 2025-12-04 12:08:46.074 | PollThreadWorker::poll_loop wait 296001
I [/home/dp012/Desktop/gitmac/mako-pr/src/rrr/reactor/reactor.cc:297] 2025-12-04 12:08:46.665 | PollThreadWorker::poll_loop wait 297001
I [/home/dp012/Desktop/gitmac/mako-pr/src/rrr/reactor/reactor.cc:297] 2025-12-04 12:08:47.254 | PollThreadWorker::poll_loop wait 298001
I [/home/dp012/Desktop/gitmac/mako-pr/src/rrr/reactor/reactor.cc:297] 2025-12-04 12:08:47.821 | PollThreadWorker::poll_loop wait 299001
I [/home/dp012/Desktop/gitmac/mako-pr/src/rrr/reactor/reactor.cc:297] 2025-12-04 12:08:48.400 | PollThreadWorker::poll_loop wait 300001
I [/home/dp012/Desktop/gitmac/mako-pr/src/rrr/reactor/reactor.cc:297] 2025-12-04 12:08:48.969 | PollThreadWorker::poll_loop wait 301001
I [/home/dp012/Desktop/gitmac/mako-pr/src/rrr/reactor/reactor.cc:297] 2025-12-04 12:08:49.544 | PollThreadWorker::poll_loop wait 302001
I [/home/dp012/Desktop/gitmac/mako-pr/src/rrr/reactor/reactor.cc:297] 2025-12-04 12:08:50.118 | PollThreadWorker::poll_loop wait 303001
I [/home/dp012/Desktop/gitmac/mako-pr/src/rrr/reactor/reactor.cc:297] 2025-12-04 12:08:50.698 | PollThreadWorker::poll_loop wait 304001
I [/home/dp012/Desktop/gitmac/mako-pr/src/rrr/reactor/reactor.cc:297] 2025-12-04 12:08:51.275 | PollThreadWorker::poll_loop wait 305001
I [/home/dp012/Desktop/gitmac/mako-pr/src/rrr/reactor/reactor.cc:297] 2025-12-04 12:08:51.911 | PollThreadWorker::poll_loop wait 306001
I [/home/dp012/Desktop/gitmac/mako-pr/src/rrr/reactor/reactor.cc:297] 2025-12-04 12:08:52.471 | PollThreadWorker::poll_loop wait 307001
I [/home/dp012/Desktop/gitmac/mako-pr/src/rrr/reactor/reactor.cc:297] 2025-12-04 12:08:53.034 | PollThreadWorker::poll_loop wait 308001
I [/home/dp012/Desktop/gitmac/mako-pr/src/rrr/reactor/reactor.cc:297] 2025-12-04 12:08:53.599 | PollThreadWorker::poll_loop wait 309001
I [/home/dp012/Desktop/gitmac/mako-pr/src/rrr/reactor/reactor.cc:297] 2025-12-04 12:08:54.172 | PollThreadWorker::poll_loop wait 310001
I [/home/dp012/Desktop/gitmac/mako-pr/src/rrr/reactor/reactor.cc:297] 2025-12-04 12:08:54.760 | PollThreadWorker::poll_loop wait 311001
I [/home/dp012/Desktop/gitmac/mako-pr/src/rrr/reactor/reactor.cc:297] 2025-12-04 12:08:55.354 | PollThreadWorker::poll_loop wait 312001
I [/home/dp012/Desktop/gitmac/mako-pr/src/rrr/reactor/reactor.cc:297] 2025-12-04 12:08:55.935 | PollThreadWorker::poll_loop wait 313001
I [/home/dp012/Desktop/gitmac/mako-pr/src/rrr/reactor/reactor.cc:297] 2025-12-04 12:08:56.510 | PollThreadWorker::poll_loop wait 314001
I [/home/dp012/Desktop/gitmac/mako-pr/src/rrr/reactor/reactor.cc:297] 2025-12-04 12:08:57.088 | PollThreadWorker::poll_loop wait 315001
I [/home/dp012/Desktop/gitmac/mako-pr/src/rrr/reactor/reactor.cc:297] 2025-12-04 12:08:57.654 | PollThreadWorker::poll_loop wait 316001
I [/home/dp012/Desktop/gitmac/mako-pr/src/rrr/reactor/reactor.cc:297] 2025-12-04 12:08:58.237 | PollThreadWorker::poll_loop wait 317001
I [/home/dp012/Desktop/gitmac/mako-pr/src/rrr/reactor/reactor.cc:297] 2025-12-04 12:08:58.810 | PollThreadWorker::poll_loop wait 318001
I [/home/dp012/Desktop/gitmac/mako-pr/src/rrr/reactor/reactor.cc:297] 2025-12-04 12:08:59.399 | PollThreadWorker::poll_loop wait 319001
I [/home/dp012/Desktop/gitmac/mako-pr/src/rrr/reactor/reactor.cc:297] 2025-12-04 12:08:59.985 | PollThreadWorker::poll_loop wait 320001
I [/home/dp012/Desktop/gitmac/mako-pr/src/rrr/reactor/reactor.cc:297] 2025-12-04 12:09:00.549 | PollThreadWorker::poll_loop wait 321001
I [/home/dp012/Desktop/gitmac/mako-pr/src/rrr/reactor/reactor.cc:297] 2025-12-04 12:09:01.112 | PollThreadWorker::poll_loop wait 322001
I [/home/dp012/Desktop/gitmac/mako-pr/src/rrr/reactor/reactor.cc:297] 2025-12-04 12:09:01.669 | PollThreadWorker::poll_loop wait 323001
I [/home/dp012/Desktop/gitmac/mako-pr/src/rrr/reactor/reactor.cc:297] 2025-12-04 12:09:02.234 | PollThreadWorker::poll_loop wait 324001
I [/home/dp012/Desktop/gitmac/mako-pr/src/rrr/reactor/reactor.cc:297] 2025-12-04 12:09:02.800 | PollThreadWorker::poll_loop wait 325001
I [/home/dp012/Desktop/gitmac/mako-pr/src/rrr/reactor/reactor.cc:297] 2025-12-04 12:09:03.379 | PollThreadWorker::poll_loop wait 326001
I [/home/dp012/Desktop/gitmac/mako-pr/src/rrr/reactor/reactor.cc:297] 2025-12-04 12:09:03.967 | PollThreadWorker::poll_loop wait 327001
I [/home/dp012/Desktop/gitmac/mako-pr/src/rrr/reactor/reactor.cc:297] 2025-12-04 12:09:04.561 | PollThreadWorker::poll_loop wait 328001
I [/home/dp012/Desktop/gitmac/mako-pr/src/rrr/reactor/reactor.cc:297] 2025-12-04 12:09:05.168 | PollThreadWorker::poll_loop wait 329001
I [/home/dp012/Desktop/gitmac/mako-pr/src/rrr/reactor/reactor.cc:297] 2025-12-04 12:09:05.745 | PollThreadWorker::poll_loop wait 330001
I [/home/dp012/Desktop/gitmac/mako-pr/src/rrr/reactor/reactor.cc:297] 2025-12-04 12:09:06.338 | PollThreadWorker::poll_loop wait 331001
I [/home/dp012/Desktop/gitmac/mako-pr/src/rrr/reactor/reactor.cc:297] 2025-12-04 12:09:06.928 | PollThreadWorker::poll_loop wait 332001
I [/home/dp012/Desktop/gitmac/mako-pr/src/rrr/reactor/reactor.cc:297] 2025-12-04 12:09:07.500 | PollThreadWorker::poll_loop wait 333001
I [/home/dp012/Desktop/gitmac/mako-pr/src/rrr/reactor/reactor.cc:297] 2025-12-04 12:09:08.066 | PollThreadWorker::poll_loop wait 334001
I [/home/dp012/Desktop/gitmac/mako-pr/src/rrr/reactor/reactor.cc:297] 2025-12-04 12:09:08.647 | PollThreadWorker::poll_loop wait 335001
I [/home/dp012/Desktop/gitmac/mako-pr/src/rrr/reactor/reactor.cc:297] 2025-12-04 12:09:09.219 | PollThreadWorker::poll_loop wait 336001
I [/home/dp012/Desktop/gitmac/mako-pr/src/rrr/reactor/reactor.cc:297] 2025-12-04 12:09:09.783 | PollThreadWorker::poll_loop wait 337001
I [/home/dp012/Desktop/gitmac/mako-pr/src/rrr/reactor/reactor.cc:297] 2025-12-04 12:09:10.355 | PollThreadWorker::poll_loop wait 338001
I [/home/dp012/Desktop/gitmac/mako-pr/src/rrr/reactor/reactor.cc:297] 2025-12-04 12:09:10.945 | PollThreadWorker::poll_loop wait 339001
I [/home/dp012/Desktop/gitmac/mako-pr/src/rrr/reactor/reactor.cc:297] 2025-12-04 12:09:11.526 | PollThreadWorker::poll_loop wait 340001
I [/home/dp012/Desktop/gitmac/mako-pr/src/rrr/reactor/reactor.cc:297] 2025-12-04 12:09:12.127 | PollThreadWorker::poll_loop wait 341001
I [/home/dp012/Desktop/gitmac/mako-pr/src/rrr/reactor/reactor.cc:297] 2025-12-04 12:09:12.720 | PollThreadWorker::poll_loop wait 342001
I [/home/dp012/Desktop/gitmac/mako-pr/src/rrr/reactor/reactor.cc:297] 2025-12-04 12:09:13.343 | PollThreadWorker::poll_loop wait 343001
I [/home/dp012/Desktop/gitmac/mako-pr/src/rrr/reactor/reactor.cc:297] 2025-12-04 12:09:13.938 | PollThreadWorker::poll_loop wait 344001
I [/home/dp012/Desktop/gitmac/mako-pr/src/rrr/reactor/reactor.cc:297] 2025-12-04 12:09:14.526 | PollThreadWorker::poll_loop wait 345001
I [/home/dp012/Desktop/gitmac/mako-pr/src/rrr/reactor/reactor.cc:297] 2025-12-04 12:09:15.107 | PollThreadWorker::poll_loop wait 346001
I [/home/dp012/Desktop/gitmac/mako-pr/src/rrr/reactor/reactor.cc:297] 2025-12-04 12:09:15.681 | PollThreadWorker::poll_loop wait 347001
I [/home/dp012/Desktop/gitmac/mako-pr/src/rrr/reactor/reactor.cc:297] 2025-12-04 12:09:16.272 | PollThreadWorker::poll_loop wait 348001
I [/home/dp012/Desktop/gitmac/mako-pr/src/rrr/reactor/reactor.cc:297] 2025-12-04 12:09:16.839 | PollThreadWorker::poll_loop wait 349001
I [/home/dp012/Desktop/gitmac/mako-pr/src/rrr/reactor/reactor.cc:297] 2025-12-04 12:09:17.446 | PollThreadWorker::poll_loop wait 350001
I [/home/dp012/Desktop/gitmac/mako-pr/src/rrr/reactor/reactor.cc:297] 2025-12-04 12:09:18.032 | PollThreadWorker::poll_loop wait 351001
I [/home/dp012/Desktop/gitmac/mako-pr/src/rrr/reactor/reactor.cc:297] 2025-12-04 12:09:18.606 | PollThreadWorker::poll_loop wait 352001
I [/home/dp012/Desktop/gitmac/mako-pr/src/rrr/reactor/reactor.cc:297] 2025-12-04 12:09:19.204 | PollThreadWorker::poll_loop wait 353001
I [/home/dp012/Desktop/gitmac/mako-pr/src/rrr/reactor/reactor.cc:297] 2025-12-04 12:09:19.763 | PollThreadWorker::poll_loop wait 354001
I [/home/dp012/Desktop/gitmac/mako-pr/src/rrr/reactor/reactor.cc:297] 2025-12-04 12:09:20.324 | PollThreadWorker::poll_loop wait 355001
I [/home/dp012/Desktop/gitmac/mako-pr/src/rrr/reactor/reactor.cc:297] 2025-12-04 12:09:20.884 | PollThreadWorker::poll_loop wait 356001
I [/home/dp012/Desktop/gitmac/mako-pr/src/rrr/reactor/reactor.cc:297] 2025-12-04 12:09:21.449 | PollThreadWorker::poll_loop wait 357001
I [/home/dp012/Desktop/gitmac/mako-pr/src/rrr/reactor/reactor.cc:297] 2025-12-04 12:09:22.008 | PollThreadWorker::poll_loop wait 358001
I [/home/dp012/Desktop/gitmac/mako-pr/src/rrr/reactor/reactor.cc:297] 2025-12-04 12:09:22.594 | PollThreadWorker::poll_loop wait 359001
I [/home/dp012/Desktop/gitmac/mako-pr/src/rrr/reactor/reactor.cc:297] 2025-12-04 12:09:23.177 | PollThreadWorker::poll_loop wait 360001
I [/home/dp012/Desktop/gitmac/mako-pr/src/rrr/reactor/reactor.cc:297] 2025-12-04 12:09:23.779 | PollThreadWorker::poll_loop wait 361001
I [/home/dp012/Desktop/gitmac/mako-pr/src/rrr/reactor/reactor.cc:297] 2025-12-04 12:09:24.357 | PollThreadWorker::poll_loop wait 362001
I [/home/dp012/Desktop/gitmac/mako-pr/src/rrr/reactor/reactor.cc:297] 2025-12-04 12:09:24.963 | PollThreadWorker::poll_loop wait 363001
I [/home/dp012/Desktop/gitmac/mako-pr/src/rrr/reactor/reactor.cc:297] 2025-12-04 12:09:25.525 | PollThreadWorker::poll_loop wait 364001
I [/home/dp012/Desktop/gitmac/mako-pr/src/rrr/reactor/reactor.cc:297] 2025-12-04 12:09:26.098 | PollThreadWorker::poll_loop wait 365001
I [/home/dp012/Desktop/gitmac/mako-pr/src/rrr/reactor/reactor.cc:297] 2025-12-04 12:09:26.676 | PollThreadWorker::poll_loop wait 366001
I [/home/dp012/Desktop/gitmac/mako-pr/src/rrr/reactor/reactor.cc:297] 2025-12-04 12:09:27.248 | PollThreadWorker::poll_loop wait 367001
I [/home/dp012/Desktop/gitmac/mako-pr/src/rrr/reactor/reactor.cc:297] 2025-12-04 12:09:27.820 | PollThreadWorker::poll_loop wait 368001
I [/home/dp012/Desktop/gitmac/mako-pr/src/rrr/reactor/reactor.cc:297] 2025-12-04 12:09:28.422 | PollThreadWorker::poll_loop wait 369001
I [/home/dp012/Desktop/gitmac/mako-pr/src/rrr/reactor/reactor.cc:297] 2025-12-04 12:09:28.982 | PollThreadWorker::poll_loop wait 370001
I [/home/dp012/Desktop/gitmac/mako-pr/src/rrr/reactor/reactor.cc:297] 2025-12-04 12:09:29.542 | PollThreadWorker::poll_loop wait 371001
I [/home/dp012/Desktop/gitmac/mako-pr/src/rrr/reactor/reactor.cc:297] 2025-12-04 12:09:30.105 | PollThreadWorker::poll_loop wait 372001
I [/home/dp012/Desktop/gitmac/mako-pr/src/rrr/reactor/reactor.cc:297] 2025-12-04 12:09:30.683 | PollThreadWorker::poll_loop wait 373001
I [/home/dp012/Desktop/gitmac/mako-pr/src/rrr/reactor/reactor.cc:297] 2025-12-04 12:09:31.260 | PollThreadWorker::poll_loop wait 374001
I [/home/dp012/Desktop/gitmac/mako-pr/src/rrr/reactor/reactor.cc:297] 2025-12-04 12:09:31.839 | PollThreadWorker::poll_loop wait 375001
I [/home/dp012/Desktop/gitmac/mako-pr/src/rrr/reactor/reactor.cc:297] 2025-12-04 12:09:32.432 | PollThreadWorker::poll_loop wait 376001
I [/home/dp012/Desktop/gitmac/mako-pr/src/rrr/reactor/reactor.cc:297] 2025-12-04 12:09:33.021 | PollThreadWorker::poll_loop wait 377001
I [/home/dp012/Desktop/gitmac/mako-pr/src/rrr/reactor/reactor.cc:297] 2025-12-04 12:09:33.617 | PollThreadWorker::poll_loop wait 378001
I [/home/dp012/Desktop/gitmac/mako-pr/src/rrr/reactor/reactor.cc:297] 2025-12-04 12:09:34.201 | PollThreadWorker::poll_loop wait 379001
I [/home/dp012/Desktop/gitmac/mako-pr/src/rrr/reactor/reactor.cc:297] 2025-12-04 12:09:34.785 | PollThreadWorker::poll_loop wait 380001
I [/home/dp012/Desktop/gitmac/mako-pr/src/rrr/reactor/reactor.cc:297] 2025-12-04 12:09:35.388 | PollThreadWorker::poll_loop wait 381001
I [/home/dp012/Desktop/gitmac/mako-pr/src/rrr/reactor/reactor.cc:297] 2025-12-04 12:09:35.987 | PollThreadWorker::poll_loop wait 382001
I [/home/dp012/Desktop/gitmac/mako-pr/src/rrr/reactor/reactor.cc:297] 2025-12-04 12:09:36.592 | PollThreadWorker::poll_loop wait 383001
I [/home/dp012/Desktop/gitmac/mako-pr/src/rrr/reactor/reactor.cc:297] 2025-12-04 12:09:37.183 | PollThreadWorker::poll_loop wait 384001
I [/home/dp012/Desktop/gitmac/mako-pr/src/rrr/reactor/reactor.cc:297] 2025-12-04 12:09:37.751 | PollThreadWorker::poll_loop wait 385001
I [/home/dp012/Desktop/gitmac/mako-pr/src/rrr/reactor/reactor.cc:297] 2025-12-04 12:09:38.336 | PollThreadWorker::poll_loop wait 386001
I [/home/dp012/Desktop/gitmac/mako-pr/src/rrr/reactor/reactor.cc:297] 2025-12-04 12:09:38.913 | PollThreadWorker::poll_loop wait 387001
I [/home/dp012/Desktop/gitmac/mako-pr/src/rrr/reactor/reactor.cc:297] 2025-12-04 12:09:39.487 | PollThreadWorker::poll_loop wait 388001
I [/home/dp012/Desktop/gitmac/mako-pr/src/rrr/reactor/reactor.cc:297] 2025-12-04 12:09:40.079 | PollThreadWorker::poll_loop wait 389001
I [/home/dp012/Desktop/gitmac/mako-pr/src/rrr/reactor/reactor.cc:297] 2025-12-04 12:09:40.650 | PollThreadWorker::poll_loop wait 390001
I [/home/dp012/Desktop/gitmac/mako-pr/src/rrr/reactor/reactor.cc:297] 2025-12-04 12:09:41.233 | PollThreadWorker::poll_loop wait 391001
I [/home/dp012/Desktop/gitmac/mako-pr/src/rrr/reactor/reactor.cc:297] 2025-12-04 12:09:41.815 | PollThreadWorker::poll_loop wait 392001
I [/home/dp012/Desktop/gitmac/mako-pr/src/rrr/reactor/reactor.cc:297] 2025-12-04 12:09:42.383 | PollThreadWorker::poll_loop wait 393001
I [/home/dp012/Desktop/gitmac/mako-pr/src/rrr/reactor/reactor.cc:297] 2025-12-04 12:09:42.958 | PollThreadWorker::poll_loop wait 394001
I [/home/dp012/Desktop/gitmac/mako-pr/src/rrr/reactor/reactor.cc:297] 2025-12-04 12:09:43.525 | PollThreadWorker::poll_loop wait 395001
I [/home/dp012/Desktop/gitmac/mako-pr/src/rrr/reactor/reactor.cc:297] 2025-12-04 12:09:44.113 | PollThreadWorker::poll_loop wait 396001
I [/home/dp012/Desktop/gitmac/mako-pr/src/rrr/reactor/reactor.cc:297] 2025-12-04 12:09:44.688 | PollThreadWorker::poll_loop wait 397001
I [/home/dp012/Desktop/gitmac/mako-pr/src/rrr/reactor/reactor.cc:297] 2025-12-04 12:09:45.253 | PollThreadWorker::poll_loop wait 398001
I [/home/dp012/Desktop/gitmac/mako-pr/src/rrr/reactor/reactor.cc:297] 2025-12-04 12:09:45.848 | PollThreadWorker::poll_loop wait 399001
I [/home/dp012/Desktop/gitmac/mako-pr/src/rrr/reactor/reactor.cc:297] 2025-12-04 12:09:46.450 | PollThreadWorker::poll_loop wait 400001
I [/home/dp012/Desktop/gitmac/mako-pr/src/rrr/reactor/reactor.cc:297] 2025-12-04 12:09:47.043 | PollThreadWorker::poll_loop wait 401001
I [/home/dp012/Desktop/gitmac/mako-pr/src/rrr/reactor/reactor.cc:297] 2025-12-04 12:09:47.652 | PollThreadWorker::poll_loop wait 402001
I [/home/dp012/Desktop/gitmac/mako-pr/src/rrr/reactor/reactor.cc:297] 2025-12-04 12:09:48.255 | PollThreadWorker::poll_loop wait 403001
I [/home/dp012/Desktop/gitmac/mako-pr/src/rrr/reactor/reactor.cc:297] 2025-12-04 12:09:48.836 | PollThreadWorker::poll_loop wait 404001
I [/home/dp012/Desktop/gitmac/mako-pr/src/rrr/reactor/reactor.cc:297] 2025-12-04 12:09:49.414 | PollThreadWorker::poll_loop wait 405001
I [/home/dp012/Desktop/gitmac/mako-pr/src/rrr/reactor/reactor.cc:297] 2025-12-04 12:09:49.994 | PollThreadWorker::poll_loop wait 406001
I [/home/dp012/Desktop/gitmac/mako-pr/src/rrr/reactor/reactor.cc:297] 2025-12-04 12:09:50.566 | PollThreadWorker::poll_loop wait 407001
I [/home/dp012/Desktop/gitmac/mako-pr/src/rrr/reactor/reactor.cc:297] 2025-12-04 12:09:51.136 | PollThreadWorker::poll_loop wait 408001
I [/home/dp012/Desktop/gitmac/mako-pr/src/rrr/reactor/reactor.cc:297] 2025-12-04 12:09:51.750 | PollThreadWorker::poll_loop wait 409001
I [/home/dp012/Desktop/gitmac/mako-pr/src/rrr/reactor/reactor.cc:297] 2025-12-04 12:09:52.327 | PollThreadWorker::poll_loop wait 410001
I [/home/dp012/Desktop/gitmac/mako-pr/src/rrr/reactor/reactor.cc:297] 2025-12-04 12:09:52.920 | PollThreadWorker::poll_loop wait 411001
I [/home/dp012/Desktop/gitmac/mako-pr/src/rrr/reactor/reactor.cc:297] 2025-12-04 12:09:53.489 | PollThreadWorker::poll_loop wait 412001
I [/home/dp012/Desktop/gitmac/mako-pr/src/rrr/reactor/reactor.cc:297] 2025-12-04 12:09:54.074 | PollThreadWorker::poll_loop wait 413001
I [/home/dp012/Desktop/gitmac/mako-pr/src/rrr/reactor/reactor.cc:297] 2025-12-04 12:09:54.674 | PollThreadWorker::poll_loop wait 414001
I [/home/dp012/Desktop/gitmac/mako-pr/src/rrr/reactor/reactor.cc:297] 2025-12-04 12:09:55.258 | PollThreadWorker::poll_loop wait 415001
I [/home/dp012/Desktop/gitmac/mako-pr/src/rrr/reactor/reactor.cc:297] 2025-12-04 12:09:55.843 | PollThreadWorker::poll_loop wait 416001
I [/home/dp012/Desktop/gitmac/mako-pr/src/rrr/reactor/reactor.cc:297] 2025-12-04 12:09:56.421 | PollThreadWorker::poll_loop wait 417001
I [/home/dp012/Desktop/gitmac/mako-pr/src/rrr/reactor/reactor.cc:297] 2025-12-04 12:09:56.992 | PollThreadWorker::poll_loop wait 418001
I [/home/dp012/Desktop/gitmac/mako-pr/src/rrr/reactor/reactor.cc:297] 2025-12-04 12:09:57.561 | PollThreadWorker::poll_loop wait 419001
I [/home/dp012/Desktop/gitmac/mako-pr/src/rrr/reactor/reactor.cc:297] 2025-12-04 12:09:58.147 | PollThreadWorker::poll_loop wait 420001
I [/home/dp012/Desktop/gitmac/mako-pr/src/rrr/reactor/reactor.cc:297] 2025-12-04 12:09:58.718 | PollThreadWorker::poll_loop wait 421001
I [/home/dp012/Desktop/gitmac/mako-pr/src/rrr/reactor/reactor.cc:297] 2025-12-04 12:09:59.290 | PollThreadWorker::poll_loop wait 422001
I [/home/dp012/Desktop/gitmac/mako-pr/src/rrr/reactor/reactor.cc:297] 2025-12-04 12:09:59.871 | PollThreadWorker::poll_loop wait 423001
I [/home/dp012/Desktop/gitmac/mako-pr/src/rrr/reactor/reactor.cc:297] 2025-12-04 12:10:00.441 | PollThreadWorker::poll_loop wait 424001
I [/home/dp012/Desktop/gitmac/mako-pr/src/rrr/reactor/reactor.cc:297] 2025-12-04 12:10:01.019 | PollThreadWorker::poll_loop wait 425001
I [/home/dp012/Desktop/gitmac/mako-pr/src/rrr/reactor/reactor.cc:297] 2025-12-04 12:10:01.595 | PollThreadWorker::poll_loop wait 426001
I [/home/dp012/Desktop/gitmac/mako-pr/src/rrr/reactor/reactor.cc:297] 2025-12-04 12:10:02.189 | PollThreadWorker::poll_loop wait 427001
I [/home/dp012/Desktop/gitmac/mako-pr/src/rrr/reactor/reactor.cc:297] 2025-12-04 12:10:02.775 | PollThreadWorker::poll_loop wait 428001
I [/home/dp012/Desktop/gitmac/mako-pr/src/rrr/reactor/reactor.cc:297] 2025-12-04 12:10:03.340 | PollThreadWorker::poll_loop wait 429001
I [/home/dp012/Desktop/gitmac/mako-pr/src/rrr/reactor/reactor.cc:297] 2025-12-04 12:10:03.922 | PollThreadWorker::poll_loop wait 430001
I [/home/dp012/Desktop/gitmac/mako-pr/src/rrr/reactor/reactor.cc:297] 2025-12-04 12:10:04.506 | PollThreadWorker::poll_loop wait 431001
I [/home/dp012/Desktop/gitmac/mako-pr/src/rrr/reactor/reactor.cc:297] 2025-12-04 12:10:05.075 | PollThreadWorker::poll_loop wait 432001
I [/home/dp012/Desktop/gitmac/mako-pr/src/rrr/reactor/reactor.cc:297] 2025-12-04 12:10:05.649 | PollThreadWorker::poll_loop wait 433001
I [/home/dp012/Desktop/gitmac/mako-pr/src/rrr/reactor/reactor.cc:297] 2025-12-04 12:10:06.233 | PollThreadWorker::poll_loop wait 434001
I [/home/dp012/Desktop/gitmac/mako-pr/src/rrr/reactor/reactor.cc:297] 2025-12-04 12:10:06.827 | PollThreadWorker::poll_loop wait 435001
I [/home/dp012/Desktop/gitmac/mako-pr/src/rrr/reactor/reactor.cc:297] 2025-12-04 12:10:07.423 | PollThreadWorker::poll_loop wait 436001
I [/home/dp012/Desktop/gitmac/mako-pr/src/rrr/reactor/reactor.cc:297] 2025-12-04 12:10:07.997 | PollThreadWorker::poll_loop wait 437001
I [/home/dp012/Desktop/gitmac/mako-pr/src/rrr/reactor/reactor.cc:297] 2025-12-04 12:10:08.562 | PollThreadWorker::poll_loop wait 438001
I [/home/dp012/Desktop/gitmac/mako-pr/src/rrr/reactor/reactor.cc:297] 2025-12-04 12:10:09.161 | PollThreadWorker::poll_loop wait 439001
I [/home/dp012/Desktop/gitmac/mako-pr/src/rrr/reactor/reactor.cc:297] 2025-12-04 12:10:09.739 | PollThreadWorker::poll_loop wait 440001
I [/home/dp012/Desktop/gitmac/mako-pr/src/rrr/reactor/reactor.cc:297] 2025-12-04 12:10:10.313 | PollThreadWorker::poll_loop wait 441001
I [/home/dp012/Desktop/gitmac/mako-pr/src/rrr/reactor/reactor.cc:297] 2025-12-04 12:10:10.898 | PollThreadWorker::poll_loop wait 442001
I [/home/dp012/Desktop/gitmac/mako-pr/src/rrr/reactor/reactor.cc:297] 2025-12-04 12:10:11.483 | PollThreadWorker::poll_loop wait 443001
I [/home/dp012/Desktop/gitmac/mako-pr/src/rrr/reactor/reactor.cc:297] 2025-12-04 12:10:12.061 | PollThreadWorker::poll_loop wait 444001
I [/home/dp012/Desktop/gitmac/mako-pr/src/rrr/reactor/reactor.cc:297] 2025-12-04 12:10:12.635 | PollThreadWorker::poll_loop wait 445001
I [/home/dp012/Desktop/gitmac/mako-pr/src/rrr/reactor/reactor.cc:297] 2025-12-04 12:10:13.248 | PollThreadWorker::poll_loop wait 446001
I [/home/dp012/Desktop/gitmac/mako-pr/src/rrr/reactor/reactor.cc:297] 2025-12-04 12:10:13.817 | PollThreadWorker::poll_loop wait 447001
I [/home/dp012/Desktop/gitmac/mako-pr/src/rrr/reactor/reactor.cc:297] 2025-12-04 12:10:14.407 | PollThreadWorker::poll_loop wait 448001
I [/home/dp012/Desktop/gitmac/mako-pr/src/rrr/reactor/reactor.cc:297] 2025-12-04 12:10:15.004 | PollThreadWorker::poll_loop wait 449001
I [/home/dp012/Desktop/gitmac/mako-pr/src/rrr/reactor/reactor.cc:297] 2025-12-04 12:10:15.594 | PollThreadWorker::poll_loop wait 450001
I [/home/dp012/Desktop/gitmac/mako-pr/src/rrr/reactor/reactor.cc:297] 2025-12-04 12:10:16.174 | PollThreadWorker::poll_loop wait 451001
I [/home/dp012/Desktop/gitmac/mako-pr/src/rrr/reactor/reactor.cc:297] 2025-12-04 12:10:16.737 | PollThreadWorker::poll_loop wait 452001
I [/home/dp012/Desktop/gitmac/mako-pr/src/rrr/reactor/reactor.cc:297] 2025-12-04 12:10:17.324 | PollThreadWorker::poll_loop wait 453001
I [/home/dp012/Desktop/gitmac/mako-pr/src/rrr/reactor/reactor.cc:297] 2025-12-04 12:10:17.894 | PollThreadWorker::poll_loop wait 454001
I [/home/dp012/Desktop/gitmac/mako-pr/src/rrr/reactor/reactor.cc:297] 2025-12-04 12:10:18.473 | PollThreadWorker::poll_loop wait 455001
I [/home/dp012/Desktop/gitmac/mako-pr/src/rrr/reactor/reactor.cc:297] 2025-12-04 12:10:19.062 | PollThreadWorker::poll_loop wait 456001
I [/home/dp012/Desktop/gitmac/mako-pr/src/rrr/reactor/reactor.cc:297] 2025-12-04 12:10:19.637 | PollThreadWorker::poll_loop wait 457001
I [/home/dp012/Desktop/gitmac/mako-pr/src/rrr/reactor/reactor.cc:297] 2025-12-04 12:10:20.228 | PollThreadWorker::poll_loop wait 458001
I [/home/dp012/Desktop/gitmac/mako-pr/src/rrr/reactor/reactor.cc:297] 2025-12-04 12:10:20.873 | PollThreadWorker::poll_loop wait 459001
I [/home/dp012/Desktop/gitmac/mako-pr/src/rrr/reactor/reactor.cc:297] 2025-12-04 12:10:21.464 | PollThreadWorker::poll_loop wait 460001
I [/home/dp012/Desktop/gitmac/mako-pr/src/rrr/reactor/reactor.cc:297] 2025-12-04 12:10:22.063 | PollThreadWorker::poll_loop wait 461001
I [/home/dp012/Desktop/gitmac/mako-pr/src/rrr/reactor/reactor.cc:297] 2025-12-04 12:10:22.636 | PollThreadWorker::poll_loop wait 462001
I [/home/dp012/Desktop/gitmac/mako-pr/src/rrr/reactor/reactor.cc:297] 2025-12-04 12:10:23.207 | PollThreadWorker::poll_loop wait 463001
I [/home/dp012/Desktop/gitmac/mako-pr/src/rrr/reactor/reactor.cc:297] 2025-12-04 12:10:23.803 | PollThreadWorker::poll_loop wait 464001
I [/home/dp012/Desktop/gitmac/mako-pr/src/rrr/reactor/reactor.cc:297] 2025-12-04 12:10:24.400 | PollThreadWorker::poll_loop wait 465001
I [/home/dp012/Desktop/gitmac/mako-pr/src/rrr/reactor/reactor.cc:297] 2025-12-04 12:10:24.993 | PollThreadWorker::poll_loop wait 466001
I [/home/dp012/Desktop/gitmac/mako-pr/src/rrr/reactor/reactor.cc:297] 2025-12-04 12:10:25.566 | PollThreadWorker::poll_loop wait 467001
I [/home/dp012/Desktop/gitmac/mako-pr/src/rrr/reactor/reactor.cc:297] 2025-12-04 12:10:26.153 | PollThreadWorker::poll_loop wait 468001
I [/home/dp012/Desktop/gitmac/mako-pr/src/rrr/reactor/reactor.cc:297] 2025-12-04 12:10:26.747 | PollThreadWorker::poll_loop wait 469001
I [/home/dp012/Desktop/gitmac/mako-pr/src/rrr/reactor/reactor.cc:297] 2025-12-04 12:10:27.363 | PollThreadWorker::poll_loop wait 470001
I [/home/dp012/Desktop/gitmac/mako-pr/src/rrr/reactor/reactor.cc:297] 2025-12-04 12:10:27.952 | PollThreadWorker::poll_loop wait 471001
I [/home/dp012/Desktop/gitmac/mako-pr/src/rrr/reactor/reactor.cc:297] 2025-12-04 12:10:28.533 | PollThreadWorker::poll_loop wait 472001
I [/home/dp012/Desktop/gitmac/mako-pr/src/rrr/reactor/reactor.cc:297] 2025-12-04 12:10:29.124 | PollThreadWorker::poll_loop wait 473001
I [/home/dp012/Desktop/gitmac/mako-pr/src/rrr/reactor/reactor.cc:297] 2025-12-04 12:10:29.696 | PollThreadWorker::poll_loop wait 474001
I [/home/dp012/Desktop/gitmac/mako-pr/src/rrr/reactor/reactor.cc:297] 2025-12-04 12:10:30.293 | PollThreadWorker::poll_loop wait 475001
I [/home/dp012/Desktop/gitmac/mako-pr/src/rrr/reactor/reactor.cc:297] 2025-12-04 12:10:30.856 | PollThreadWorker::poll_loop wait 476001
I [/home/dp012/Desktop/gitmac/mako-pr/src/rrr/reactor/reactor.cc:297] 2025-12-04 12:10:31.451 | PollThreadWorker::poll_loop wait 477001
I [/home/dp012/Desktop/gitmac/mako-pr/src/rrr/reactor/reactor.cc:297] 2025-12-04 12:10:32.034 | PollThreadWorker::poll_loop wait 478001
I [/home/dp012/Desktop/gitmac/mako-pr/src/rrr/reactor/reactor.cc:297] 2025-12-04 12:10:32.615 | PollThreadWorker::poll_loop wait 479001
I [/home/dp012/Desktop/gitmac/mako-pr/src/rrr/reactor/reactor.cc:297] 2025-12-04 12:10:33.213 | PollThreadWorker::poll_loop wait 480001
I [/home/dp012/Desktop/gitmac/mako-pr/src/rrr/reactor/reactor.cc:297] 2025-12-04 12:10:33.805 | PollThreadWorker::poll_loop wait 481001
I [/home/dp012/Desktop/gitmac/mako-pr/src/rrr/reactor/reactor.cc:297] 2025-12-04 12:10:34.381 | PollThreadWorker::poll_loop wait 482001
I [/home/dp012/Desktop/gitmac/mako-pr/src/rrr/reactor/reactor.cc:297] 2025-12-04 12:10:34.973 | PollThreadWorker::poll_loop wait 483001
I [/home/dp012/Desktop/gitmac/mako-pr/src/rrr/reactor/reactor.cc:297] 2025-12-04 12:10:35.551 | PollThreadWorker::poll_loop wait 484001
I [/home/dp012/Desktop/gitmac/mako-pr/src/rrr/reactor/reactor.cc:297] 2025-12-04 12:10:36.129 | PollThreadWorker::poll_loop wait 485001
I [/home/dp012/Desktop/gitmac/mako-pr/src/rrr/reactor/reactor.cc:297] 2025-12-04 12:10:36.698 | PollThreadWorker::poll_loop wait 486001
I [/home/dp012/Desktop/gitmac/mako-pr/src/rrr/reactor/reactor.cc:297] 2025-12-04 12:10:37.299 | PollThreadWorker::poll_loop wait 487001
I [/home/dp012/Desktop/gitmac/mako-pr/src/rrr/reactor/reactor.cc:297] 2025-12-04 12:10:37.879 | PollThreadWorker::poll_loop wait 488001
I [/home/dp012/Desktop/gitmac/mako-pr/src/rrr/reactor/reactor.cc:297] 2025-12-04 12:10:38.470 | PollThreadWorker::poll_loop wait 489001
I [/home/dp012/Desktop/gitmac/mako-pr/src/rrr/reactor/reactor.cc:297] 2025-12-04 12:10:39.078 | PollThreadWorker::poll_loop wait 490001
I [/home/dp012/Desktop/gitmac/mako-pr/src/rrr/reactor/reactor.cc:297] 2025-12-04 12:10:39.652 | PollThreadWorker::poll_loop wait 491001
I [/home/dp012/Desktop/gitmac/mako-pr/src/rrr/reactor/reactor.cc:297] 2025-12-04 12:10:40.227 | PollThreadWorker::poll_loop wait 492001
I [/home/dp012/Desktop/gitmac/mako-pr/src/rrr/reactor/reactor.cc:297] 2025-12-04 12:10:40.806 | PollThreadWorker::poll_loop wait 493001
I [/home/dp012/Desktop/gitmac/mako-pr/src/rrr/reactor/reactor.cc:297] 2025-12-04 12:10:41.393 | PollThreadWorker::poll_loop wait 494001
I [/home/dp012/Desktop/gitmac/mako-pr/src/rrr/reactor/reactor.cc:297] 2025-12-04 12:10:41.978 | PollThreadWorker::poll_loop wait 495001
I [/home/dp012/Desktop/gitmac/mako-pr/src/rrr/reactor/reactor.cc:297] 2025-12-04 12:10:42.568 | PollThreadWorker::poll_loop wait 496001
I [/home/dp012/Desktop/gitmac/mako-pr/src/rrr/reactor/reactor.cc:297] 2025-12-04 12:10:43.176 | PollThreadWorker::poll_loop wait 497001
I [/home/dp012/Desktop/gitmac/mako-pr/src/rrr/reactor/reactor.cc:297] 2025-12-04 12:10:43.799 | PollThreadWorker::poll_loop wait 498001
I [/home/dp012/Desktop/gitmac/mako-pr/src/rrr/reactor/reactor.cc:297] 2025-12-04 12:10:44.414 | PollThreadWorker::poll_loop wait 499001
I [/home/dp012/Desktop/gitmac/mako-pr/src/rrr/reactor/reactor.cc:297] 2025-12-04 12:10:45.000 | PollThreadWorker::poll_loop wait 500001
I [/home/dp012/Desktop/gitmac/mako-pr/src/rrr/reactor/reactor.cc:297] 2025-12-04 12:10:45.577 | PollThreadWorker::poll_loop wait 501001
I [/home/dp012/Desktop/gitmac/mako-pr/src/rrr/reactor/reactor.cc:297] 2025-12-04 12:10:46.173 | PollThreadWorker::poll_loop wait 502001
I [/home/dp012/Desktop/gitmac/mako-pr/src/rrr/reactor/reactor.cc:297] 2025-12-04 12:10:46.737 | PollThreadWorker::poll_loop wait 503001
I [/home/dp012/Desktop/gitmac/mako-pr/src/rrr/reactor/reactor.cc:297] 2025-12-04 12:10:47.322 | PollThreadWorker::poll_loop wait 504001
I [/home/dp012/Desktop/gitmac/mako-pr/src/rrr/reactor/reactor.cc:297] 2025-12-04 12:10:47.898 | PollThreadWorker::poll_loop wait 505001
I [/home/dp012/Desktop/gitmac/mako-pr/src/rrr/reactor/reactor.cc:297] 2025-12-04 12:10:48.473 | PollThreadWorker::poll_loop wait 506001
I [/home/dp012/Desktop/gitmac/mako-pr/src/rrr/reactor/reactor.cc:297] 2025-12-04 12:10:49.060 | PollThreadWorker::poll_loop wait 507001
I [/home/dp012/Desktop/gitmac/mako-pr/src/rrr/reactor/reactor.cc:297] 2025-12-04 12:10:49.635 | PollThreadWorker::poll_loop wait 508001
I [/home/dp012/Desktop/gitmac/mako-pr/src/rrr/reactor/reactor.cc:297] 2025-12-04 12:10:50.193 | PollThreadWorker::poll_loop wait 509001
I [/home/dp012/Desktop/gitmac/mako-pr/src/rrr/reactor/reactor.cc:297] 2025-12-04 12:10:50.780 | PollThreadWorker::poll_loop wait 510001
I [/home/dp012/Desktop/gitmac/mako-pr/src/rrr/reactor/reactor.cc:297] 2025-12-04 12:10:51.379 | PollThreadWorker::poll_loop wait 511001
I [/home/dp012/Desktop/gitmac/mako-pr/src/rrr/reactor/reactor.cc:297] 2025-12-04 12:10:51.952 | PollThreadWorker::poll_loop wait 512001
I [/home/dp012/Desktop/gitmac/mako-pr/src/rrr/reactor/reactor.cc:297] 2025-12-04 12:10:52.549 | PollThreadWorker::poll_loop wait 513001
I [/home/dp012/Desktop/gitmac/mako-pr/src/rrr/reactor/reactor.cc:297] 2025-12-04 12:10:53.125 | PollThreadWorker::poll_loop wait 514001
I [/home/dp012/Desktop/gitmac/mako-pr/src/rrr/reactor/reactor.cc:297] 2025-12-04 12:10:53.721 | PollThreadWorker::poll_loop wait 515001
I [/home/dp012/Desktop/gitmac/mako-pr/src/rrr/reactor/reactor.cc:297] 2025-12-04 12:10:54.310 | PollThreadWorker::poll_loop wait 516001
I [/home/dp012/Desktop/gitmac/mako-pr/src/rrr/reactor/reactor.cc:297] 2025-12-04 12:10:54.902 | PollThreadWorker::poll_loop wait 517001
I [/home/dp012/Desktop/gitmac/mako-pr/src/rrr/reactor/reactor.cc:297] 2025-12-04 12:10:55.486 | PollThreadWorker::poll_loop wait 518001
I [/home/dp012/Desktop/gitmac/mako-pr/src/rrr/reactor/reactor.cc:297] 2025-12-04 12:10:56.060 | PollThreadWorker::poll_loop wait 519001
I [/home/dp012/Desktop/gitmac/mako-pr/src/rrr/reactor/reactor.cc:297] 2025-12-04 12:10:56.650 | PollThreadWorker::poll_loop wait 520001
I [/home/dp012/Desktop/gitmac/mako-pr/src/rrr/reactor/reactor.cc:297] 2025-12-04 12:10:57.259 | PollThreadWorker::poll_loop wait 521001
I [/home/dp012/Desktop/gitmac/mako-pr/src/rrr/reactor/reactor.cc:297] 2025-12-04 12:10:57.856 | PollThreadWorker::poll_loop wait 522001
I [/home/dp012/Desktop/gitmac/mako-pr/src/rrr/reactor/reactor.cc:297] 2025-12-04 12:10:58.449 | PollThreadWorker::poll_loop wait 523001
I [/home/dp012/Desktop/gitmac/mako-pr/src/rrr/reactor/reactor.cc:297] 2025-12-04 12:10:59.019 | PollThreadWorker::poll_loop wait 524001
I [/home/dp012/Desktop/gitmac/mako-pr/src/rrr/reactor/reactor.cc:297] 2025-12-04 12:10:59.598 | PollThreadWorker::poll_loop wait 525001
I [/home/dp012/Desktop/gitmac/mako-pr/src/rrr/reactor/reactor.cc:297] 2025-12-04 12:11:00.172 | PollThreadWorker::poll_loop wait 526001
I [/home/dp012/Desktop/gitmac/mako-pr/src/rrr/reactor/reactor.cc:297] 2025-12-04 12:11:00.747 | PollThreadWorker::poll_loop wait 527001
I [/home/dp012/Desktop/gitmac/mako-pr/src/rrr/reactor/reactor.cc:297] 2025-12-04 12:11:01.317 | PollThreadWorker::poll_loop wait 528001
I [/home/dp012/Desktop/gitmac/mako-pr/src/rrr/reactor/reactor.cc:297] 2025-12-04 12:11:01.902 | PollThreadWorker::poll_loop wait 529001
I [/home/dp012/Desktop/gitmac/mako-pr/src/rrr/reactor/reactor.cc:297] 2025-12-04 12:11:02.503 | PollThreadWorker::poll_loop wait 530001
I [/home/dp012/Desktop/gitmac/mako-pr/src/rrr/reactor/reactor.cc:297] 2025-12-04 12:11:03.095 | PollThreadWorker::poll_loop wait 531001
I [/home/dp012/Desktop/gitmac/mako-pr/src/rrr/reactor/reactor.cc:297] 2025-12-04 12:11:03.681 | PollThreadWorker::poll_loop wait 532001
I [/home/dp012/Desktop/gitmac/mako-pr/src/rrr/reactor/reactor.cc:297] 2025-12-04 12:11:04.247 | PollThreadWorker::poll_loop wait 533001
I [/home/dp012/Desktop/gitmac/mako-pr/src/rrr/reactor/reactor.cc:297] 2025-12-04 12:11:04.815 | PollThreadWorker::poll_loop wait 534001
I [/home/dp012/Desktop/gitmac/mako-pr/src/rrr/reactor/reactor.cc:297] 2025-12-04 12:11:05.403 | PollThreadWorker::poll_loop wait 535001
I [/home/dp012/Desktop/gitmac/mako-pr/src/rrr/reactor/reactor.cc:297] 2025-12-04 12:11:05.973 | PollThreadWorker::poll_loop wait 536001
I [/home/dp012/Desktop/gitmac/mako-pr/src/rrr/reactor/reactor.cc:297] 2025-12-04 12:11:06.551 | PollThreadWorker::poll_loop wait 537001
I [/home/dp012/Desktop/gitmac/mako-pr/src/rrr/reactor/reactor.cc:297] 2025-12-04 12:11:07.158 | PollThreadWorker::poll_loop wait 538001
I [/home/dp012/Desktop/gitmac/mako-pr/src/rrr/reactor/reactor.cc:297] 2025-12-04 12:11:07.746 | PollThreadWorker::poll_loop wait 539001
I [/home/dp012/Desktop/gitmac/mako-pr/src/rrr/reactor/reactor.cc:297] 2025-12-04 12:11:08.349 | PollThreadWorker::poll_loop wait 540001
I [/home/dp012/Desktop/gitmac/mako-pr/src/rrr/reactor/reactor.cc:297] 2025-12-04 12:11:08.942 | PollThreadWorker::poll_loop wait 541001
I [/home/dp012/Desktop/gitmac/mako-pr/src/rrr/reactor/reactor.cc:297] 2025-12-04 12:11:09.528 | PollThreadWorker::poll_loop wait 542001
I [/home/dp012/Desktop/gitmac/mako-pr/src/rrr/reactor/reactor.cc:297] 2025-12-04 12:11:10.121 | PollThreadWorker::poll_loop wait 543001
I [/home/dp012/Desktop/gitmac/mako-pr/src/rrr/rpc/server.cpp:160] 2025-12-04 12:11:10.335 | ServerConnection::handle_read bytes read from socket 4
I [/home/dp012/Desktop/gitmac/mako-pr/src/rrr/rpc/server.cpp:221] 2025-12-04 12:11:10.335 | ServerConnection::handle_read rpc_id: 0x336d24c7
I [/home/dp012/Desktop/gitmac/mako-pr/src/rrr/rpc/server.cpp:231] 2025-12-04 12:11:10.335 | ServerConnection::handle_read creating coroutine for rpc_id: 0x336d24c7
I [/home/dp012/Desktop/gitmac/mako-pr/src/rrr/reactor/coroutine.cc:12] 2025-12-04 12:11:10.335 | Coroutine created: 0x76d1840015c0
I [/home/dp012/Desktop/gitmac/mako-pr/src/rrr/reactor/reactor.cc:75] 2025-12-04 12:11:10.335 | Reactor::CreateRunCoroutine running coro: 0x76d1840015c0
I [/home/dp012/Desktop/gitmac/mako-pr/src/rrr/reactor/coroutine.cc:41] 2025-12-04 12:11:10.335 | Coroutine::Run start: 0x76d1840015c0
I [/home/dp012/Desktop/gitmac/mako-pr/src/rrr/reactor/coroutine.cc:22] 2025-12-04 12:11:10.335 | Coroutine::BoostRunWrapper start: 0x76d1840015c0
I [/home/dp012/Desktop/gitmac/mako-pr/src/rrr/rpc/server.cpp:233] 2025-12-04 12:11:10.335 | ServerConnection::handle_read coroutine start
I [/home/dp012/Desktop/gitmac/mako-pr/src/rrr/reactor/coroutine.cc:16] 2025-12-04 12:11:10.335 | Coroutine destroyed: 0x76d1840015c0, task: 0x76d184001650
I [/home/dp012/Desktop/gitmac/mako-pr/src/rrr/rpc/server.cpp:160] 2025-12-04 12:11:10.337 | ServerConnection::handle_read bytes read from socket 4
I [/home/dp012/Desktop/gitmac/mako-pr/src/rrr/rpc/server.cpp:221] 2025-12-04 12:11:10.337 | ServerConnection::handle_read rpc_id: 0x4b687ba1
I [/home/dp012/Desktop/gitmac/mako-pr/src/rrr/rpc/server.cpp:231] 2025-12-04 12:11:10.337 | ServerConnection::handle_read creating coroutine for rpc_id: 0x4b687ba1
I [/home/dp012/Desktop/gitmac/mako-pr/src/rrr/reactor/coroutine.cc:12] 2025-12-04 12:11:10.337 | Coroutine created: 0x76d1840015c0
I [/home/dp012/Desktop/gitmac/mako-pr/src/rrr/reactor/reactor.cc:75] 2025-12-04 12:11:10.337 | Reactor::CreateRunCoroutine running coro: 0x76d1840015c0
I [/home/dp012/Desktop/gitmac/mako-pr/src/rrr/reactor/coroutine.cc:41] 2025-12-04 12:11:10.337 | Coroutine::Run start: 0x76d1840015c0
I [/home/dp012/Desktop/gitmac/mako-pr/src/rrr/reactor/coroutine.cc:22] 2025-12-04 12:11:10.337 | Coroutine::BoostRunWrapper start: 0x76d1840015c0
I [/home/dp012/Desktop/gitmac/mako-pr/src/rrr/rpc/server.cpp:233] 2025-12-04 12:11:10.337 | ServerConnection::handle_read coroutine start
I [/home/dp012/Desktop/gitmac/mako-pr/src/deptran/benchmark_control_rpc.cc:297] 2025-12-04 12:11:10.337 | ClientControlServiceImpl::client_start enter
I [/home/dp012/Desktop/gitmac/mako-pr/src/deptran/benchmark_control_rpc.cc:300] 2025-12-04 12:11:10.337 | ClientControlServiceImpl::client_start set CCS_RUN
I [/home/dp012/Desktop/gitmac/mako-pr/src/rrr/reactor/coroutine.cc:16] 2025-12-04 12:11:10.337 | Coroutine destroyed: 0x76d1840015c0, task: 0x76d184001650
I [/home/dp012/Desktop/gitmac/mako-pr/src/deptran/benchmark_control_rpc.cc:325] 2025-12-04 12:11:10.337 | ClientControlServiceImpl::wait_for_start woke up, status: 2
I [/home/dp012/Desktop/gitmac/mako-pr/src/deptran/benchmark_control_rpc.cc:328] 2025-12-04 12:11:10.337 | ClientControlServiceImpl::wait_for_start exit
I [/home/dp012/Desktop/gitmac/mako-pr/src/deptran/client_worker.cc:152] 2025-12-04 12:11:10.337 | received start signal
I [/home/dp012/Desktop/gitmac/mako-pr/src/deptran/client_worker.cc:154] 2025-12-04 12:11:10.337 | after wait for start
I [/home/dp012/Desktop/gitmac/mako-pr/src/deptran/client_worker.cc:160] 2025-12-04 12:11:10.337 | closed loop clients.
I [/home/dp012/Desktop/gitmac/mako-pr/src/rrr/reactor/coroutine.cc:12] 2025-12-04 12:11:10.337 | Coroutine created: 0x76d178000d10
I [/home/dp012/Desktop/gitmac/mako-pr/src/rrr/reactor/reactor.cc:75] 2025-12-04 12:11:10.337 | Reactor::CreateRunCoroutine running coro: 0x76d178000d10
I [/home/dp012/Desktop/gitmac/mako-pr/src/rrr/reactor/coroutine.cc:41] 2025-12-04 12:11:10.337 | Coroutine::Run start: 0x76d178000d10
I [/home/dp012/Desktop/gitmac/mako-pr/src/rrr/reactor/coroutine.cc:22] 2025-12-04 12:11:10.337 | Coroutine::BoostRunWrapper start: 0x76d178000d10
I [/home/dp012/Desktop/gitmac/mako-pr/src/deptran/client_worker.cc:166] 2025-12-04 12:11:10.337 | create coordinator 196608
I [/home/dp012/Desktop/gitmac/mako-pr/src/deptran/deterministic/coordinator.cc:15] 2025-12-04 12:11:10.337 | CoordinatorDeterministic::DoTxAsync start
I [/home/dp012/Desktop/gitmac/mako-pr/src/bench/tpcc/procedure.cc:30] 2025-12-04 12:11:10.337 | TpccProcedure::Init start
I [/home/dp012/Desktop/gitmac/mako-pr/src/rrr/rpc/server.cpp:160] 2025-12-04 12:11:10.338 | ServerConnection::handle_read bytes read from socket 4
I [/home/dp012/Desktop/gitmac/mako-pr/src/rrr/rpc/server.cpp:221] 2025-12-04 12:11:10.338 | ServerConnection::handle_read rpc_id: 0x4a8c6c99
I [/home/dp012/Desktop/gitmac/mako-pr/src/rrr/rpc/server.cpp:231] 2025-12-04 12:11:10.338 | ServerConnection::handle_read creating coroutine for rpc_id: 0x4a8c6c99
I [/home/dp012/Desktop/gitmac/mako-pr/src/rrr/reactor/coroutine.cc:12] 2025-12-04 12:11:10.338 | Coroutine created: 0x76d1840015c0
I [/home/dp012/Desktop/gitmac/mako-pr/src/rrr/reactor/reactor.cc:75] 2025-12-04 12:11:10.338 | Reactor::CreateRunCoroutine running coro: 0x76d1840015c0
I [/home/dp012/Desktop/gitmac/mako-pr/src/rrr/reactor/coroutine.cc:41] 2025-12-04 12:11:10.338 | Coroutine::Run start: 0x76d1840015c0
I [/home/dp012/Desktop/gitmac/mako-pr/src/rrr/reactor/coroutine.cc:22] 2025-12-04 12:11:10.338 | Coroutine::BoostRunWrapper start: 0x76d1840015c0
I [/home/dp012/Desktop/gitmac/mako-pr/src/rrr/rpc/server.cpp:233] 2025-12-04 12:11:10.338 | ServerConnection::handle_read coroutine start
I [/home/dp012/Desktop/gitmac/mako-pr/src/rrr/reactor/coroutine.cc:16] 2025-12-04 12:11:10.338 | Coroutine destroyed: 0x76d1840015c0, task: 0x76d184001650
I [/home/dp012/Desktop/gitmac/mako-pr/src/bench/tpcc/procedure.cc:47] 2025-12-04 12:11:10.340 | TpccProcedure::Init leaf_procs_ retrieved
I [/home/dp012/Desktop/gitmac/mako-pr/src/bench/tpcc/procedure.cc:69] 2025-12-04 12:11:10.340 | TpccProcedure::Init end
I [/home/dp012/Desktop/gitmac/mako-pr/src/deptran/deterministic/coordinator.cc:22] 2025-12-04 12:11:10.340 | TxData created
I [/home/dp012/Desktop/gitmac/mako-pr/src/deptran/deterministic/coordinator.cc:37] 2025-12-04 12:11:10.341 | Pieces bundled: 29
I [/home/dp012/Desktop/gitmac/mako-pr/src/deptran/deterministic/coordinator.cc:80] 2025-12-04 12:11:10.341 | Sending Dispatch to Sequencer
I [/home/dp012/Desktop/gitmac/mako-pr/src/deptran/rcc/../procedure.h:155] 2025-12-04 12:11:10.341 | VecPieceData::ToMarshal size: 29
I [/home/dp012/Desktop/gitmac/mako-pr/src/rrr/reactor/coroutine.cc:16] 2025-12-04 12:11:10.341 | Coroutine destroyed: 0x76d178000d10, task: 0x76d178000d60
I [/home/dp012/Desktop/gitmac/mako-pr/src/rrr/reactor/coroutine.cc:12] 2025-12-04 12:11:10.344 | Coroutine created: 0x76d178002da0
I [/home/dp012/Desktop/gitmac/mako-pr/src/rrr/reactor/reactor.cc:75] 2025-12-04 12:11:10.344 | Reactor::CreateRunCoroutine running coro: 0x76d178002da0
I [/home/dp012/Desktop/gitmac/mako-pr/src/rrr/reactor/coroutine.cc:41] 2025-12-04 12:11:10.344 | Coroutine::Run start: 0x76d178002da0
I [/home/dp012/Desktop/gitmac/mako-pr/src/rrr/reactor/coroutine.cc:22] 2025-12-04 12:11:10.344 | Coroutine::BoostRunWrapper start: 0x76d178002da0
I [/home/dp012/Desktop/gitmac/mako-pr/src/deptran/deterministic/coordinator.cc:58] 2025-12-04 12:11:10.344 | CoordinatorDeterministic::DoTxAsync callback
I [/home/dp012/Desktop/gitmac/mako-pr/src/deptran/deterministic/coordinator.cc:15] 2025-12-04 12:11:10.344 | CoordinatorDeterministic::DoTxAsync start
I [/home/dp012/Desktop/gitmac/mako-pr/src/bench/tpcc/procedure.cc:30] 2025-12-04 12:11:10.344 | TpccProcedure::Init start
I [/home/dp012/Desktop/gitmac/mako-pr/src/bench/tpcc/procedure.cc:47] 2025-12-04 12:11:10.347 | TpccProcedure::Init leaf_procs_ retrieved
I [/home/dp012/Desktop/gitmac/mako-pr/src/bench/tpcc/procedure.cc:69] 2025-12-04 12:11:10.347 | TpccProcedure::Init end
I [/home/dp012/Desktop/gitmac/mako-pr/src/deptran/deterministic/coordinator.cc:22] 2025-12-04 12:11:10.347 | TxData created
I [/home/dp012/Desktop/gitmac/mako-pr/src/deptran/deterministic/coordinator.cc:37] 2025-12-04 12:11:10.347 | Pieces bundled: 45
I [/home/dp012/Desktop/gitmac/mako-pr/src/deptran/deterministic/coordinator.cc:80] 2025-12-04 12:11:10.347 | Sending Dispatch to Sequencer
I [/home/dp012/Desktop/gitmac/mako-pr/src/deptran/rcc/../procedure.h:155] 2025-12-04 12:11:10.347 | VecPieceData::ToMarshal size: 45
I [/home/dp012/Desktop/gitmac/mako-pr/src/rrr/reactor/coroutine.cc:16] 2025-12-04 12:11:10.348 | Coroutine destroyed: 0x76d178002da0, task: 0x76d178269ae0
I [/home/dp012/Desktop/gitmac/mako-pr/src/rrr/reactor/coroutine.cc:12] 2025-12-04 12:11:10.482 |   *** begin stack trace ***
0    /home/dp012/Desktop/gitmac/mako-pr/build/libtxlog.so(_ZN3rrr17print_stack_traceEP8_IO_FILE+0x6c) [0x76d191a25a0c]
1    /home/dp012/Desktop/gitmac/mako-pr/build/libtxlog.so(+0x1765b6) [0x76d1919765b6]
2    /home/dp012/Desktop/gitmac/mako-pr/build/libtxlog.so(+0x245751) [0x76d191a45751]
3    /home/dp012/Desktop/gitmac/mako-pr/build/libtxlog.so(_ZN3rrr9Coroutine15BoostRunWrapperERN5boost11coroutines26detail14push_coroutineIvEE+0x6e) [0x76d191a3ad4e]
4    /home/dp012/Desktop/gitmac/mako-pr/build/libtxlog.so(_ZZN5boost11coroutines26detail14pull_coroutineIvE13control_blockC4INS_7context21basic_fixedsize_stackINS6_12stack_traitsEEESt5_BindIFMN3rrr9CoroutineEFvRNS1_14push_coroutineIvEEEPSC_St12_PlaceholderILi1EEEEEENS6_12preallocatedEOT_OT0_ENUlONS6_5fiberEE_clEST_+0x83) [0x76d191a3b8e3]
5    /home/dp012/Desktop/gitmac/mako-pr/build/libtxlog.so(_ZN5boost7context6detail11fiber_entryINS1_12fiber_recordINS0_5fiberENS0_21basic_fixedsize_stackINS0_12stack_traitsEEEZNS_11coroutines26detail14pull_coroutineIvE13control_blockC4IS7_St5_BindIFMN3rrr9CoroutineEFvRNS9_14push_coroutineIvEEEPSG_St12_PlaceholderILi1EEEEEENS0_12preallocatedEOT_OT0_EUlOS4_E_EEEEvNS1_10transfer_tE+0x43) [0x76d191a3bbb3]
  ***  end stack trace  ***
