Time, PID, Process, %CPU, %MEM, RSS(KB), VSZ(KB), Threads, TotalMem(KB), UsedMem(KB), FreeMem(KB), SwapUsed(KB), ALERT
2025-11-21 03:00:30,54812,dbtest,228,2.7,339980,1702328,16,12200496,1173384,9550844,638068,
2025-11-21 03:00:31,54812,dbtest,214,4.6,565024,1937848,14,12200496,1399816,9324412,638068,
2025-11-21 03:00:32,54812,dbtest,180,5.2,643172,2044344,14,12200496,1835444,8888808,638068,
2025-11-21 03:00:32,54861,dbtest,243,2.9,358016,1735096,16,12200496,1835444,8888808,638068,
2025-11-21 03:00:33,54812,dbtest,164,5.8,713548,2093496,14,12200496,2134452,8589800,638068,
2025-11-21 03:00:33,54861,dbtest,231,4.6,571388,1966520,14,12200496,2134452,8589800,638068,
2025-11-21 03:00:34,54812,dbtest,139,6.0,732340,2140592,13,12200496,2239912,8484336,638068,
2025-11-21 03:00:34,54861,dbtest,192,5.3,655424,2044344,14,12200496,2239912,8484336,638068,
2025-11-21 03:00:35,54861,dbtest,175,6.2,766708,3163600,25,12200496,2394724,8329524,638068,
2025-11-21 03:00:35,54812,dbtest,123,6.2,766488,3163600,25,12200496,2394724,8329524,638068,
2025-11-21 03:00:36,54861,dbtest,185,6.4,782708,3163600,25,12200496,2411976,8312248,638068,
2025-11-21 03:00:36,54812,dbtest,138,6.4,782488,3163600,25,12200496,2411976,8312248,638068,
2025-11-21 03:00:37,54861,dbtest,192,6.5,797172,3163600,25,12200496,2438688,8285536,638068,
2025-11-21 03:00:37,54812,dbtest,149,6.5,796568,3163600,25,12200496,2438688,8285536,638068,
2025-11-21 03:00:38,54861,dbtest,197,6.7,822576,3188176,25,12200496,2492180,8232044,638068,
2025-11-21 03:00:38,54812,dbtest,158,6.7,819836,3181008,25,12200496,2492180,8232044,638068,
2025-11-21 03:00:39,54861,dbtest,201,6.8,840044,3188176,25,12200496,2533196,8191028,638068,
2025-11-21 03:00:39,54812,dbtest,165,6.8,839220,3188176,25,12200496,2533196,8191028,638068,
2025-11-21 03:00:40,54812,dbtest,171,7.0,856244,3188176,25,12200496,2563940,8160284,638068,
2025-11-21 03:00:40,54861,dbtest,202,6.9,852844,3188176,25,12200496,2563940,8160284,638068,
2025-11-21 03:00:42,54812,dbtest,175,7.2,884408,3216848,25,12200496,2607104,8117124,638068,
2025-11-21 03:00:42,54861,dbtest,203,7.1,873744,3204560,25,12200496,2607104,8117124,638068,
2025-11-21 03:00:43,54812,dbtest,180,7.3,900280,3220944,25,12200496,2640612,8083608,638068,
2025-11-21 03:00:43,54861,dbtest,204,7.2,888412,3204560,25,12200496,2640612,8083608,638068,
2025-11-21 03:00:44,54812,dbtest,186,8.2,1001912,3314128,25,12200496,2749476,7974744,638068,
2025-11-21 03:00:44,54861,dbtest,204,7.3,899420,3208656,25,12200496,2749476,7974744,638068,
2025-11-21 03:00:45,54812,dbtest,194,10.6,1303052,3721680,25,12200496,3064164,7660056,638068,
2025-11-21 03:00:45,54861,dbtest,201,7.4,912876,3229136,25,12200496,3064164,7660056,638068,
2025-11-21 03:00:46,54812,dbtest,202,13.1,1609868,4022736,25,12200496,3380672,7343548,638068,
2025-11-21 03:00:46,54861,dbtest,200,7.5,920172,3229136,25,12200496,3380672,7343548,638068,
2025-11-21 03:00:47,54812,dbtest,198,15.4,1887628,4317648,25,12200496,3666432,7057780,638068,
2025-11-21 03:00:47,54861,dbtest,186,7.5,926956,3229136,25,12200496,3666432,7057780,638068,
2025-11-21 03:00:48,54812,dbtest,205,17.3,2115688,4587984,25,12200496,3903820,6820392,638068,
2025-11-21 03:00:48,54861,dbtest,187,7.6,930412,3229136,25,12200496,3903820,6820392,638068,
2025-11-21 03:00:49,54812,dbtest,211,19.2,2352300,4825552,25,12200496,4138180,6586032,638068,
2025-11-21 03:00:49,54861,dbtest,187,7.6,938108,3253712,25,12200496,4138180,6586032,638068,
2025-11-21 03:00:50,54812,dbtest,216,21.0,2571948,5087696,25,12200496,4358240,6365972,638068,
2025-11-21 03:00:50,54861,dbtest,188,7.7,943972,3302864,25,12200496,4358240,6365972,638068,
2025-11-21 03:00:51,54812,dbtest,220,23.0,2818220,5480912,25,12200496,4617292,6106920,638068,
2025-11-21 03:00:51,54861,dbtest,188,7.7,948196,3302864,25,12200496,4617292,6106920,638068,
2025-11-21 03:00:52,54812,dbtest,225,25.0,3052460,5491152,25,12200496,4853632,5870572,638068,
2025-11-21 03:00:52,54861,dbtest,188,7.8,952676,3302864,25,12200496,4853632,5870572,638068,
2025-11-21 03:00:53,54812,dbtest,228,26.7,3262024,5884368,25,12200496,5075204,5649000,638068,
2025-11-21 03:00:53,54861,dbtest,189,7.8,957156,3302864,25,12200496,5075204,5649000,638068,
2025-11-21 03:00:54,54812,dbtest,230,28.2,3443104,5884368,25,12200496,5429064,5295128,638068,
2025-11-21 03:00:54,54861,dbtest,192,9.2,1130900,3469776,25,12200496,5429064,5295128,638068,
2025-11-21 03:00:55,54812,dbtest,232,29.6,3613344,6353360,25,12200496,5757168,4967024,638068,
2025-11-21 03:00:55,54861,dbtest,196,10.5,1289112,3654096,25,12200496,5757168,4967024,638068,
2025-11-21 03:00:56,54812,dbtest,234,31.0,3784352,6353360,25,12200496,6113308,4610884,638068,
2025-11-21 03:00:56,54861,dbtest,199,12.0,1465104,3801552,25,12200496,6113308,4610884,638068,
2025-11-21 03:00:57,54812,dbtest,236,32.3,3944096,6367696,25,12200496,6426544,4297648,638068,
2025-11-21 03:00:57,54861,dbtest,203,13.3,1626768,4020688,25,12200496,6426544,4297648,638068,
2025-11-21 03:00:59,54812,dbtest,237,33.4,4075424,6904272,25,12200496,6674000,4050184,638068,
2025-11-21 03:00:59,54861,dbtest,206,14.2,1741328,4180432,25,12200496,6674000,4050184,638068,
2025-11-21 03:01:02,54812,dbtest,242,33.9,4147360,6904272,25,12200496,6863504,3860680,638068,
2025-11-21 03:01:02,54861,dbtest,221,15.1,1850512,4344272,25,12200496,6863504,3860680,638068,
2025-11-21 03:01:03,54812,dbtest,237,34.9,4268164,6904272,25,12200496,7110552,3613624,638068,
2025-11-21 03:01:03,54861,dbtest,216,16.3,1990288,4344272,25,12200496,7110552,3613624,638068,
2025-11-21 03:01:04,54812,dbtest,239,35.9,4388344,6904272,25,12200496,7359212,3364964,638068,
2025-11-21 03:01:04,54861,dbtest,218,17.3,2111864,4540880,25,12200496,7359212,3364964,638068,
2025-11-21 03:01:05,54812,dbtest,240,36.8,4490232,6904272,25,12200496,7562576,3161600,638068,
2025-11-21 03:01:05,54861,dbtest,221,18.1,2212216,4778448,25,12200496,7562576,3161600,638068,
2025-11-21 03:01:06,54812,dbtest,244,37.9,4627064,7591376,25,12200496,7844844,2879332,638068,
2025-11-21 03:01:06,54861,dbtest,222,19.0,2328448,4778448,25,12200496,7844844,2879332,638068,
2025-11-21 03:01:07,54812,dbtest,248,40.0,4887672,7726544,25,12200496,8233160,2491008,638068,
2025-11-21 03:01:07,54861,dbtest,222,20.3,2480512,5040592,25,12200496,8233160,2491008,638068,
2025-11-21 03:01:09,54812,dbtest,250,43.1,5259000,7976400,25,12200496,8807700,1916456,638068,
2025-11-21 03:01:09,54861,dbtest,221,21.7,2655360,5040592,25,12200496,8807700,1916456,638068,
2025-11-21 03:01:29,55613,dbtest,0.0,0.7,96280,201076,2,12200496,1088456,9634876,638068,
2025-11-21 03:01:29,55611,dbtest,0.0,0.6,85268,201076,2,12200496,1088456,9634876,638068,
2025-11-21 03:01:29,55610,dbtest,0.0,0.6,83352,201076,2,12200496,1088456,9634876,638068,
2025-11-21 03:01:30,55692,dbtest,0.0,0.9,113816,4663740,15,12200496,1288796,9434540,638068,
2025-11-21 03:01:30,55613,dbtest,46.0,0.9,113688,4680124,20,12200496,1288796,9434540,638068,
2025-11-21 03:01:30,55610,dbtest,49.0,0.9,113432,5607868,20,12200496,1288796,9434540,638068,
2025-11-21 03:01:30,55611,dbtest,48.0,0.9,113300,4680124,20,12200496,1288796,9434540,638068,
2025-11-21 03:01:31,55692,dbtest,43.0,0.9,114968,16194004,26,12200496,1292896,9430248,638068,
2025-11-21 03:01:31,55611,dbtest,36.5,0.9,114964,16226784,29,12200496,1292896,9430248,638068,
2025-11-21 03:01:31,55610,dbtest,35.5,0.9,114840,16194004,26,12200496,1292896,9430248,638068,
2025-11-21 03:01:31,55613,dbtest,33.5,0.9,114840,16194004,26,12200496,1292896,9430248,638068,
2025-11-21 03:01:32,55692,dbtest,18.6,0.9,114968,16194004,26,12200496,1293824,9429256,638068,
2025-11-21 03:01:32,55611,dbtest,22.2,0.9,114964,16226784,29,12200496,1293824,9429256,638068,
2025-11-21 03:01:32,55610,dbtest,21.7,0.9,114840,16194004,26,12200496,1293824,9429256,638068,
2025-11-21 03:01:32,55613,dbtest,20.0,0.9,114840,16194004,26,12200496,1293824,9429256,638068,
2025-11-21 03:01:33,55610,dbtest,25.4,1.1,135416,17432576,35,12200496,1302076,9420996,638068,
2025-11-21 03:01:33,55611,dbtest,22.2,0.9,116116,17342964,34,12200496,1302076,9420996,638068,
2025-11-21 03:01:33,55692,dbtest,18.0,0.9,115480,16194004,26,12200496,1302076,9420996,638068,
2025-11-21 03:01:33,55613,dbtest,19.2,0.9,115352,17252820,26,12200496,1302076,9420996,638068,
2025-11-21 03:01:34,55610,dbtest,96.3,4.3,530800,17780736,34,12200496,2036136,8686912,638068,
2025-11-21 03:01:34,55613,dbtest,36.3,2.1,262480,17421268,26,12200496,2036136,8686912,638068,
2025-11-21 03:01:34,55692,dbtest,37.6,2.0,251080,17388500,26,12200496,2036136,8686912,638068,
2025-11-21 03:01:34,55611,dbtest,33.1,1.5,183060,17414644,34,12200496,2036136,8686912,638068,
2025-11-21 03:01:35,55610,dbtest,141,6.5,801576,17991680,34,12200496,2869188,7853856,638068,
2025-11-21 03:01:35,55692,dbtest,58.5,4.0,499940,17540052,26,12200496,2869188,7853856,638068,
2025-11-21 03:01:35,55613,dbtest,51.7,3.8,472620,17568724,26,12200496,2869188,7853856,638068,
2025-11-21 03:01:35,55611,dbtest,43.2,2.4,296236,17506804,34,12200496,2869188,7853856,638068,
2025-11-21 03:01:36,55610,dbtest,163,7.9,964912,18126848,33,12200496,3670768,7052272,638068,
2025-11-21 03:01:36,55613,dbtest,62.6,5.6,684632,17728468,26,12200496,3670768,7052272,638068,
2025-11-21 03:01:36,55692,dbtest,70.1,5.5,679256,17710036,26,12200496,3670768,7052272,638068,
2025-11-21 03:01:36,55611,dbtest,63.5,4.0,499796,17713652,34,12200496,3670768,7052272,638068,
2025-11-21 03:01:37,55610,dbtest,181,9.1,1117212,18188288,33,12200496,4330600,6392440,638068,
2025-11-21 03:01:37,55692,dbtest,80.7,7.3,891460,17875924,26,12200496,4330600,6392440,638068,
2025-11-21 03:01:37,55613,dbtest,68.1,7.1,874468,17863636,26,12200496,4330600,6392440,638068,
2025-11-21 03:01:37,55611,dbtest,69.0,5.0,614360,17838580,34,12200496,4330600,6392440,638068,
2025-11-21 03:01:38,55610,dbtest,185,9.3,1135820,18266112,32,12200496,4794412,5928628,638068,
2025-11-21 03:01:38,55692,dbtest,84.3,8.8,1079768,18015188,26,12200496,4794412,5928628,638068,
2025-11-21 03:01:38,55613,dbtest,70.7,8.6,1055440,18002900,26,12200496,4794412,5928628,638068,
2025-11-21 03:01:38,55611,dbtest,72.0,5.7,701512,17957364,34,12200496,4794412,5928628,638068,
2025-11-21 03:01:39,55610,dbtest,185,10.1,1239300,18356224,32,12200496,5170008,5553024,638068,
2025-11-21 03:01:39,55692,dbtest,81.0,9.3,1142380,18056148,26,12200496,5170008,5553024,638068,
2025-11-21 03:01:39,55613,dbtest,68.0,9.2,1133680,18043860,26,12200496,5170008,5553024,638068,
2025-11-21 03:01:39,55611,dbtest,74.0,6.5,793676,18072052,34,12200496,5170008,5553024,638068,
2025-11-21 03:01:40,55610,dbtest,185,10.9,1338908,18501144,43,12200496,5464156,5258876,638068,
2025-11-21 03:01:40,55692,dbtest,79.0,10.0,1231108,18113496,27,12200496,5464156,5258876,638068,
2025-11-21 03:01:40,55613,dbtest,65.8,9.9,1218940,18101208,27,12200496,5464156,5258876,638068,
2025-11-21 03:01:40,55611,dbtest,74.0,6.9,853180,18129400,35,12200496,5464156,5258876,638068,
2025-11-21 03:01:42,55610,dbtest,208,12.0,1476020,18610716,44,12200496,5871216,4851808,638068,
2025-11-21 03:01:42,55692,dbtest,88.8,11.1,1359352,18288088,27,12200496,5871216,4851808,638068,
2025-11-21 03:01:42,55613,dbtest,77.0,11.1,1358472,18274264,27,12200496,5871216,4851808,638068,
2025-11-21 03:01:42,55611,dbtest,79.5,7.3,902816,18153976,35,12200496,5871216,4851808,638068,
2025-11-21 03:01:43,55610,dbtest,215,12.8,1562844,18734620,44,12200496,6169864,4553160,638068,
2025-11-21 03:01:43,55613,dbtest,84.6,11.8,1442668,18312152,27,12200496,6169864,4553160,638068,
2025-11-21 03:01:43,55692,dbtest,95.1,11.7,1432048,18318808,27,12200496,6169864,4553160,638068,
2025-11-21 03:01:43,55611,dbtest,82.0,7.6,937124,18184696,35,12200496,6169864,4553160,638068,
2025-11-21 03:01:45,55610,dbtest,216,13.5,1647336,18803228,44,12200496,6423568,4299456,638068,
2025-11-21 03:01:45,55692,dbtest,97.1,12.3,1500700,18404824,27,12200496,6423568,4299456,638068,
2025-11-21 03:01:45,55613,dbtest,86.4,12.2,1498756,18463704,27,12200496,6423568,4299456,638068,
2025-11-21 03:01:45,55611,dbtest,85.0,8.1,993132,18250232,35,12200496,6423568,4299456,638068,
2025-11-21 03:01:46,55610,dbtest,229,14.3,1748148,18913820,44,12200496,6710572,4012444,638068,
2025-11-21 03:01:46,55613,dbtest,90.3,12.8,1566664,18488280,27,12200496,6710572,4012444,638068,
2025-11-21 03:01:46,55692,dbtest,100,12.8,1563800,18494936,27,12200496,6710572,4012444,638068,
2025-11-21 03:01:46,55611,dbtest,89.5,8.3,1020340,18270712,35,12200496,6710572,4012444,638068,
2025-11-21 03:01:48,55610,dbtest,244,14.9,1822060,19014172,44,12200496,7000208,3722796,638068,
2025-11-21 03:01:48,55692,dbtest,106,13.5,1654776,18599384,27,12200496,7000208,3722796,638068,
2025-11-21 03:01:48,55613,dbtest,96.9,13.4,1637220,18592728,27,12200496,7000208,3722796,638068,
2025-11-21 03:01:48,55611,dbtest,96.2,8.6,1059980,18299384,35,12200496,7000208,3722796,638068,
2025-11-21 03:01:49,55610,dbtest,241,15.4,1885520,19051036,44,12200496,7204696,3518308,638068,
2025-11-21 03:01:49,55692,dbtest,108,14.0,1710092,18654680,27,12200496,7204696,3518308,638068,
2025-11-21 03:01:49,55613,dbtest,98.0,13.8,1695536,18648024,27,12200496,7204696,3518308,638068,
2025-11-21 03:01:49,55611,dbtest,97.0,9.0,1099852,18407928,35,12200496,7204696,3518308,638068,
2025-11-21 03:01:51,55610,dbtest,258,16.2,1980636,19137052,44,12200496,7440520,3282476,638068,
2025-11-21 03:01:51,55692,dbtest,116,14.5,1781056,18748888,27,12200496,7440520,3282476,638068,
2025-11-21 03:01:51,55613,dbtest,106,14.5,1770568,18742232,27,12200496,7440520,3282476,638068,
2025-11-21 03:01:51,55611,dbtest,105,9.3,1141284,18420216,35,12200496,7440520,3282476,638068,
2025-11-21 03:01:53,55610,dbtest,260,17.1,2098268,19360284,44,12200496,7728148,2994848,638068,
2025-11-21 03:01:53,55613,dbtest,109,15.1,1848824,18869208,27,12200496,7728148,2994848,638068,
2025-11-21 03:01:53,55692,dbtest,116,15.1,1844988,18793944,27,12200496,7728148,2994848,638068,
2025-11-21 03:01:53,55611,dbtest,106,9.6,1177240,18512376,35,12200496,7728148,2994848,638068,
2025-11-21 03:01:54,55610,dbtest,262,17.9,2191152,19446300,44,12200496,8090028,2632968,638068,
2025-11-21 03:01:54,55692,dbtest,118,16.0,1955304,18929112,27,12200496,8090028,2632968,638068,
2025-11-21 03:01:54,55613,dbtest,108,15.9,1945692,18922456,27,12200496,8090028,2632968,638068,
2025-11-21 03:01:54,55611,dbtest,107,10.0,1232028,18543096,35,12200496,8090028,2632968,638068,
2025-11-21 03:01:56,55610,dbtest,261,18.7,2288852,19511836,44,12200496,8416888,2306100,637812,
2025-11-21 03:01:56,55692,dbtest,117,16.6,2035232,19039704,27,12200496,8416888,2306100,637812,
2025-11-21 03:01:56,55613,dbtest,109,16.6,2029584,19033048,27,12200496,8416888,2306100,637812,
2025-11-21 03:01:56,55611,dbtest,109,10.5,1283324,18559480,35,12200496,8416888,2306100,637812,
2025-11-21 03:01:57,55610,dbtest,270,19.5,2390496,19647004,44,12200496,8745480,1977504,637812,
2025-11-21 03:01:57,55692,dbtest,120,17.4,2124860,19133912,27,12200496,8745480,1977504,637812,
2025-11-21 03:01:57,55613,dbtest,113,17.3,2117648,19192792,27,12200496,8745480,1977504,637812,
2025-11-21 03:01:57,55611,dbtest,113,10.8,1325328,18596344,35,12200496,8745480,1977504,637812,
2025-11-21 03:01:59,55610,dbtest,276,20.3,2484372,19802652,44,12200496,9025936,1697048,637812,
2025-11-21 03:01:59,55692,dbtest,121,17.9,2194476,19199448,27,12200496,9025936,1697048,637812,
2025-11-21 03:01:59,55613,dbtest,114,17.9,2184816,19192792,27,12200496,9025936,1697048,637812,
2025-11-21 03:01:59,55611,dbtest,116,11.2,1368192,18616824,35,12200496,9025936,1697048,637812,
2025-11-21 03:02:00,55610,dbtest,275,20.9,2558820,19874332,44,12200496,9261064,1461908,637812,
2025-11-21 03:02:00,55692,dbtest,120,18.5,2260592,19312088,27,12200496,9261064,1461908,637812,
2025-11-21 03:02:00,55613,dbtest,114,18.4,2250408,19338200,27,12200496,9261064,1461908,637812,
2025-11-21 03:02:00,55611,dbtest,115,11.4,1397472,18625016,35,12200496,9261064,1461908,637812,
2025-11-21 03:02:02,55610,dbtest,276,21.7,2659124,19927580,44,12200496,9523464,1199508,637812,
2025-11-21 03:02:02,55692,dbtest,121,19.1,2333236,19426776,27,12200496,9523464,1199508,637812,
2025-11-21 03:02:02,55613,dbtest,114,19.0,2318488,19420120,27,12200496,9523464,1199508,637812,
2025-11-21 03:02:02,55611,dbtest,116,11.7,1432912,18766328,35,12200496,9523464,1199508,637812,
2025-11-21 03:02:04,55610,dbtest,285,22.4,2742212,20132380,44,12200496,9763572,959400,637812,
2025-11-21 03:02:04,55692,dbtest,124,19.6,2393396,19426776,27,12200496,9763572,959400,637812,
2025-11-21 03:02:04,55613,dbtest,116,19.4,2369688,19420120,27,12200496,9763572,959400,637812,
2025-11-21 03:02:04,55611,dbtest,119,11.9,1462596,18790904,35,12200496,9763572,959400,637812,
2025-11-21 03:02:05,55610,dbtest,287,23.1,2830284,20230684,44,12200496,10023752,699208,637812,
2025-11-21 03:02:05,55692,dbtest,124,20.1,2458532,19529176,27,12200496,10023752,699208,637812,
2025-11-21 03:02:05,55613,dbtest,116,19.9,2436816,19522520,27,12200496,10023752,699208,637812,
2025-11-21 03:02:06,55611,dbtest,119,12.1,1486944,18815480,35,12200496,10023752,699208,637812,
2025-11-21 03:02:07,55610,dbtest,293,23.6,2890144,20230684,44,12200496,10226984,495976,637812,
2025-11-21 03:02:07,55692,dbtest,126,20.6,2514160,19611096,27,12200496,10226984,495976,637812,
2025-11-21 03:02:07,55613,dbtest,120,20.4,2491276,19522520,27,12200496,10226984,495976,637812,
2025-11-21 03:02:07,55611,dbtest,122,12.4,1515724,18901496,35,12200496,10226984,495976,637812,
2025-11-21 03:02:09,55610,dbtest,287,24.2,2958264,20288028,44,12200496,10430300,292660,637812,
2025-11-21 03:02:09,55692,dbtest,124,21.1,2580724,19756504,27,12200496,10430300,292660,637812,
2025-11-21 03:02:09,55613,dbtest,118,20.9,2561312,19749848,27,12200496,10430300,292660,637812,
2025-11-21 03:02:09,55611,dbtest,120,12.6,1548076,18901496,35,12200496,10430300,292660,637812,
2025-11-21 03:02:11,55610,dbtest,294,24.7,3025372,20369948,44,12200496,10598440,207428,639092,
2025-11-21 03:02:11,55692,dbtest,126,21.4,2618696,19756504,27,12200496,10598440,207428,639092,
2025-11-21 03:02:11,55613,dbtest,121,21.3,2601852,19749848,27,12200496,10598440,207428,639092,
2025-11-21 03:02:11,55611,dbtest,122,12.8,1570684,18926072,35,12200496,10598440,207428,639092,
2025-11-21 03:02:13,55610,dbtest,291,25.0,3057340,20369948,44,12200496,10743780,177012,639092,
2025-11-21 03:02:13,55692,dbtest,126,21.7,2656992,19756504,27,12200496,10743780,177012,639092,
2025-11-21 03:02:13,55613,dbtest,121,21.6,2641544,19749848,27,12200496,10743780,177012,639092,
2025-11-21 03:02:13,55611,dbtest,123,13.0,1589580,18932216,35,12200496,10743780,177012,639092,
2025-11-21 03:02:14,55610,dbtest,284,25.0,3051612,20337164,36,12200496,10822472,204660,639092,
2025-11-21 03:02:14,55692,dbtest,125,21.9,2675868,19756504,27,12200496,10822472,204660,639092,
2025-11-21 03:02:14,55613,dbtest,120,21.8,2661428,19749848,27,12200496,10822472,204660,639092,
2025-11-21 03:02:14,55611,dbtest,124,13.2,1617868,18960888,35,12200496,10822472,204660,639092,
2025-11-21 03:02:15,55610,dbtest,279,25.0,3051612,20337164,36,12200496,10824852,202272,639092,
2025-11-21 03:02:15,55692,dbtest,122,21.9,2675868,19756504,27,12200496,10824852,202272,639092,
2025-11-21 03:02:15,55613,dbtest,118,21.8,2661428,19749848,27,12200496,10824852,202272,639092,
2025-11-21 03:02:15,55611,dbtest,122,13.2,1617868,18960888,35,12200496,10824852,202272,639092,
2025-11-21 03:02:16,55610,dbtest,275,25.0,3051612,20337164,36,12200496,10103496,923628,639092,
2025-11-21 03:02:16,55692,dbtest,121,19.0,2319400,19699132,16,12200496,10103496,923628,639092,
2025-11-21 03:02:16,55613,dbtest,116,18.8,2304612,19692476,16,12200496,10103496,923628,639092,
2025-11-21 03:02:16,55611,dbtest,121,12.9,1580040,18903516,24,12200496,10103496,923628,639092,
2025-11-21 03:02:17,55610,dbtest,271,25.0,3051612,20337164,36,12200496,3880440,7146840,639092,
2025-11-21 03:02:18,55610,dbtest,266,25.0,3051612,20337164,36,12200496,3880744,7146536,639092,
2025-11-21 03:02:41,56636,dbtest,0.0,0.9,113580,1264060,20,12200496,1170744,9854756,639092,
2025-11-21 03:02:41,56639,dbtest,0.0,0.9,113328,422332,20,12200496,1170744,9854756,639092,
2025-11-21 03:02:41,56638,dbtest,0.0,0.9,113200,428476,20,12200496,1170744,9854756,639092,
2025-11-21 03:02:42,56638,dbtest,23.0,0.9,115376,16226784,29,12200496,1292944,9733536,639092,
2025-11-21 03:02:42,56636,dbtest,24.0,0.9,115372,16194004,26,12200496,1292944,9733536,639092,
2025-11-21 03:02:42,56718,dbtest,0.0,0.9,114988,16194004,26,12200496,1292944,9733536,639092,
2025-11-21 03:02:42,56639,dbtest,23.0,0.9,114864,16194004,26,12200496,1292944,9733536,639092,
2025-11-21 03:02:43,56638,dbtest,18.5,0.9,115376,16226784,29,12200496,1293812,9732584,639092,
2025-11-21 03:02:43,56636,dbtest,19.0,0.9,115372,16194004,26,12200496,1293812,9732584,639092,
2025-11-21 03:02:43,56718,dbtest,25.0,0.9,114988,16194004,26,12200496,1293812,9732584,639092,
2025-11-21 03:02:43,56639,dbtest,18.5,0.9,114864,16194004,26,12200496,1293812,9732584,639092,
2025-11-21 03:02:44,56638,dbtest,17.6,0.9,115504,16226784,29,12200496,1613128,9413320,639092,
2025-11-21 03:02:44,56636,dbtest,17.3,0.9,115372,16194004,26,12200496,1613128,9413320,639092,
2025-11-21 03:02:44,56718,dbtest,19.0,0.9,114988,16194004,26,12200496,1613128,9413320,639092,
2025-11-21 03:02:44,56639,dbtest,16.3,0.9,114864,16194004,26,12200496,1613128,9413320,639092,
2025-11-21 03:02:44,56836,dbtest,0.0,0.9,113456,428476,20,12200496,1613128,9413320,639092,
2025-11-21 03:02:44,56837,dbtest,0.0,0.9,113452,422332,20,12200496,1613128,9413320,639092,
2025-11-21 03:02:44,56835,dbtest,0.0,0.9,113324,2714044,20,12200496,1613128,9413320,639092,
2025-11-21 03:02:45,56636,dbtest,42.5,2.6,327388,17654808,40,12200496,2065316,8961212,639092,
2025-11-21 03:02:45,56639,dbtest,21.7,1.5,194180,17370076,28,12200496,2065316,8961212,639092,
2025-11-21 03:02:45,56718,dbtest,22.6,1.5,187260,17372132,30,12200496,2065316,8961212,639092,
2025-11-21 03:02:45,56638,dbtest,20.5,1.3,158636,17467932,42,12200496,2065316,8961212,639092,
2025-11-21 03:02:45,56836,dbtest,14.0,0.9,113968,4680124,20,12200496,2065316,8961212,639092,
2025-11-21 03:02:45,56835,dbtest,13.0,0.9,113708,6656444,20,12200496,2065316,8961212,639092,
2025-11-21 03:02:45,56837,dbtest,14.0,0.9,113708,4680124,20,12200496,2065316,8961212,639092,
2025-11-21 03:02:45,56919,dbtest,0.0,0.9,113456,4667836,15,12200496,2065316,8961212,639092,
2025-11-21 03:02:46,56636,dbtest,101,6.5,804020,18014232,39,12200496,3884192,7141460,639092,
2025-11-21 03:02:46,56718,dbtest,56.0,5.7,699224,17761252,30,12200496,3884192,7141460,639092,
2025-11-21 03:02:46,56639,dbtest,46.2,5.4,670584,17761252,30,12200496,3884192,7141460,639092,
2025-11-21 03:02:46,56638,dbtest,46.0,3.4,422852,17708568,39,12200496,3884192,7141460,639092,
2025-11-21 03:02:46,56836,dbtest,12.0,0.9,115248,16226784,29,12200496,3884192,7141460,639092,
2025-11-21 03:02:46,56835,dbtest,11.5,0.9,115244,16194004,26,12200496,3884192,7141460,639092,
2025-11-21 03:02:46,56837,dbtest,11.5,0.9,115244,16194004,26,12200496,3884192,7141460,639092,
2025-11-21 03:02:46,56919,dbtest,23.0,0.9,114860,16194004,26,12200496,3884192,7141460,639092,
2025-11-21 03:02:47,56636,dbtest,123,8.7,1066908,18190360,38,12200496,4993444,6030796,639092,
2025-11-21 03:02:47,56718,dbtest,62.4,8.0,979916,17986532,30,12200496,4993444,6030796,639092,
2025-11-21 03:02:47,56639,dbtest,51.8,7.8,960340,17986532,30,12200496,4993444,6030796,639092,
2025-11-21 03:02:47,56638,dbtest,57.8,5.7,697620,18007576,39,12200496,4993444,6030796,639092,
2025-11-21 03:02:47,56836,dbtest,12.0,0.9,115248,16226784,29,12200496,4993444,6030796,639092,
2025-11-21 03:02:47,56835,dbtest,11.3,0.9,115244,16194004,26,12200496,4993444,6030796,639092,
2025-11-21 03:02:47,56837,dbtest,11.6,0.9,115244,16194004,26,12200496,4993444,6030796,639092,
2025-11-21 03:02:47,56919,dbtest,16.0,0.9,114860,16194004,26,12200496,4993444,6030796,639092,
2025-11-21 03:02:48,56636,dbtest,126,9.6,1176180,18268184,38,12200496,5550120,5473248,639092,
2025-11-21 03:02:48,56718,dbtest,60.3,9.3,1138860,18093028,30,12200496,5550120,5473248,639092,
2025-11-21 03:02:48,56639,dbtest,51.7,9.1,1116824,18093028,30,12200496,5550120,5473248,639092,
2025-11-21 03:02:48,56638,dbtest,57.5,6.4,782148,18155032,39,12200496,5550120,5473248,639092,
2025-11-21 03:02:48,56836,dbtest,12.0,0.9,115248,16226784,29,12200496,5550120,5473248,639092,
2025-11-21 03:02:48,56835,dbtest,11.2,0.9,115244,16194004,26,12200496,5550120,5473248,639092,
2025-11-21 03:02:48,56837,dbtest,11.0,0.9,115244,16194004,26,12200496,5550120,5473248,639092,
2025-11-21 03:02:48,56919,dbtest,14.3,0.9,114860,16194004,26,12200496,5550120,5473248,639092,
2025-11-21 03:02:50,56636,dbtest,125,10.4,1276468,18317336,38,12200496,6489548,4532908,639092,
2025-11-21 03:02:50,56718,dbtest,57.8,10.1,1236972,18142180,30,12200496,6489548,4532908,639092,
2025-11-21 03:02:50,56639,dbtest,50.5,9.9,1219692,18142180,30,12200496,6489548,4532908,639092,
2025-11-21 03:02:50,56638,dbtest,56.6,7.0,857668,18204184,39,12200496,6489548,4532908,639092,
2025-11-21 03:02:50,56835,dbtest,46.2,3.8,474884,17716760,40,12200496,6489548,4532908,639092,
2025-11-21 03:02:50,56919,dbtest,24.2,2.0,250300,17425380,30,12200496,6489548,4532908,639092,
2025-11-21 03:02:50,56837,dbtest,18.2,1.9,235548,17425380,30,12200496,6489548,4532908,639092,
2025-11-21 03:02:50,56836,dbtest,20.4,1.6,201716,17505816,39,12200496,6489548,4532908,639092,
2025-11-21 03:02:51,56636,dbtest,118,10.5,1285732,18364432,37,12200496,8116076,2906012,639092,
2025-11-21 03:02:51,56718,dbtest,55.1,10.4,1269632,18199524,30,12200496,8116076,2906012,639092,
2025-11-21 03:02:51,56639,dbtest,48.6,10.2,1252476,18199524,30,12200496,8116076,2906012,639092,
2025-11-21 03:02:51,56638,dbtest,55.2,7.1,877504,18261528,39,12200496,8116076,2906012,639092,
2025-11-21 03:02:51,56835,dbtest,90.3,6.7,818500,18030104,39,12200496,8116076,2906012,639092,
2025-11-21 03:02:51,56919,dbtest,49.0,6.0,736772,17855460,30,12200496,8116076,2906012,639092,
2025-11-21 03:02:51,56837,dbtest,35.5,5.2,638892,17748964,30,12200496,8116076,2906012,639092,
2025-11-21 03:02:51,56836,dbtest,34.8,3.5,435620,17676824,39,12200496,8116076,2906012,639092,
2025-11-21 03:02:52,56636,dbtest,103,10.5,1285732,18364432,37,12200496,8724020,2298068,639092,
2025-11-21 03:02:52,56718,dbtest,50.8,10.4,1269632,18199524,30,12200496,8724020,2298068,639092,
2025-11-21 03:02:52,56639,dbtest,45.9,10.2,1252476,18199524,30,12200496,8724020,2298068,639092,
2025-11-21 03:02:52,56835,dbtest,99.2,8.6,1053436,18112024,39,12200496,8724020,2298068,639092,
2025-11-21 03:02:52,56638,dbtest,53.8,7.1,877244,18261528,39,12200496,8724020,2298068,639092,
2025-11-21 03:02:52,56919,dbtest,49.2,6.8,835636,17925092,30,12200496,8724020,2298068,639092,
2025-11-21 03:02:52,56837,dbtest,41.3,6.5,804784,17867748,30,12200496,8724020,2298068,639092,
2025-11-21 03:02:52,56836,dbtest,46.7,4.8,588004,17876504,39,12200496,8724020,2298068,639092,
2025-11-21 03:02:53,56636,dbtest,103,10.5,1285732,18364432,37,12200496,9105388,1916700,639092,
2025-11-21 03:02:53,56718,dbtest,53.5,10.4,1269632,18199524,30,12200496,9105388,1916700,639092,
2025-11-21 03:02:53,56639,dbtest,48.5,10.2,1252476,18199524,30,12200496,9105388,1916700,639092,
2025-11-21 03:02:53,56835,dbtest,106,8.3,1022204,18177560,38,12200496,9105388,1916700,639092,
2025-11-21 03:02:53,56919,dbtest,57.7,8.0,980256,18043876,30,12200496,9105388,1916700,639092,
2025-11-21 03:02:53,56837,dbtest,49.0,7.8,960596,17986532,30,12200496,9105388,1916700,639092,
2025-11-21 03:02:53,56638,dbtest,57.8,7.1,877244,18261528,39,12200496,9105388,1916700,639092,
2025-11-21 03:02:53,56836,dbtest,57.4,5.6,694548,18023960,39,12200496,9105388,1916700,639092,
2025-11-21 03:02:54,56636,dbtest,101,10.5,1285732,18364432,37,12200496,9425356,1596732,638836,
2025-11-21 03:02:54,56718,dbtest,54.3,10.4,1269632,18199524,30,12200496,9425356,1596732,638836,
2025-11-21 03:02:54,56639,dbtest,49.1,10.2,1252476,18199524,30,12200496,9425356,1596732,638836,
2025-11-21 03:02:54,56835,dbtest,110,8.9,1092764,18243096,38,12200496,9425356,1596732,638836,
2025-11-21 03:02:54,56919,dbtest,59.4,8.5,1043644,18072548,30,12200496,9425356,1596732,638836,
2025-11-21 03:02:54,56837,dbtest,51.3,8.3,1023996,18015204,30,12200496,9425356,1596732,638836,
2025-11-21 03:02:54,56638,dbtest,60.3,7.1,877244,18261528,39,12200496,9425356,1596732,638836,
2025-11-21 03:02:54,56836,dbtest,61.8,6.0,738712,18077208,39,12200496,9425356,1596732,638836,
2025-11-21 03:02:56,56636,dbtest,100,10.5,1285732,18364432,37,12200496,9698648,1323440,638836,
2025-11-21 03:02:56,56718,dbtest,55.5,10.4,1269632,18199524,30,12200496,9698648,1323440,638836,
2025-11-21 03:02:56,56639,dbtest,50.5,10.2,1252476,18199524,30,12200496,9698648,1323440,638836,
2025-11-21 03:02:56,56835,dbtest,115,9.6,1181500,18284056,38,12200496,9698648,1323440,638836,
2025-11-21 03:02:56,56919,dbtest,62.6,9.4,1154400,18150372,30,12200496,9698648,1323440,638836,
2025-11-21 03:02:56,56837,dbtest,54.0,9.1,1122136,18093028,30,12200496,9698648,1323440,638836,
2025-11-21 03:02:56,56638,dbtest,63.0,7.1,877244,18261528,39,12200496,9698648,1323440,638836,
2025-11-21 03:02:56,56836,dbtest,66.1,6.3,778368,18155032,39,12200496,9698648,1323440,638836,
2025-11-21 03:02:57,56835,dbtest,121,10.5,1288860,18333208,38,12200496,10054652,967420,638836,
2025-11-21 03:02:57,56636,dbtest,99.4,10.5,1285732,18364432,37,12200496,10054652,967420,638836,
2025-11-21 03:02:57,56718,dbtest,56.9,10.4,1269632,18199524,30,12200496,10054652,967420,638836,
2025-11-21 03:02:57,56639,dbtest,51.9,10.2,1252476,18199524,30,12200496,10054652,967420,638836,
2025-11-21 03:02:57,56919,dbtest,65.0,9.9,1219884,18199524,30,12200496,10054652,967420,638836,
2025-11-21 03:02:57,56837,dbtest,56.5,9.8,1200180,18142180,30,12200496,10054652,967420,638836,
2025-11-21 03:02:57,56638,dbtest,65.4,7.1,877244,18261528,39,12200496,10054652,967420,638836,
2025-11-21 03:02:57,56836,dbtest,70.4,6.8,837992,18204184,39,12200496,10054652,967420,638836,
2025-11-21 03:02:58,56835,dbtest,115,10.9,1333728,21694004,50,12200496,10285284,736772,638836,
2025-11-21 03:02:58,56636,dbtest,96.1,10.8,1327696,21661236,50,12200496,10285284,736772,638836,
2025-11-21 03:02:58,56919,dbtest,60.2,10.5,1283084,18265064,31,12200496,10285284,736772,638836,
2025-11-21 03:02:58,56718,dbtest,53.4,10.4,1273728,18207720,31,12200496,10285284,736772,638836,
2025-11-21 03:02:58,56639,dbtest,49.1,10.2,1256316,18207720,31,12200496,10285284,736772,638836,
2025-11-21 03:02:58,56837,dbtest,53.2,10.2,1256108,18207720,31,12200496,10285284,736772,638836,
2025-11-21 03:02:58,56638,dbtest,62.4,7.2,879932,18261528,40,12200496,10285284,736772,638836,
2025-11-21 03:02:58,56836,dbtest,66.5,7.1,872712,18204184,40,12200496,10285284,736772,638836,
2025-11-21 03:02:59,56636,dbtest,99.2,10.9,1335956,21668916,50,12200496,10398892,623164,638836,
2025-11-21 03:02:59,56835,dbtest,117,10.9,1331132,21701684,50,12200496,10398892,623164,638836,
2025-11-21 03:02:59,56919,dbtest,59.8,10.6,1296712,18288616,31,12200496,10398892,623164,638836,
2025-11-21 03:02:59,56718,dbtest,53.8,10.5,1290192,18288616,31,12200496,10398892,623164,638836,
2025-11-21 03:02:59,56837,dbtest,53.6,10.4,1280036,18226152,31,12200496,10398892,623164,638836,
2025-11-21 03:02:59,56639,dbtest,49.6,10.4,1277048,18228712,31,12200496,10398892,623164,638836,
2025-11-21 03:02:59,56836,dbtest,67.4,7.3,899204,18279960,40,12200496,10398892,623164,638836,
2025-11-21 03:02:59,56638,dbtest,63.0,7.3,896928,18279960,40,12200496,10398892,623164,638836,
2025-11-21 03:03:00,56636,dbtest,101,11.0,1345324,21671476,50,12200496,10456180,565876,638836,
2025-11-21 03:03:00,56835,dbtest,119,10.9,1339940,21704244,50,12200496,10456180,565876,638836,
2025-11-21 03:03:00,56919,dbtest,59.6,10.6,1304008,18288616,31,12200496,10456180,565876,638836,
2025-11-21 03:03:00,56718,dbtest,54.0,10.6,1299608,18288616,31,12200496,10456180,565876,638836,
2025-11-21 03:03:00,56837,dbtest,53.7,10.5,1287076,18226152,31,12200496,10456180,565876,638836,
2025-11-21 03:03:00,56639,dbtest,50.0,10.5,1286616,18228712,31,12200496,10456180,565876,638836,
2025-11-21 03:03:00,56836,dbtest,67.8,7.3,902660,18279960,40,12200496,10456180,565876,638836,
2025-11-21 03:03:00,56638,dbtest,64.0,7.3,902492,18279960,40,12200496,10456180,565876,638836,
2025-11-21 03:03:01,56636,dbtest,104,11.1,1354700,21671476,50,12200496,10488864,533180,638580,
2025-11-21 03:03:01,56835,dbtest,120,11.0,1346520,21704244,50,12200496,10488864,533180,638580,
2025-11-21 03:03:01,56919,dbtest,59.5,10.7,1308040,18288616,31,12200496,10488864,533180,638580,
2025-11-21 03:03:01,56718,dbtest,54.3,10.6,1296640,18288616,31,12200496,10488864,533180,638580,
2025-11-21 03:03:01,56639,dbtest,50.3,10.5,1293144,18228712,31,12200496,10488864,533180,638580,
2025-11-21 03:03:01,56837,dbtest,54.0,10.5,1292836,18226152,31,12200496,10488864,533180,638580,
2025-11-21 03:03:01,56638,dbtest,64.6,7.4,905608,18279960,40,12200496,10488864,533180,638580,
2025-11-21 03:03:01,56836,dbtest,68.2,7.4,904580,18279960,40,12200496,10488864,533180,638580,
2025-11-21 03:03:02,56636,dbtest,106,11.1,1361908,21671476,50,12200496,10532580,489460,638580,
2025-11-21 03:03:02,56835,dbtest,122,11.0,1351628,21704244,50,12200496,10532580,489460,638580,
2025-11-21 03:03:02,56919,dbtest,59.3,10.7,1312776,18288616,31,12200496,10532580,489460,638580,
2025-11-21 03:03:02,56718,dbtest,54.3,10.6,1303040,18288616,31,12200496,10532580,489460,638580,
2025-11-21 03:03:02,56639,dbtest,50.6,10.6,1299416,18228712,31,12200496,10532580,489460,638580,
2025-11-21 03:03:02,56837,dbtest,54.0,10.6,1297572,18226152,31,12200496,10532580,489460,638580,
2025-11-21 03:03:02,56638,dbtest,65.1,7.4,908680,18279960,40,12200496,10532580,489460,638580,
2025-11-21 03:03:02,56836,dbtest,68.6,7.4,906756,18279960,40,12200496,10532580,489460,638580,
2025-11-21 03:03:03,56636,dbtest,108,11.2,1371156,21683764,50,12200496,10577032,445008,638580,
2025-11-21 03:03:03,56835,dbtest,123,11.1,1358320,21713460,50,12200496,10577032,445008,638580,
2025-11-21 03:03:03,56919,dbtest,59.3,10.7,1317512,18288616,31,12200496,10577032,445008,638580,
2025-11-21 03:03:03,56718,dbtest,54.4,10.7,1309440,18288616,31,12200496,10577032,445008,638580,
2025-11-21 03:03:03,56639,dbtest,50.9,10.7,1305944,18228712,31,12200496,10577032,445008,638580,
2025-11-21 03:03:03,56837,dbtest,54.2,10.6,1302436,18226152,31,12200496,10577032,445008,638580,
2025-11-21 03:03:03,56638,dbtest,65.6,7.4,911240,18279960,40,12200496,10577032,445008,638580,
2025-11-21 03:03:03,56836,dbtest,69.0,7.4,909060,18279960,40,12200496,10577032,445008,638580,
2025-11-21 03:03:05,56636,dbtest,112,13.8,1689348,22006324,50,12200496,10927508,198008,638580,
2025-11-21 03:03:05,56835,dbtest,124,11.1,1363504,21713460,50,12200496,10927508,198008,638580,
2025-11-21 03:03:05,56919,dbtest,59.5,10.8,1321224,18288616,31,12200496,10927508,198008,638580,
2025-11-21 03:03:05,56718,dbtest,54.5,10.7,1314432,18300904,31,12200496,10927508,198008,638580,
2025-11-21 03:03:05,56639,dbtest,51.3,10.7,1310808,18247144,31,12200496,10927508,198008,638580,
2025-11-21 03:03:05,56837,dbtest,54.4,10.7,1306276,18238440,31,12200496,10927508,198008,638580,
2025-11-21 03:03:05,56638,dbtest,66.3,7.4,913416,18279960,40,12200496,10927508,198008,638580,
2025-11-21 03:03:05,56836,dbtest,69.6,7.4,910724,18279960,40,12200496,10927508,198008,638580,
2025-11-21 03:03:06,56636,dbtest,117,14.7,1804516,22153780,50,12200496,11041028,188900,638580,
2025-11-21 03:03:06,56835,dbtest,125,11.2,1367076,21723700,50,12200496,11041028,188900,638580,
2025-11-21 03:03:06,56919,dbtest,59.8,10.8,1323656,18294760,31,12200496,11041028,188900,638580,
2025-11-21 03:03:06,56718,dbtest,55.2,10.8,1319680,18300904,31,12200496,11041028,188900,638580,
2025-11-21 03:03:06,56639,dbtest,52.2,10.7,1315800,18247144,31,12200496,11041028,188900,638580,
2025-11-21 03:03:06,56837,dbtest,54.6,10.7,1308324,18238440,31,12200496,11041028,188900,638580,
2025-11-21 03:03:06,56638,dbtest,67.3,7.4,914720,18279960,40,12200496,11041028,188900,638580,
2025-11-21 03:03:06,56836,dbtest,70.4,7.4,911588,18279960,40,12200496,11041028,188900,638580,
2025-11-21 03:03:07,56636,dbtest,117,15.9,1942496,22262324,50,12200496,11186136,149872,638580,
2025-11-21 03:03:07,56835,dbtest,120,11.2,1370984,21727284,50,12200496,11186136,149872,638580,
2025-11-21 03:03:07,56919,dbtest,57.4,10.8,1326216,18300904,31,12200496,11186136,149872,638580,
2025-11-21 03:03:07,56718,dbtest,53.7,10.8,1324224,18313192,31,12200496,11186136,149872,638580,
2025-11-21 03:03:07,56639,dbtest,51.1,10.8,1320536,18247144,31,12200496,11186136,149872,638580,
2025-11-21 03:03:07,56837,dbtest,52.6,10.7,1311396,18238440,31,12200496,11186136,149872,638580,
2025-11-21 03:03:07,56638,dbtest,65.8,7.5,916896,18279960,40,12200496,11186136,149872,638580,
2025-11-21 03:03:07,56836,dbtest,68.2,7.4,912612,18279960,40,12200496,11186136,149872,638580,
2025-11-21 03:03:08,56636,dbtest,121,16.6,2035404,22383156,50,12200496,11305340,254008,638580,
2025-11-21 03:03:08,56835,dbtest,121,11.2,1373212,21727284,50,12200496,11305340,254008,638580,
2025-11-21 03:03:08,56919,dbtest,58.1,10.8,1328776,18300904,31,12200496,11305340,254008,638580,
2025-11-21 03:03:08,56718,dbtest,54.4,10.8,1327808,18313192,31,12200496,11305340,254008,638580,
2025-11-21 03:03:08,56639,dbtest,52.1,10.8,1324504,18253288,31,12200496,11305340,254008,638580,
2025-11-21 03:03:08,56837,dbtest,53.1,10.7,1312804,18238440,31,12200496,11305340,254008,638580,
2025-11-21 03:03:08,56638,dbtest,67.3,7.5,919072,18279960,40,12200496,11305340,254008,638580,
2025-11-21 03:03:08,56836,dbtest,69.2,7.4,913764,18279960,40,12200496,11305340,254008,638580,
2025-11-21 03:03:10,56636,dbtest,126,17.0,2081264,22392884,50,12200496,11357540,202124,638580,
2025-11-21 03:03:10,56835,dbtest,121,11.2,1375364,21727284,50,12200496,11357540,202124,638580,
2025-11-21 03:03:10,56718,dbtest,55.5,10.9,1330580,18313192,31,12200496,11357540,202124,638580,
2025-11-21 03:03:10,56919,dbtest,59.2,10.8,1329764,18300904,31,12200496,11357540,202124,638580,
2025-11-21 03:03:10,56639,dbtest,53.5,10.8,1327192,18253288,31,12200496,11357540,202124,638580,
2025-11-21 03:03:10,56837,dbtest,54.3,10.7,1314468,18238440,31,12200496,11357540,202124,638580,
2025-11-21 03:03:10,56638,dbtest,68.7,7.5,920096,18279960,40,12200496,11357540,202124,638580,
2025-11-21 03:03:10,56836,dbtest,70.4,7.4,914020,18279960,40,12200496,11357540,202124,638580,
2025-11-21 03:03:11,56636,dbtest,125,17.5,2137208,22527540,50,12200496,11434012,229588,638580,
2025-11-21 03:03:11,56835,dbtest,119,11.2,1377284,21730868,50,12200496,11434012,229588,638580,
2025-11-21 03:03:11,56718,dbtest,55.2,10.9,1334548,18313192,31,12200496,11434012,229588,638580,
2025-11-21 03:03:11,56919,dbtest,58.2,10.9,1331300,18300904,31,12200496,11434012,229588,638580,
2025-11-21 03:03:11,56639,dbtest,53.3,10.9,1330520,18253288,31,12200496,11434012,229588,638580,
2025-11-21 03:03:11,56837,dbtest,53.8,10.7,1315876,18238440,31,12200496,11434012,229588,638580,
2025-11-21 03:03:11,56638,dbtest,68.1,7.5,921436,18279960,40,12200496,11434012,229588,638580,
2025-11-21 03:03:11,56836,dbtest,69.9,7.5,915044,18279960,40,12200496,11434012,229588,638580,
2025-11-21 03:03:13,56636,dbtest,128,18.0,2200356,22534708,50,12200496,11508572,188568,638580,
2025-11-21 03:03:13,56835,dbtest,120,11.3,1380424,21730868,50,12200496,11508572,188568,638580,
2025-11-21 03:03:13,56718,dbtest,55.7,10.9,1338004,18313192,31,12200496,11508572,188568,638580,
2025-11-21 03:03:13,56639,dbtest,54.0,10.9,1333848,18253288,31,12200496,11508572,188568,638580,
2025-11-21 03:03:13,56919,dbtest,58.8,10.9,1333604,18300904,31,12200496,11508572,188568,638580,
2025-11-21 03:03:13,56837,dbtest,54.5,10.8,1318948,18238440,31,12200496,11508572,188568,638580,
2025-11-21 03:03:13,56638,dbtest,69.0,7.5,923484,18279960,40,12200496,11508572,188568,638580,
2025-11-21 03:03:13,56836,dbtest,70.7,7.5,916964,18279960,40,12200496,11508572,188568,638580,
2025-11-21 03:03:14,56636,dbtest,128,18.5,2259456,22698548,50,12200496,11560172,162428,640116,
2025-11-21 03:03:14,56835,dbtest,117,11.3,1382204,21734452,50,12200496,11560172,162428,640116,
2025-11-21 03:03:14,56718,dbtest,55.0,10.9,1340052,18313192,31,12200496,11560172,162428,640116,
2025-11-21 03:03:14,56639,dbtest,53.6,10.9,1336280,18253288,31,12200496,11560172,162428,640116,
2025-11-21 03:03:14,56919,dbtest,57.5,10.9,1335012,18300904,31,12200496,11560172,162428,640116,
2025-11-21 03:03:15,56837,dbtest,53.5,10.8,1320100,18238440,31,12200496,11560172,162428,640116,
2025-11-21 03:03:15,56638,dbtest,68.4,7.5,924380,18279960,40,12200496,11560172,162428,640116,
2025-11-21 03:03:15,56836,dbtest,69.7,7.5,919696,18279960,40,12200496,11560172,162428,640116,
2025-11-21 03:03:16,56636,dbtest,129,18.6,2280612,22698548,50,12200496,11615104,191348,648212,
2025-11-21 03:03:16,56835,dbtest,115,11.3,1382132,21734452,50,12200496,11615104,191348,648212,
2025-11-21 03:03:16,56718,dbtest,55.2,10.9,1340948,18313192,31,12200496,11615104,191348,648212,
2025-11-21 03:03:16,56639,dbtest,53.3,10.9,1337048,18310632,31,12200496,11615104,191348,648212,
2025-11-21 03:03:16,56919,dbtest,56.9,10.9,1333860,18300904,31,12200496,11615104,191348,648212,
2025-11-21 03:03:16,56837,dbtest,53.5,10.8,1318820,18252776,31,12200496,11615104,191348,648212,
2025-11-21 03:03:16,56638,dbtest,68.1,7.5,922972,18279960,40,12200496,11615104,191348,648212,
2025-11-21 03:03:16,56836,dbtest,69.5,7.5,917008,18279960,40,12200496,11615104,191348,648212,
2025-11-21 03:03:19,56636,dbtest,128,18.8,2298484,22698548,50,12200496,11617132,227948,662548,
2025-11-21 03:03:19,56835,dbtest,113,11.3,1382612,21734452,50,12200496,11617132,227948,662548,
2025-11-21 03:03:19,56718,dbtest,54.5,11.0,1343124,18313192,31,12200496,11617132,227948,662548,
2025-11-21 03:03:19,56639,dbtest,52.8,10.9,1339864,18317800,31,12200496,11617132,227948,662548,
2025-11-21 03:03:19,56919,dbtest,56.1,10.9,1333476,18300904,31,12200496,11617132,227948,662548,
2025-11-21 03:03:19,56837,dbtest,52.8,10.8,1318692,18252776,31,12200496,11617132,227948,662548,
2025-11-21 03:03:19,56638,dbtest,67.6,7.5,922972,18279960,40,12200496,11617132,227948,662548,
2025-11-21 03:03:19,56836,dbtest,68.6,7.5,915600,18279960,40,12200496,11617132,227948,662548,
2025-11-21 03:03:23,56636,dbtest,127,19.1,2341784,22698548,50,12200496,11636028,254480,693780,
2025-11-21 03:03:23,56835,dbtest,110,11.3,1385632,21734452,50,12200496,11636028,254480,693780,
2025-11-21 03:03:23,56718,dbtest,52.9,11.0,1345232,18313192,31,12200496,11636028,254480,693780,
2025-11-21 03:03:23,56639,dbtest,51.9,10.9,1338072,18317800,31,12200496,11636028,254480,693780,
2025-11-21 03:03:23,56919,dbtest,54.2,10.9,1335524,18300904,31,12200496,11636028,254480,693780,
2025-11-21 03:03:23,56837,dbtest,51.2,10.8,1320484,18252776,31,12200496,11636028,254480,693780,
2025-11-21 03:03:23,56638,dbtest,66.0,7.5,919996,18279960,40,12200496,11636028,254480,693780,
2025-11-21 03:03:23,56836,dbtest,66.6,7.5,916368,18286104,40,12200496,11636028,254480,693780,
2025-11-21 03:03:25,56636,dbtest,123,19.8,2419984,22895156,50,12200496,11567416,331696,913752,
2025-11-21 03:03:25,56835,dbtest,105,11.3,1386912,21734452,50,12200496,11567416,331696,913752,
2025-11-21 03:03:25,56718,dbtest,51.1,11.0,1348412,18313192,31,12200496,11567416,331696,913752,
2025-11-21 03:03:25,56919,dbtest,52.3,10.9,1336548,18300904,31,12200496,11567416,331696,913752,
2025-11-21 03:03:25,56837,dbtest,49.8,10.8,1322020,18252776,31,12200496,11567416,331696,913752,
2025-11-21 03:03:25,56639,dbtest,50.4,10.4,1269080,18317800,31,12200496,11567416,331696,913752,
2025-11-21 03:03:25,56836,dbtest,65.2,7.5,916752,18286104,40,12200496,11567416,331696,913752,
2025-11-21 03:03:25,56638,dbtest,64.9,6.7,829420,18296344,40,12200496,11567416,331696,913752,
2025-11-21 03:03:26,56636,dbtest,122,21.2,2587692,23153204,50,12200496,11739472,158428,924248,
2025-11-21 03:03:26,56835,dbtest,103,11.3,1390548,21734452,50,12200496,11739472,158428,924248,
2025-11-21 03:03:26,56718,dbtest,50.6,11.1,1354812,18334696,31,12200496,11739472,158428,924248,
2025-11-21 03:03:26,56919,dbtest,51.3,10.9,1338852,18315240,31,12200496,11739472,158428,924248,
2025-11-21 03:03:26,56837,dbtest,49.0,10.8,1323940,18252776,31,12200496,11739472,158428,924248,
2025-11-21 03:03:26,56639,dbtest,50.0,10.3,1267672,18317800,31,12200496,11739472,158428,924248,
2025-11-21 03:03:26,56836,dbtest,64.1,7.5,918032,18292248,40,12200496,11739472,158428,924248,
2025-11-21 03:03:26,56638,dbtest,64.0,6.8,830700,18302488,40,12200496,11739472,158428,924248,
2025-11-21 03:03:28,56636,dbtest,123,22.1,2703508,23160372,50,12200496,11730836,167132,1093920,
2025-11-21 03:03:28,56835,dbtest,103,11.3,1387348,21738548,50,12200496,11730836,167132,1093920,
2025-11-21 03:03:28,56919,dbtest,51.5,10.9,1339620,18315240,31,12200496,11730836,167132,1093920,
2025-11-21 03:03:28,56837,dbtest,49.2,10.8,1324196,18252776,31,12200496,11730836,167132,1093920,
2025-11-21 03:03:28,56718,dbtest,50.9,10.3,1257532,18334696,31,12200496,11730836,167132,1093920,
2025-11-21 03:03:29,56639,dbtest,50.3,10.2,1252824,18324968,31,12200496,11730836,167132,1093920,
2025-11-21 03:03:29,56836,dbtest,64.5,7.4,914704,18292248,40,12200496,11730836,167132,1093920,
2025-11-21 03:03:29,56638,dbtest,64.4,6.7,829472,18302488,40,12200496,11730836,167132,1093920,
2025-11-21 03:03:30,56636,dbtest,120,23.1,2825100,23438900,50,12200496,11643764,253040,1328796,
2025-11-21 03:03:30,56919,dbtest,50.3,11.0,1343588,18315240,31,12200496,11643764,253040,1328796,
2025-11-21 03:03:30,56835,dbtest,100,10.6,1295152,21738548,50,12200496,11643764,253040,1328796,
2025-11-21 03:03:30,56718,dbtest,49.7,10.3,1262328,18341864,31,12200496,11643764,253040,1328796,
2025-11-21 03:03:30,56837,dbtest,48.2,10.3,1258276,18252776,31,12200496,11643764,253040,1328796,
2025-11-21 03:03:30,56639,dbtest,49.4,10.3,1257944,18324968,31,12200496,11643764,253040,1328796,
2025-11-21 03:03:30,56836,dbtest,63.3,6.8,838416,18292248,40,12200496,11643764,253040,1328796,
2025-11-21 03:03:30,56638,dbtest,63.1,6.8,833312,18302488,40,12200496,11643764,253040,1328796,
2025-11-21 03:03:31,56636,dbtest,120,24.2,2953904,23438900,47,12200496,11622504,274108,1524912,
2025-11-21 03:03:31,56835,dbtest,100,10.6,1293316,21705764,42,12200496,11622504,274108,1524912,
2025-11-21 03:03:31,56718,dbtest,49.9,10.3,1257336,18341864,31,12200496,11622504,274108,1524912,
2025-11-21 03:03:31,56639,dbtest,49.7,10.2,1253592,18324968,31,12200496,11622504,274108,1524912,
2025-11-21 03:03:31,56919,dbtest,50.5,10.2,1246564,18315240,31,12200496,11622504,274108,1524912,
2025-11-21 03:03:31,56837,dbtest,48.4,10.0,1230756,18252776,31,12200496,11622504,274108,1524912,
2025-11-21 03:03:31,56638,dbtest,63.4,6.7,828960,18302488,40,12200496,11622504,274108,1524912,
2025-11-21 03:03:31,56836,dbtest,63.6,6.7,821136,18292248,40,12200496,11622504,274108,1524912,
2025-11-21 03:03:33,56636,dbtest,119,24.9,3049140,23684620,36,12200496,11639204,257048,1635456,
2025-11-21 03:03:33,56835,dbtest,99.5,10.5,1293024,21656588,36,12200496,11639204,257048,1635456,
2025-11-21 03:03:33,56919,dbtest,50.7,10.1,1239372,18315240,31,12200496,11639204,257048,1635456,
2025-11-21 03:03:33,56837,dbtest,48.6,10.1,1235300,18260968,31,12200496,11639204,257048,1635456,
2025-11-21 03:03:33,56718,dbtest,50.0,10.1,1233156,18341864,31,12200496,11639204,257048,1635456,
2025-11-21 03:03:33,56639,dbtest,49.7,10.0,1225536,18324968,31,12200496,11639204,257048,1635456,
2025-11-21 03:03:33,56836,dbtest,63.9,6.7,825216,18292248,40,12200496,11639204,257048,1635456,
2025-11-21 03:03:33,56638,dbtest,63.8,6.7,823500,18302488,40,12200496,11639204,257048,1635456,
2025-11-21 03:03:34,56636,dbtest,117,25.9,3167924,23684620,36,12200496,11656068,240120,1794708,
2025-11-21 03:03:34,56835,dbtest,96.8,10.5,1293024,21656588,36,12200496,11656068,240120,1794708,
2025-11-21 03:03:34,56919,dbtest,49.9,10.1,1239372,18315240,31,12200496,11656068,240120,1794708,
2025-11-21 03:03:34,56837,dbtest,47.9,10.1,1235300,18260968,31,12200496,11656068,240120,1794708,
2025-11-21 03:03:34,56718,dbtest,49.2,9.7,1188740,18341864,31,12200496,11656068,240120,1794708,
2025-11-21 03:03:34,56639,dbtest,49.2,9.6,1178816,18324968,31,12200496,11656068,240120,1794708,
2025-11-21 03:03:34,56836,dbtest,63.2,6.7,825216,18292248,40,12200496,11656068,240120,1794708,
2025-11-21 03:03:34,56638,dbtest,63.2,6.5,800844,18302488,40,12200496,11656068,240120,1794708,
2025-11-21 03:03:35,56636,dbtest,117,27.2,3328948,24077836,36,12200496,11250716,643952,1931848,
2025-11-21 03:03:35,56835,dbtest,95.9,10.5,1293024,21656588,36,12200496,11250716,643952,1931848,
2025-11-21 03:03:35,56718,dbtest,49.5,9.4,1153412,18333668,26,12200496,11250716,643952,1931848,
2025-11-21 03:03:35,56639,dbtest,49.1,9.3,1145920,18324968,31,12200496,11250716,643952,1931848,
2025-11-21 03:03:35,56837,dbtest,48.1,8.9,1090200,18228184,23,12200496,11250716,643952,1931848,
2025-11-21 03:03:35,56919,dbtest,50.0,7.3,897840,18266064,21,12200496,11250716,643952,1931848,
2025-11-21 03:03:35,56836,dbtest,63.4,6.7,825856,18284052,38,12200496,11250716,643952,1931848,
2025-11-21 03:03:35,56638,dbtest,63.5,6.4,786380,18245116,32,12200496,11250716,643952,1931848,
2025-11-21 03:03:37,56636,dbtest,117,31.2,3817012,24536588,36,12200496,11411076,483688,1973472,
2025-11-21 03:03:37,56835,dbtest,95.0,10.5,1293024,21656588,36,12200496,11411076,483688,1973472,
2025-11-21 03:03:37,56718,dbtest,49.6,9.3,1134904,18317276,24,12200496,11411076,483688,1973472,
2025-11-21 03:03:37,56639,dbtest,49.4,9.2,1129188,18300380,24,12200496,11411076,483688,1973472,
2025-11-21 03:03:37,56837,dbtest,48.2,7.2,886820,18179008,17,12200496,11411076,483688,1973472,
2025-11-21 03:03:37,56919,dbtest,49.9,7.2,878796,18233280,17,12200496,11411076,483688,1973472,
2025-11-21 03:03:37,56836,dbtest,63.7,6.4,783988,18169308,24,12200496,11411076,483688,1973472,
2025-11-21 03:03:37,56638,dbtest,63.6,6.0,744176,18179548,24,12200496,11411076,483688,1973472,
2025-11-21 03:03:38,56636,dbtest,115,34.6,4229876,25023984,29,12200496,10995624,899328,1936664,
2025-11-21 03:03:38,56639,dbtest,49.1,8.0,984940,18275792,21,12200496,10995624,899328,1936664,
2025-11-21 03:03:38,56835,dbtest,92.7,7.7,948908,21574628,26,12200496,10995624,899328,1936664,
2025-11-21 03:03:38,56837,dbtest,47.4,7.3,893092,18179008,17,12200496,10995624,899328,1936664,
2025-11-21 03:03:38,56919,dbtest,49.3,7.2,884428,18233280,17,12200496,10995624,899328,1936664,
2025-11-21 03:03:38,56836,dbtest,62.8,6.4,787828,18169308,24,12200496,10995624,899328,1936664,
2025-11-21 03:03:38,56718,dbtest,49.3,6.2,767008,18259904,17,12200496,10995624,899328,1936664,
2025-11-21 03:03:38,56638,dbtest,62.9,6.0,743792,18179548,24,12200496,10995624,899328,1936664,
2025-11-21 03:03:39,56636,dbtest,116,39.2,4787068,25679344,29,12200496,11273276,622084,1870204,
2025-11-21 03:03:39,56835,dbtest,92.2,7.5,926108,21541844,22,12200496,11273276,622084,1870204,
2025-11-21 03:03:39,56837,dbtest,47.5,7.3,899236,18179008,17,12200496,11273276,622084,1870204,
2025-11-21 03:03:39,56919,dbtest,49.3,7.2,889804,18233280,17,12200496,11273276,622084,1870204,
2025-11-21 03:03:39,56836,dbtest,63.0,6.4,791540,18169308,24,12200496,11273276,622084,1870204,
2025-11-21 03:03:39,56718,dbtest,49.5,6.2,758048,18259904,17,12200496,11273276,622084,1870204,
2025-11-21 03:03:39,56639,dbtest,49.4,6.0,743404,18243008,17,12200496,11273276,622084,1870204,
2025-11-21 03:03:39,56638,dbtest,63.1,6.0,742512,18179548,24,12200496,11273276,622084,1870204,
2025-11-21 03:03:40,56636,dbtest,116,40.6,4965244,26408404,22,12200496,11630396,265176,1764476,
2025-11-21 03:03:40,56835,dbtest,91.8,7.6,929436,21541844,22,12200496,11630396,265176,1764476,
2025-11-21 03:03:40,56837,dbtest,47.8,7.2,889340,18162616,15,12200496,11630396,265176,1764476,
2025-11-21 03:03:40,56919,dbtest,49.6,7.2,879864,18216888,15,12200496,11630396,265176,1764476,
2025-11-21 03:03:40,56836,dbtest,63.6,6.5,796148,18169308,24,12200496,11630396,265176,1764476,
2025-11-21 03:03:40,56718,dbtest,49.8,6.2,762656,18259904,17,12200496,11630396,265176,1764476,
2025-11-21 03:03:40,56639,dbtest,49.7,6.1,748780,18243008,17,12200496,11630396,265176,1764476,
2025-11-21 03:03:40,56638,dbtest,63.5,6.1,747632,18179548,24,12200496,11630396,265176,1764476,
2025-11-21 03:03:41,56636,dbtest,116,43.2,5271164,26432980,22,12200496,11769548,126060,1770348,
2025-11-21 03:03:41,56835,dbtest,91.2,7.6,932124,21541844,22,12200496,11769548,126060,1770348,
2025-11-21 03:03:42,56837,dbtest,48.1,7.3,897788,18162616,15,12200496,11769548,126060,1770348,
2025-11-21 03:03:42,56919,dbtest,49.8,7.2,884856,18216888,15,12200496,11769548,126060,1770348,
2025-11-21 03:03:42,56836,dbtest,64.0,6.4,783128,18152916,22,12200496,11769548,126060,1770348,
2025-11-21 03:03:42,56718,dbtest,50.0,6.1,747808,18259904,17,12200496,11769548,126060,1770348,
2025-11-21 03:03:42,56639,dbtest,50.0,6.1,746604,18243008,17,12200496,11769548,126060,1770348,
2025-11-21 03:03:42,56638,dbtest,63.8,5.9,727240,18163156,22,12200496,11769548,126060,1770348,
2025-11-21 03:03:43,56636,dbtest,114,43.4,5295868,26432980,22,12200496,11759948,135660,1816992,
2025-11-21 03:03:43,56835,dbtest,89.3,7.6,933404,21541844,22,12200496,11759948,135660,1816992,
2025-11-21 03:03:43,56919,dbtest,49.2,7.2,886904,18216888,15,12200496,11759948,135660,1816992,
2025-11-21 03:03:43,56837,dbtest,47.5,7.2,883404,18162616,15,12200496,11759948,135660,1816992,
2025-11-21 03:03:43,56836,dbtest,63.4,6.4,784152,18152916,22,12200496,11759948,135660,1816992,
2025-11-21 03:03:43,56639,dbtest,49.4,6.0,739180,18243008,17,12200496,11759948,135660,1816992,
2025-11-21 03:03:43,56718,dbtest,49.5,6.0,733472,18259904,17,12200496,11759948,135660,1816992,
2025-11-21 03:03:43,56638,dbtest,63.3,5.8,714824,18163156,22,12200496,11759948,135660,1816992,
2025-11-21 03:03:45,56636,dbtest,113,44.1,5389368,26416588,20,12200496,11757808,137796,1877716,
2025-11-21 03:03:45,56835,dbtest,88.7,7.6,935964,21541844,22,12200496,11757808,137796,1877716,
2025-11-21 03:03:45,56919,dbtest,49.3,7.2,889720,18216888,15,12200496,11757808,137796,1877716,
2025-11-21 03:03:45,56837,dbtest,47.5,7.1,877104,18146224,13,12200496,11757808,137796,1877716,
2025-11-21 03:03:45,56836,dbtest,63.6,6.4,787480,18152916,22,12200496,11757808,137796,1877716,
2025-11-21 03:03:45,56718,dbtest,49.6,5.8,716448,18259904,17,12200496,11757808,137796,1877716,
2025-11-21 03:03:45,56638,dbtest,63.4,5.7,698440,18163156,22,12200496,11757808,137796,1877716,
2025-11-21 03:03:45,56639,dbtest,49.6,5.6,690944,18226616,15,12200496,11757808,137796,1877716,
2025-11-21 03:03:46,56636,dbtest,111,45.2,5525304,26416588,20,12200496,11768496,127112,1959292,
2025-11-21 03:03:46,56835,dbtest,87.1,7.5,922476,21525452,20,12200496,11768496,127112,1959292,
2025-11-21 03:03:46,56837,dbtest,47.0,7.2,879280,18146224,13,12200496,11768496,127112,1959292,
2025-11-21 03:03:46,56919,dbtest,48.8,7.1,867432,18200496,13,12200496,11768496,127112,1959292,
2025-11-21 03:03:46,56836,dbtest,63.2,6.4,791064,18152916,22,12200496,11768496,127112,1959292,
2025-11-21 03:03:46,56638,dbtest,63.0,5.6,693832,18163156,22,12200496,11768496,127112,1959292,
2025-11-21 03:03:46,56639,dbtest,49.3,5.4,662144,18226616,15,12200496,11768496,127112,1959292,
2025-11-21 03:03:46,56718,dbtest,49.3,5.3,648280,18243512,15,12200496,11768496,127112,1959292,
2025-11-21 03:03:48,56636,dbtest,111,46.0,5620024,27334092,20,12200496,11762908,133212,2095964,
2025-11-21 03:03:48,56835,dbtest,86.6,7.5,925036,21525452,20,12200496,11762908,133212,2095964,
2025-11-21 03:03:48,56837,dbtest,47.2,7.2,881456,18146224,13,12200496,11762908,133212,2095964,
2025-11-21 03:03:48,56919,dbtest,48.7,7.1,870632,18200496,13,12200496,11762908,133212,2095964,
2025-11-21 03:03:48,56836,dbtest,63.3,6.5,793880,18152916,22,12200496,11762908,133212,2095964,
2025-11-21 03:03:48,56638,dbtest,63.2,5.2,639176,18163156,22,12200496,11762908,133212,2095964,
2025-11-21 03:03:48,56639,dbtest,49.5,5.1,628864,18226616,15,12200496,11762908,133212,2095964,
2025-11-21 03:03:48,56718,dbtest,49.5,5.1,628440,18243512,15,12200496,11762908,133212,2095964,
2025-11-21 03:03:49,56636,dbtest,110,46.3,5651108,27334092,20,12200496,11790024,155068,2094668,
2025-11-21 03:03:49,56835,dbtest,85.1,7.6,929388,21525452,20,12200496,11790024,155068,2094668,
2025-11-21 03:03:49,56837,dbtest,46.7,7.2,883760,18146224,13,12200496,11790024,155068,2094668,
2025-11-21 03:03:49,56919,dbtest,48.4,7.1,874088,18200496,13,12200496,11790024,155068,2094668,
2025-11-21 03:03:49,56836,dbtest,62.9,6.4,781164,18136524,20,12200496,11790024,155068,2094668,
2025-11-21 03:03:49,56638,dbtest,62.7,5.2,641224,18163156,22,12200496,11790024,155068,2094668,
2025-11-21 03:03:49,56639,dbtest,49.1,5.1,630912,18226616,15,12200496,11790024,155068,2094668,
2025-11-21 03:03:49,56718,dbtest,49.0,5.1,629208,18243512,15,12200496,11790024,155068,2094668,
2025-11-21 03:03:50,56636,dbtest,110,46.9,5728356,27317700,18,12200496,11819636,136096,2097072,
2025-11-21 03:03:50,56835,dbtest,84.7,7.6,933228,21525452,20,12200496,11819636,136096,2097072,
2025-11-21 03:03:50,56837,dbtest,47.0,7.2,888496,18146224,13,12200496,11819636,136096,2097072,
2025-11-21 03:03:50,56919,dbtest,48.6,7.1,878312,18200496,13,12200496,11819636,136096,2097072,
2025-11-21 03:03:50,56836,dbtest,63.1,6.4,784236,18136524,20,12200496,11819636,136096,2097072,
2025-11-21 03:03:51,56638,dbtest,63.0,5.0,621076,18146764,20,12200496,11819636,136096,2097072,
2025-11-21 03:03:51,56639,dbtest,49.2,5.0,619392,18226616,15,12200496,11819636,136096,2097072,
2025-11-21 03:03:51,56718,dbtest,49.2,5.0,617560,18243512,15,12200496,11819636,136096,2097072,
2025-11-21 03:03:52,56636,dbtest,110,47.7,5830884,27317700,18,12200496,11847088,134336,2071144,
2025-11-21 03:03:52,56835,dbtest,84.5,7.6,936428,21525452,20,12200496,11847088,134336,2071144,
2025-11-21 03:03:52,56837,dbtest,47.2,7.0,862424,18129832,11,12200496,11847088,134336,2071144,
2025-11-21 03:03:52,56919,dbtest,48.8,6.9,852800,18184104,11,12200496,11847088,134336,2071144,
2025-11-21 03:03:52,56836,dbtest,63.5,6.4,789356,18136524,20,12200496,11847088,134336,2071144,
2025-11-21 03:03:52,56638,dbtest,63.3,5.1,624788,18146764,20,12200496,11847088,134336,2071144,
2025-11-21 03:03:52,56718,dbtest,49.5,5.0,619224,18243512,15,12200496,11847088,134336,2071144,
2025-11-21 03:03:52,56639,dbtest,49.5,4.9,599756,18210224,13,12200496,11847088,134336,2071144,
2025-11-21 03:03:53,56636,dbtest,109,48.3,5904780,27301308,16,12200496,11858944,147708,2096964,
2025-11-21 03:03:53,56835,dbtest,83.1,7.4,912068,21509060,18,12200496,11858944,147708,2096964,
2025-11-21 03:03:53,56837,dbtest,46.7,7.0,863064,18129832,11,12200496,11858944,147708,2096964,
2025-11-21 03:03:54,56919,dbtest,48.4,7.0,856512,18184104,11,12200496,11858944,147708,2096964,
2025-11-21 03:03:54,56836,dbtest,63.0,6.3,778452,18120132,18,12200496,11858944,147708,2096964,
2025-11-21 03:03:54,56638,dbtest,63.0,5.0,621716,18146764,20,12200496,11858944,147708,2096964,
2025-11-21 03:03:54,56718,dbtest,49.2,5.0,612568,18243512,15,12200496,11858944,147708,2096964,
2025-11-21 03:03:54,56639,dbtest,49.1,4.8,597196,18210224,13,12200496,11858944,147708,2096964,
2025-11-21 03:03:56,56836,dbtest,63.1,6.3,780244,18120132,2,12200496,11890636,151576,2096756,
