I [/home/dp012/Desktop/gitmac/mako-pr/src/deptran/s_main.cc:124] 2025-12-04 12:05:46.249 | PWD : 
I [/home/dp012/Desktop/gitmac/mako-pr/src/deptran/s_main.cc:136] 2025-12-04 12:05:46.249 | starting process 66593
I [/home/dp012/Desktop/gitmac/mako-pr/src/deptran/config.cc:290] 2025-12-04 12:05:46.249 | LoadYML: test_det_3replicas.yml
I [/home/dp012/Desktop/gitmac/mako-pr/src/deptran/config.cc:689] 2025-12-04 12:05:46.251 | group size: 1
I [/home/dp012/Desktop/gitmac/mako-pr/src/deptran/config.cc:689] 2025-12-04 12:05:46.251 | group size: 1
I [/home/dp012/Desktop/gitmac/mako-pr/src/deptran/config.cc:689] 2025-12-04 12:05:46.251 | group size: 1
I [/home/dp012/Desktop/gitmac/mako-pr/src/deptran/config.cc:689] 2025-12-04 12:05:46.251 | group size: 1
I [/home/dp012/Desktop/gitmac/mako-pr/src/deptran/config.cc:689] 2025-12-04 12:05:46.251 | group size: 1
I [/home/dp012/Desktop/gitmac/mako-pr/src/deptran/config.cc:689] 2025-12-04 12:05:46.251 | group size: 1
I [/home/dp012/Desktop/gitmac/mako-pr/src/deptran/config.cc:689] 2025-12-04 12:05:46.251 | group size: 1
I [/home/dp012/Desktop/gitmac/mako-pr/src/deptran/config.cc:689] 2025-12-04 12:05:46.251 | group size: 1
I [/home/dp012/Desktop/gitmac/mako-pr/src/deptran/config.cc:689] 2025-12-04 12:05:46.251 | group size: 1
I [/home/dp012/Desktop/gitmac/mako-pr/src/deptran/config.cc:713] 2025-12-04 12:05:46.251 | client forwarding: 0
I [/home/dp012/Desktop/gitmac/mako-pr/src/deptran/s_main.cc:66] 2025-12-04 12:05:46.251 | server enabled, number of sites: 1
I [/home/dp012/Desktop/gitmac/mako-pr/src/deptran/s_main.cc:72] 2025-12-04 12:05:46.251 | launching site: 1, bind address 0.0.0.0:18102
I [/home/dp012/Desktop/gitmac/mako-pr/src/deptran/server_worker.cc:79] 2025-12-04 12:05:46.260 | start data population for site 1
I [/home/dp012/Desktop/gitmac/mako-pr/src/deptran/server_worker.cc:106] 2025-12-04 12:05:48.376 | data populated for site: 1, partition: 0
I [/home/dp012/Desktop/gitmac/mako-pr/src/deptran/s_main.cc:82] 2025-12-04 12:05:48.376 | table popped for site 1
I [/home/dp012/Desktop/gitmac/mako-pr/src/deptran/server_worker.cc:121] 2025-12-04 12:05:48.376 | enter SetupService for s2 @ 0.0.0.0:18102
I [/home/dp012/Desktop/gitmac/mako-pr/src/deptran/server_worker.cc:162] 2025-12-04 12:05:48.376 | ServerWorker::SetupService registering service: 0x707bdc88a150
I [/home/dp012/Desktop/gitmac/mako-pr/src/deptran/server_worker.cc:162] 2025-12-04 12:05:48.376 | ServerWorker::SetupService registering service: 0x707bf4004930
I [/home/dp012/Desktop/gitmac/mako-pr/src/deptran/server_worker.cc:173] 2025-12-04 12:05:48.376 | Server s2 ready at 0.0.0.0:18102
I [/home/dp012/Desktop/gitmac/mako-pr/src/deptran/s_main.cc:85] 2025-12-04 12:05:48.376 | start communication for site 1
I [/home/dp012/Desktop/gitmac/mako-pr/src/deptran/communicator.cc:14] 2025-12-04 12:05:48.376 | setup paxos communicator
I [/home/dp012/Desktop/gitmac/mako-pr/src/deptran/communicator.cc:174] 2025-12-04 12:05:48.376 | connect to site: 127.0.0.1:18101 (attempt 0)
I [/home/dp012/Desktop/gitmac/mako-pr/src/rrr/reactor/reactor.cc:297] 2025-12-04 12:05:48.376 | PollThreadWorker::poll_loop wait 1
I [/home/dp012/Desktop/gitmac/mako-pr/src/deptran/communicator.cc:174] 2025-12-04 12:05:48.376 | connect to site: 127.0.0.1:18102 (attempt 0)
I [/home/dp012/Desktop/gitmac/mako-pr/src/deptran/communicator.cc:174] 2025-12-04 12:05:48.376 | connect to site: 127.0.0.1:18103 (attempt 0)
I [/home/dp012/Desktop/gitmac/mako-pr/src/deptran/communicator.cc:14] 2025-12-04 12:05:48.376 | setup paxos communicator
I [/home/dp012/Desktop/gitmac/mako-pr/src/deptran/communicator.cc:174] 2025-12-04 12:05:48.376 | connect to site: 127.0.0.1:18101 (attempt 0)
I [/home/dp012/Desktop/gitmac/mako-pr/src/deptran/communicator.cc:174] 2025-12-04 12:05:48.376 | connect to site: 127.0.0.1:18102 (attempt 0)
I [/home/dp012/Desktop/gitmac/mako-pr/src/deptran/communicator.cc:174] 2025-12-04 12:05:48.376 | connect to site: 127.0.0.1:18103 (attempt 0)
I [/home/dp012/Desktop/gitmac/mako-pr/src/deptran/s_main.cc:87] 2025-12-04 12:05:48.376 | site 1 launched!
I [/home/dp012/Desktop/gitmac/mako-pr/src/deptran/s_main.cc:98] 2025-12-04 12:05:49.252 | waiting for server setup threads.
I [/home/dp012/Desktop/gitmac/mako-pr/src/deptran/s_main.cc:102] 2025-12-04 12:05:49.252 | done waiting for server setup threads.
I [/home/dp012/Desktop/gitmac/mako-pr/src/deptran/server_worker.cc:32] 2025-12-04 12:05:49.252 | heartbeat setup for s2 on 0.0.0.0:28102
I [/home/dp012/Desktop/gitmac/mako-pr/src/deptran/s_main.cc:109] 2025-12-04 12:05:49.252 | server workers' communicators setup
I [/home/dp012/Desktop/gitmac/mako-pr/src/rrr/reactor/reactor.cc:297] 2025-12-04 12:05:49.529 | PollThreadWorker::poll_loop wait 1001
I [/home/dp012/Desktop/gitmac/mako-pr/src/rrr/reactor/reactor.cc:297] 2025-12-04 12:05:50.683 | PollThreadWorker::poll_loop wait 2001
I [/home/dp012/Desktop/gitmac/mako-pr/src/rrr/reactor/reactor.cc:297] 2025-12-04 12:05:51.864 | PollThreadWorker::poll_loop wait 3001
I [/home/dp012/Desktop/gitmac/mako-pr/src/rrr/reactor/reactor.cc:297] 2025-12-04 12:05:53.077 | PollThreadWorker::poll_loop wait 4001
I [/home/dp012/Desktop/gitmac/mako-pr/src/rrr/reactor/reactor.cc:297] 2025-12-04 12:05:54.268 | PollThreadWorker::poll_loop wait 5001
I [/home/dp012/Desktop/gitmac/mako-pr/src/rrr/reactor/reactor.cc:297] 2025-12-04 12:05:55.413 | PollThreadWorker::poll_loop wait 6001
I [/home/dp012/Desktop/gitmac/mako-pr/src/rrr/reactor/reactor.cc:297] 2025-12-04 12:05:56.577 | PollThreadWorker::poll_loop wait 7001
I [/home/dp012/Desktop/gitmac/mako-pr/src/rrr/reactor/reactor.cc:297] 2025-12-04 12:05:57.744 | PollThreadWorker::poll_loop wait 8001
I [/home/dp012/Desktop/gitmac/mako-pr/src/rrr/reactor/reactor.cc:297] 2025-12-04 12:05:58.906 | PollThreadWorker::poll_loop wait 9001
I [/home/dp012/Desktop/gitmac/mako-pr/src/rrr/reactor/reactor.cc:297] 2025-12-04 12:06:00.082 | PollThreadWorker::poll_loop wait 10001
I [/home/dp012/Desktop/gitmac/mako-pr/src/rrr/reactor/reactor.cc:297] 2025-12-04 12:06:01.222 | PollThreadWorker::poll_loop wait 11001
I [/home/dp012/Desktop/gitmac/mako-pr/src/rrr/reactor/reactor.cc:297] 2025-12-04 12:06:02.351 | PollThreadWorker::poll_loop wait 12001
I [/home/dp012/Desktop/gitmac/mako-pr/src/rrr/reactor/reactor.cc:297] 2025-12-04 12:06:03.483 | PollThreadWorker::poll_loop wait 13001
I [/home/dp012/Desktop/gitmac/mako-pr/src/rrr/reactor/reactor.cc:297] 2025-12-04 12:06:04.622 | PollThreadWorker::poll_loop wait 14001
I [/home/dp012/Desktop/gitmac/mako-pr/src/rrr/reactor/reactor.cc:297] 2025-12-04 12:06:05.744 | PollThreadWorker::poll_loop wait 15001
I [/home/dp012/Desktop/gitmac/mako-pr/src/rrr/reactor/reactor.cc:297] 2025-12-04 12:06:06.880 | PollThreadWorker::poll_loop wait 16001
I [/home/dp012/Desktop/gitmac/mako-pr/src/rrr/reactor/reactor.cc:297] 2025-12-04 12:06:08.039 | PollThreadWorker::poll_loop wait 17001
I [/home/dp012/Desktop/gitmac/mako-pr/src/rrr/reactor/reactor.cc:297] 2025-12-04 12:06:09.206 | PollThreadWorker::poll_loop wait 18001
I [/home/dp012/Desktop/gitmac/mako-pr/src/rrr/reactor/reactor.cc:297] 2025-12-04 12:06:10.379 | PollThreadWorker::poll_loop wait 19001
I [/home/dp012/Desktop/gitmac/mako-pr/src/rrr/reactor/reactor.cc:297] 2025-12-04 12:06:11.516 | PollThreadWorker::poll_loop wait 20001
I [/home/dp012/Desktop/gitmac/mako-pr/src/rrr/reactor/reactor.cc:297] 2025-12-04 12:06:12.662 | PollThreadWorker::poll_loop wait 21001
I [/home/dp012/Desktop/gitmac/mako-pr/src/rrr/reactor/reactor.cc:297] 2025-12-04 12:06:13.826 | PollThreadWorker::poll_loop wait 22001
I [/home/dp012/Desktop/gitmac/mako-pr/src/rrr/reactor/reactor.cc:297] 2025-12-04 12:06:14.988 | PollThreadWorker::poll_loop wait 23001
I [/home/dp012/Desktop/gitmac/mako-pr/src/rrr/reactor/reactor.cc:297] 2025-12-04 12:06:16.131 | PollThreadWorker::poll_loop wait 24001
I [/home/dp012/Desktop/gitmac/mako-pr/src/rrr/reactor/reactor.cc:297] 2025-12-04 12:06:17.351 | PollThreadWorker::poll_loop wait 25001
I [/home/dp012/Desktop/gitmac/mako-pr/src/rrr/reactor/reactor.cc:297] 2025-12-04 12:06:18.550 | PollThreadWorker::poll_loop wait 26001
I [/home/dp012/Desktop/gitmac/mako-pr/src/rrr/reactor/reactor.cc:297] 2025-12-04 12:06:19.691 | PollThreadWorker::poll_loop wait 27001
I [/home/dp012/Desktop/gitmac/mako-pr/src/rrr/reactor/reactor.cc:297] 2025-12-04 12:06:20.824 | PollThreadWorker::poll_loop wait 28001
I [/home/dp012/Desktop/gitmac/mako-pr/src/rrr/reactor/reactor.cc:297] 2025-12-04 12:06:21.962 | PollThreadWorker::poll_loop wait 29001
I [/home/dp012/Desktop/gitmac/mako-pr/src/rrr/reactor/reactor.cc:297] 2025-12-04 12:06:23.104 | PollThreadWorker::poll_loop wait 30001
I [/home/dp012/Desktop/gitmac/mako-pr/src/rrr/reactor/reactor.cc:297] 2025-12-04 12:06:24.269 | PollThreadWorker::poll_loop wait 31001
I [/home/dp012/Desktop/gitmac/mako-pr/src/rrr/reactor/reactor.cc:297] 2025-12-04 12:06:25.433 | PollThreadWorker::poll_loop wait 32001
I [/home/dp012/Desktop/gitmac/mako-pr/src/rrr/reactor/reactor.cc:297] 2025-12-04 12:06:26.586 | PollThreadWorker::poll_loop wait 33001
I [/home/dp012/Desktop/gitmac/mako-pr/src/rrr/reactor/reactor.cc:297] 2025-12-04 12:06:27.759 | PollThreadWorker::poll_loop wait 34001
I [/home/dp012/Desktop/gitmac/mako-pr/src/rrr/reactor/reactor.cc:297] 2025-12-04 12:06:28.943 | PollThreadWorker::poll_loop wait 35001
I [/home/dp012/Desktop/gitmac/mako-pr/src/rrr/reactor/reactor.cc:297] 2025-12-04 12:06:30.099 | PollThreadWorker::poll_loop wait 36001
I [/home/dp012/Desktop/gitmac/mako-pr/src/rrr/reactor/reactor.cc:297] 2025-12-04 12:06:31.230 | PollThreadWorker::poll_loop wait 37001
I [/home/dp012/Desktop/gitmac/mako-pr/src/rrr/reactor/reactor.cc:297] 2025-12-04 12:06:32.441 | PollThreadWorker::poll_loop wait 38001
I [/home/dp012/Desktop/gitmac/mako-pr/src/rrr/reactor/reactor.cc:297] 2025-12-04 12:06:33.590 | PollThreadWorker::poll_loop wait 39001
I [/home/dp012/Desktop/gitmac/mako-pr/src/rrr/reactor/reactor.cc:297] 2025-12-04 12:06:34.784 | PollThreadWorker::poll_loop wait 40001
I [/home/dp012/Desktop/gitmac/mako-pr/src/rrr/reactor/reactor.cc:297] 2025-12-04 12:06:35.957 | PollThreadWorker::poll_loop wait 41001
I [/home/dp012/Desktop/gitmac/mako-pr/src/rrr/reactor/reactor.cc:297] 2025-12-04 12:06:37.112 | PollThreadWorker::poll_loop wait 42001
I [/home/dp012/Desktop/gitmac/mako-pr/src/rrr/reactor/reactor.cc:297] 2025-12-04 12:06:38.284 | PollThreadWorker::poll_loop wait 43001
I [/home/dp012/Desktop/gitmac/mako-pr/src/rrr/reactor/reactor.cc:297] 2025-12-04 12:06:39.407 | PollThreadWorker::poll_loop wait 44001
I [/home/dp012/Desktop/gitmac/mako-pr/src/rrr/reactor/reactor.cc:297] 2025-12-04 12:06:40.541 | PollThreadWorker::poll_loop wait 45001
I [/home/dp012/Desktop/gitmac/mako-pr/src/rrr/reactor/reactor.cc:297] 2025-12-04 12:06:41.695 | PollThreadWorker::poll_loop wait 46001
I [/home/dp012/Desktop/gitmac/mako-pr/src/rrr/reactor/reactor.cc:297] 2025-12-04 12:06:42.870 | PollThreadWorker::poll_loop wait 47001
I [/home/dp012/Desktop/gitmac/mako-pr/src/rrr/reactor/reactor.cc:297] 2025-12-04 12:06:44.036 | PollThreadWorker::poll_loop wait 48001
I [/home/dp012/Desktop/gitmac/mako-pr/src/rrr/reactor/reactor.cc:297] 2025-12-04 12:06:45.204 | PollThreadWorker::poll_loop wait 49001
I [/home/dp012/Desktop/gitmac/mako-pr/src/rrr/reactor/reactor.cc:297] 2025-12-04 12:06:46.377 | PollThreadWorker::poll_loop wait 50001
I [/home/dp012/Desktop/gitmac/mako-pr/src/rrr/reactor/reactor.cc:297] 2025-12-04 12:06:47.518 | PollThreadWorker::poll_loop wait 51001
I [/home/dp012/Desktop/gitmac/mako-pr/src/rrr/reactor/reactor.cc:297] 2025-12-04 12:06:48.652 | PollThreadWorker::poll_loop wait 52001
I [/home/dp012/Desktop/gitmac/mako-pr/src/rrr/reactor/reactor.cc:297] 2025-12-04 12:06:49.821 | PollThreadWorker::poll_loop wait 53001
I [/home/dp012/Desktop/gitmac/mako-pr/src/rrr/reactor/reactor.cc:297] 2025-12-04 12:06:51.003 | PollThreadWorker::poll_loop wait 54001
I [/home/dp012/Desktop/gitmac/mako-pr/src/rrr/reactor/reactor.cc:297] 2025-12-04 12:06:52.181 | PollThreadWorker::poll_loop wait 55001
I [/home/dp012/Desktop/gitmac/mako-pr/src/rrr/reactor/reactor.cc:297] 2025-12-04 12:06:53.347 | PollThreadWorker::poll_loop wait 56001
I [/home/dp012/Desktop/gitmac/mako-pr/src/rrr/reactor/reactor.cc:297] 2025-12-04 12:06:54.504 | PollThreadWorker::poll_loop wait 57001
I [/home/dp012/Desktop/gitmac/mako-pr/src/rrr/reactor/reactor.cc:297] 2025-12-04 12:06:55.649 | PollThreadWorker::poll_loop wait 58001
I [/home/dp012/Desktop/gitmac/mako-pr/src/rrr/reactor/reactor.cc:297] 2025-12-04 12:06:56.774 | PollThreadWorker::poll_loop wait 59001
I [/home/dp012/Desktop/gitmac/mako-pr/src/rrr/reactor/reactor.cc:297] 2025-12-04 12:06:57.904 | PollThreadWorker::poll_loop wait 60001
I [/home/dp012/Desktop/gitmac/mako-pr/src/rrr/reactor/reactor.cc:297] 2025-12-04 12:06:59.023 | PollThreadWorker::poll_loop wait 61001
I [/home/dp012/Desktop/gitmac/mako-pr/src/rrr/reactor/reactor.cc:297] 2025-12-04 12:07:00.154 | PollThreadWorker::poll_loop wait 62001
I [/home/dp012/Desktop/gitmac/mako-pr/src/rrr/reactor/reactor.cc:297] 2025-12-04 12:07:01.321 | PollThreadWorker::poll_loop wait 63001
I [/home/dp012/Desktop/gitmac/mako-pr/src/rrr/reactor/reactor.cc:297] 2025-12-04 12:07:02.522 | PollThreadWorker::poll_loop wait 64001
I [/home/dp012/Desktop/gitmac/mako-pr/src/rrr/reactor/reactor.cc:297] 2025-12-04 12:07:03.689 | PollThreadWorker::poll_loop wait 65001
I [/home/dp012/Desktop/gitmac/mako-pr/src/rrr/reactor/reactor.cc:297] 2025-12-04 12:07:04.854 | PollThreadWorker::poll_loop wait 66001
I [/home/dp012/Desktop/gitmac/mako-pr/src/rrr/reactor/reactor.cc:297] 2025-12-04 12:07:06.015 | PollThreadWorker::poll_loop wait 67001
I [/home/dp012/Desktop/gitmac/mako-pr/src/rrr/reactor/reactor.cc:297] 2025-12-04 12:07:07.181 | PollThreadWorker::poll_loop wait 68001
I [/home/dp012/Desktop/gitmac/mako-pr/src/rrr/reactor/reactor.cc:297] 2025-12-04 12:07:08.325 | PollThreadWorker::poll_loop wait 69001
I [/home/dp012/Desktop/gitmac/mako-pr/src/rrr/reactor/reactor.cc:297] 2025-12-04 12:07:09.494 | PollThreadWorker::poll_loop wait 70001
I [/home/dp012/Desktop/gitmac/mako-pr/src/rrr/reactor/reactor.cc:297] 2025-12-04 12:07:10.710 | PollThreadWorker::poll_loop wait 71001
I [/home/dp012/Desktop/gitmac/mako-pr/src/rrr/reactor/reactor.cc:297] 2025-12-04 12:07:11.932 | PollThreadWorker::poll_loop wait 72001
I [/home/dp012/Desktop/gitmac/mako-pr/src/rrr/reactor/reactor.cc:297] 2025-12-04 12:07:13.112 | PollThreadWorker::poll_loop wait 73001
I [/home/dp012/Desktop/gitmac/mako-pr/src/rrr/reactor/reactor.cc:297] 2025-12-04 12:07:14.268 | PollThreadWorker::poll_loop wait 74001
I [/home/dp012/Desktop/gitmac/mako-pr/src/rrr/reactor/reactor.cc:297] 2025-12-04 12:07:15.426 | PollThreadWorker::poll_loop wait 75001
I [/home/dp012/Desktop/gitmac/mako-pr/src/rrr/reactor/reactor.cc:297] 2025-12-04 12:07:16.592 | PollThreadWorker::poll_loop wait 76001
I [/home/dp012/Desktop/gitmac/mako-pr/src/rrr/reactor/reactor.cc:297] 2025-12-04 12:07:17.737 | PollThreadWorker::poll_loop wait 77001
I [/home/dp012/Desktop/gitmac/mako-pr/src/rrr/reactor/reactor.cc:297] 2025-12-04 12:07:18.859 | PollThreadWorker::poll_loop wait 78001
I [/home/dp012/Desktop/gitmac/mako-pr/src/rrr/reactor/reactor.cc:297] 2025-12-04 12:07:19.984 | PollThreadWorker::poll_loop wait 79001
I [/home/dp012/Desktop/gitmac/mako-pr/src/rrr/reactor/reactor.cc:297] 2025-12-04 12:07:21.109 | PollThreadWorker::poll_loop wait 80001
I [/home/dp012/Desktop/gitmac/mako-pr/src/rrr/reactor/reactor.cc:297] 2025-12-04 12:07:22.245 | PollThreadWorker::poll_loop wait 81001
I [/home/dp012/Desktop/gitmac/mako-pr/src/rrr/reactor/reactor.cc:297] 2025-12-04 12:07:23.370 | PollThreadWorker::poll_loop wait 82001
I [/home/dp012/Desktop/gitmac/mako-pr/src/rrr/reactor/reactor.cc:297] 2025-12-04 12:07:24.489 | PollThreadWorker::poll_loop wait 83001
I [/home/dp012/Desktop/gitmac/mako-pr/src/rrr/reactor/reactor.cc:297] 2025-12-04 12:07:25.615 | PollThreadWorker::poll_loop wait 84001
I [/home/dp012/Desktop/gitmac/mako-pr/src/rrr/reactor/reactor.cc:297] 2025-12-04 12:07:26.751 | PollThreadWorker::poll_loop wait 85001
I [/home/dp012/Desktop/gitmac/mako-pr/src/rrr/reactor/reactor.cc:297] 2025-12-04 12:07:27.872 | PollThreadWorker::poll_loop wait 86001
I [/home/dp012/Desktop/gitmac/mako-pr/src/rrr/reactor/reactor.cc:297] 2025-12-04 12:07:29.009 | PollThreadWorker::poll_loop wait 87001
I [/home/dp012/Desktop/gitmac/mako-pr/src/rrr/reactor/reactor.cc:297] 2025-12-04 12:07:30.152 | PollThreadWorker::poll_loop wait 88001
I [/home/dp012/Desktop/gitmac/mako-pr/src/rrr/reactor/reactor.cc:297] 2025-12-04 12:07:31.307 | PollThreadWorker::poll_loop wait 89001
I [/home/dp012/Desktop/gitmac/mako-pr/src/rrr/reactor/reactor.cc:297] 2025-12-04 12:07:32.485 | PollThreadWorker::poll_loop wait 90001
I [/home/dp012/Desktop/gitmac/mako-pr/src/rrr/reactor/reactor.cc:297] 2025-12-04 12:07:33.643 | PollThreadWorker::poll_loop wait 91001
I [/home/dp012/Desktop/gitmac/mako-pr/src/rrr/reactor/reactor.cc:297] 2025-12-04 12:07:34.803 | PollThreadWorker::poll_loop wait 92001
I [/home/dp012/Desktop/gitmac/mako-pr/src/rrr/reactor/reactor.cc:297] 2025-12-04 12:07:35.918 | PollThreadWorker::poll_loop wait 93001
I [/home/dp012/Desktop/gitmac/mako-pr/src/rrr/reactor/reactor.cc:297] 2025-12-04 12:07:37.045 | PollThreadWorker::poll_loop wait 94001
I [/home/dp012/Desktop/gitmac/mako-pr/src/rrr/reactor/reactor.cc:297] 2025-12-04 12:07:38.177 | PollThreadWorker::poll_loop wait 95001
I [/home/dp012/Desktop/gitmac/mako-pr/src/rrr/reactor/reactor.cc:297] 2025-12-04 12:07:39.340 | PollThreadWorker::poll_loop wait 96001
I [/home/dp012/Desktop/gitmac/mako-pr/src/rrr/reactor/reactor.cc:297] 2025-12-04 12:07:40.494 | PollThreadWorker::poll_loop wait 97001
I [/home/dp012/Desktop/gitmac/mako-pr/src/rrr/reactor/reactor.cc:297] 2025-12-04 12:07:41.664 | PollThreadWorker::poll_loop wait 98001
I [/home/dp012/Desktop/gitmac/mako-pr/src/rrr/reactor/reactor.cc:297] 2025-12-04 12:07:42.813 | PollThreadWorker::poll_loop wait 99001
I [/home/dp012/Desktop/gitmac/mako-pr/src/rrr/reactor/reactor.cc:297] 2025-12-04 12:07:43.963 | PollThreadWorker::poll_loop wait 100001
I [/home/dp012/Desktop/gitmac/mako-pr/src/rrr/reactor/reactor.cc:297] 2025-12-04 12:07:45.099 | PollThreadWorker::poll_loop wait 101001
I [/home/dp012/Desktop/gitmac/mako-pr/src/rrr/reactor/reactor.cc:297] 2025-12-04 12:07:46.221 | PollThreadWorker::poll_loop wait 102001
I [/home/dp012/Desktop/gitmac/mako-pr/src/rrr/reactor/reactor.cc:297] 2025-12-04 12:07:47.352 | PollThreadWorker::poll_loop wait 103001
I [/home/dp012/Desktop/gitmac/mako-pr/src/rrr/reactor/reactor.cc:297] 2025-12-04 12:07:48.483 | PollThreadWorker::poll_loop wait 104001
I [/home/dp012/Desktop/gitmac/mako-pr/src/rrr/reactor/reactor.cc:297] 2025-12-04 12:07:49.635 | PollThreadWorker::poll_loop wait 105001
I [/home/dp012/Desktop/gitmac/mako-pr/src/rrr/reactor/reactor.cc:297] 2025-12-04 12:07:50.781 | PollThreadWorker::poll_loop wait 106001
I [/home/dp012/Desktop/gitmac/mako-pr/src/rrr/reactor/reactor.cc:297] 2025-12-04 12:07:51.927 | PollThreadWorker::poll_loop wait 107001
I [/home/dp012/Desktop/gitmac/mako-pr/src/rrr/reactor/reactor.cc:297] 2025-12-04 12:07:53.079 | PollThreadWorker::poll_loop wait 108001
I [/home/dp012/Desktop/gitmac/mako-pr/src/rrr/reactor/reactor.cc:297] 2025-12-04 12:07:54.218 | PollThreadWorker::poll_loop wait 109001
I [/home/dp012/Desktop/gitmac/mako-pr/src/rrr/reactor/reactor.cc:297] 2025-12-04 12:07:55.329 | PollThreadWorker::poll_loop wait 110001
I [/home/dp012/Desktop/gitmac/mako-pr/src/rrr/reactor/reactor.cc:297] 2025-12-04 12:07:56.451 | PollThreadWorker::poll_loop wait 111001
I [/home/dp012/Desktop/gitmac/mako-pr/src/rrr/reactor/reactor.cc:297] 2025-12-04 12:07:57.577 | PollThreadWorker::poll_loop wait 112001
I [/home/dp012/Desktop/gitmac/mako-pr/src/rrr/reactor/reactor.cc:297] 2025-12-04 12:07:58.704 | PollThreadWorker::poll_loop wait 113001
I [/home/dp012/Desktop/gitmac/mako-pr/src/rrr/reactor/reactor.cc:297] 2025-12-04 12:07:59.846 | PollThreadWorker::poll_loop wait 114001
I [/home/dp012/Desktop/gitmac/mako-pr/src/rrr/reactor/reactor.cc:297] 2025-12-04 12:08:01.039 | PollThreadWorker::poll_loop wait 115001
I [/home/dp012/Desktop/gitmac/mako-pr/src/rrr/reactor/reactor.cc:297] 2025-12-04 12:08:02.214 | PollThreadWorker::poll_loop wait 116001
I [/home/dp012/Desktop/gitmac/mako-pr/src/rrr/reactor/reactor.cc:297] 2025-12-04 12:08:03.358 | PollThreadWorker::poll_loop wait 117001
I [/home/dp012/Desktop/gitmac/mako-pr/src/rrr/reactor/reactor.cc:297] 2025-12-04 12:08:04.517 | PollThreadWorker::poll_loop wait 118001
I [/home/dp012/Desktop/gitmac/mako-pr/src/rrr/reactor/reactor.cc:297] 2025-12-04 12:08:05.704 | PollThreadWorker::poll_loop wait 119001
I [/home/dp012/Desktop/gitmac/mako-pr/src/rrr/reactor/reactor.cc:297] 2025-12-04 12:08:06.881 | PollThreadWorker::poll_loop wait 120001
I [/home/dp012/Desktop/gitmac/mako-pr/src/rrr/reactor/reactor.cc:297] 2025-12-04 12:08:08.046 | PollThreadWorker::poll_loop wait 121001
I [/home/dp012/Desktop/gitmac/mako-pr/src/rrr/reactor/reactor.cc:297] 2025-12-04 12:08:09.188 | PollThreadWorker::poll_loop wait 122001
I [/home/dp012/Desktop/gitmac/mako-pr/src/rrr/reactor/reactor.cc:297] 2025-12-04 12:08:10.349 | PollThreadWorker::poll_loop wait 123001
I [/home/dp012/Desktop/gitmac/mako-pr/src/rrr/reactor/reactor.cc:297] 2025-12-04 12:08:11.532 | PollThreadWorker::poll_loop wait 124001
I [/home/dp012/Desktop/gitmac/mako-pr/src/rrr/reactor/reactor.cc:297] 2025-12-04 12:08:12.688 | PollThreadWorker::poll_loop wait 125001
I [/home/dp012/Desktop/gitmac/mako-pr/src/rrr/reactor/reactor.cc:297] 2025-12-04 12:08:13.903 | PollThreadWorker::poll_loop wait 126001
I [/home/dp012/Desktop/gitmac/mako-pr/src/rrr/reactor/reactor.cc:297] 2025-12-04 12:08:15.070 | PollThreadWorker::poll_loop wait 127001
I [/home/dp012/Desktop/gitmac/mako-pr/src/rrr/reactor/reactor.cc:297] 2025-12-04 12:08:16.215 | PollThreadWorker::poll_loop wait 128001
I [/home/dp012/Desktop/gitmac/mako-pr/src/rrr/reactor/reactor.cc:297] 2025-12-04 12:08:17.350 | PollThreadWorker::poll_loop wait 129001
I [/home/dp012/Desktop/gitmac/mako-pr/src/rrr/reactor/reactor.cc:297] 2025-12-04 12:08:18.489 | PollThreadWorker::poll_loop wait 130001
I [/home/dp012/Desktop/gitmac/mako-pr/src/rrr/reactor/reactor.cc:297] 2025-12-04 12:08:19.655 | PollThreadWorker::poll_loop wait 131001
I [/home/dp012/Desktop/gitmac/mako-pr/src/rrr/reactor/reactor.cc:297] 2025-12-04 12:08:20.783 | PollThreadWorker::poll_loop wait 132001
I [/home/dp012/Desktop/gitmac/mako-pr/src/rrr/reactor/reactor.cc:297] 2025-12-04 12:08:21.939 | PollThreadWorker::poll_loop wait 133001
I [/home/dp012/Desktop/gitmac/mako-pr/src/rrr/reactor/reactor.cc:297] 2025-12-04 12:08:23.110 | PollThreadWorker::poll_loop wait 134001
I [/home/dp012/Desktop/gitmac/mako-pr/src/rrr/reactor/reactor.cc:297] 2025-12-04 12:08:24.282 | PollThreadWorker::poll_loop wait 135001
I [/home/dp012/Desktop/gitmac/mako-pr/src/rrr/reactor/reactor.cc:297] 2025-12-04 12:08:25.491 | PollThreadWorker::poll_loop wait 136001
I [/home/dp012/Desktop/gitmac/mako-pr/src/rrr/reactor/reactor.cc:297] 2025-12-04 12:08:26.667 | PollThreadWorker::poll_loop wait 137001
I [/home/dp012/Desktop/gitmac/mako-pr/src/rrr/reactor/reactor.cc:297] 2025-12-04 12:08:27.885 | PollThreadWorker::poll_loop wait 138001
I [/home/dp012/Desktop/gitmac/mako-pr/src/rrr/reactor/reactor.cc:297] 2025-12-04 12:08:29.068 | PollThreadWorker::poll_loop wait 139001
I [/home/dp012/Desktop/gitmac/mako-pr/src/rrr/reactor/reactor.cc:297] 2025-12-04 12:08:30.245 | PollThreadWorker::poll_loop wait 140001
I [/home/dp012/Desktop/gitmac/mako-pr/src/rrr/reactor/reactor.cc:297] 2025-12-04 12:08:31.404 | PollThreadWorker::poll_loop wait 141001
I [/home/dp012/Desktop/gitmac/mako-pr/src/rrr/reactor/reactor.cc:297] 2025-12-04 12:08:32.576 | PollThreadWorker::poll_loop wait 142001
I [/home/dp012/Desktop/gitmac/mako-pr/src/rrr/reactor/reactor.cc:297] 2025-12-04 12:08:33.711 | PollThreadWorker::poll_loop wait 143001
I [/home/dp012/Desktop/gitmac/mako-pr/src/rrr/reactor/reactor.cc:297] 2025-12-04 12:08:34.866 | PollThreadWorker::poll_loop wait 144001
I [/home/dp012/Desktop/gitmac/mako-pr/src/rrr/reactor/reactor.cc:297] 2025-12-04 12:08:36.064 | PollThreadWorker::poll_loop wait 145001
I [/home/dp012/Desktop/gitmac/mako-pr/src/rrr/reactor/reactor.cc:297] 2025-12-04 12:08:37.273 | PollThreadWorker::poll_loop wait 146001
I [/home/dp012/Desktop/gitmac/mako-pr/src/rrr/reactor/reactor.cc:297] 2025-12-04 12:08:38.427 | PollThreadWorker::poll_loop wait 147001
I [/home/dp012/Desktop/gitmac/mako-pr/src/rrr/reactor/reactor.cc:297] 2025-12-04 12:08:39.589 | PollThreadWorker::poll_loop wait 148001
I [/home/dp012/Desktop/gitmac/mako-pr/src/rrr/reactor/reactor.cc:297] 2025-12-04 12:08:40.742 | PollThreadWorker::poll_loop wait 149001
I [/home/dp012/Desktop/gitmac/mako-pr/src/rrr/reactor/reactor.cc:297] 2025-12-04 12:08:41.933 | PollThreadWorker::poll_loop wait 150001
I [/home/dp012/Desktop/gitmac/mako-pr/src/rrr/reactor/reactor.cc:297] 2025-12-04 12:08:43.086 | PollThreadWorker::poll_loop wait 151001
I [/home/dp012/Desktop/gitmac/mako-pr/src/rrr/reactor/reactor.cc:297] 2025-12-04 12:08:44.219 | PollThreadWorker::poll_loop wait 152001
I [/home/dp012/Desktop/gitmac/mako-pr/src/rrr/reactor/reactor.cc:297] 2025-12-04 12:08:45.366 | PollThreadWorker::poll_loop wait 153001
I [/home/dp012/Desktop/gitmac/mako-pr/src/rrr/reactor/reactor.cc:297] 2025-12-04 12:08:46.585 | PollThreadWorker::poll_loop wait 154001
I [/home/dp012/Desktop/gitmac/mako-pr/src/rrr/reactor/reactor.cc:297] 2025-12-04 12:08:47.744 | PollThreadWorker::poll_loop wait 155001
I [/home/dp012/Desktop/gitmac/mako-pr/src/rrr/reactor/reactor.cc:297] 2025-12-04 12:08:48.891 | PollThreadWorker::poll_loop wait 156001
I [/home/dp012/Desktop/gitmac/mako-pr/src/rrr/reactor/reactor.cc:297] 2025-12-04 12:08:50.029 | PollThreadWorker::poll_loop wait 157001
I [/home/dp012/Desktop/gitmac/mako-pr/src/rrr/reactor/reactor.cc:297] 2025-12-04 12:08:51.193 | PollThreadWorker::poll_loop wait 158001
I [/home/dp012/Desktop/gitmac/mako-pr/src/rrr/reactor/reactor.cc:297] 2025-12-04 12:08:52.399 | PollThreadWorker::poll_loop wait 159001
I [/home/dp012/Desktop/gitmac/mako-pr/src/rrr/reactor/reactor.cc:297] 2025-12-04 12:08:53.519 | PollThreadWorker::poll_loop wait 160001
I [/home/dp012/Desktop/gitmac/mako-pr/src/rrr/reactor/reactor.cc:297] 2025-12-04 12:08:54.694 | PollThreadWorker::poll_loop wait 161001
I [/home/dp012/Desktop/gitmac/mako-pr/src/rrr/reactor/reactor.cc:297] 2025-12-04 12:08:55.875 | PollThreadWorker::poll_loop wait 162001
I [/home/dp012/Desktop/gitmac/mako-pr/src/rrr/reactor/reactor.cc:297] 2025-12-04 12:08:57.026 | PollThreadWorker::poll_loop wait 163001
I [/home/dp012/Desktop/gitmac/mako-pr/src/rrr/reactor/reactor.cc:297] 2025-12-04 12:08:58.176 | PollThreadWorker::poll_loop wait 164001
I [/home/dp012/Desktop/gitmac/mako-pr/src/rrr/reactor/reactor.cc:297] 2025-12-04 12:08:59.321 | PollThreadWorker::poll_loop wait 165001
I [/home/dp012/Desktop/gitmac/mako-pr/src/rrr/reactor/reactor.cc:297] 2025-12-04 12:09:00.492 | PollThreadWorker::poll_loop wait 166001
I [/home/dp012/Desktop/gitmac/mako-pr/src/rrr/reactor/reactor.cc:297] 2025-12-04 12:09:01.615 | PollThreadWorker::poll_loop wait 167001
I [/home/dp012/Desktop/gitmac/mako-pr/src/rrr/reactor/reactor.cc:297] 2025-12-04 12:09:02.745 | PollThreadWorker::poll_loop wait 168001
I [/home/dp012/Desktop/gitmac/mako-pr/src/rrr/reactor/reactor.cc:297] 2025-12-04 12:09:03.910 | PollThreadWorker::poll_loop wait 169001
I [/home/dp012/Desktop/gitmac/mako-pr/src/rrr/reactor/reactor.cc:297] 2025-12-04 12:09:05.143 | PollThreadWorker::poll_loop wait 170001
I [/home/dp012/Desktop/gitmac/mako-pr/src/rrr/reactor/reactor.cc:297] 2025-12-04 12:09:06.325 | PollThreadWorker::poll_loop wait 171001
I [/home/dp012/Desktop/gitmac/mako-pr/src/rrr/reactor/reactor.cc:297] 2025-12-04 12:09:07.489 | PollThreadWorker::poll_loop wait 172001
I [/home/dp012/Desktop/gitmac/mako-pr/src/rrr/reactor/reactor.cc:297] 2025-12-04 12:09:08.631 | PollThreadWorker::poll_loop wait 173001
I [/home/dp012/Desktop/gitmac/mako-pr/src/rrr/reactor/reactor.cc:297] 2025-12-04 12:09:09.771 | PollThreadWorker::poll_loop wait 174001
I [/home/dp012/Desktop/gitmac/mako-pr/src/rrr/reactor/reactor.cc:297] 2025-12-04 12:09:10.936 | PollThreadWorker::poll_loop wait 175001
I [/home/dp012/Desktop/gitmac/mako-pr/src/rrr/reactor/reactor.cc:297] 2025-12-04 12:09:12.119 | PollThreadWorker::poll_loop wait 176001
I [/home/dp012/Desktop/gitmac/mako-pr/src/rrr/reactor/reactor.cc:297] 2025-12-04 12:09:13.309 | PollThreadWorker::poll_loop wait 177001
I [/home/dp012/Desktop/gitmac/mako-pr/src/rrr/reactor/reactor.cc:297] 2025-12-04 12:09:14.501 | PollThreadWorker::poll_loop wait 178001
I [/home/dp012/Desktop/gitmac/mako-pr/src/rrr/reactor/reactor.cc:297] 2025-12-04 12:09:15.646 | PollThreadWorker::poll_loop wait 179001
I [/home/dp012/Desktop/gitmac/mako-pr/src/rrr/reactor/reactor.cc:297] 2025-12-04 12:09:16.800 | PollThreadWorker::poll_loop wait 180001
I [/home/dp012/Desktop/gitmac/mako-pr/src/rrr/reactor/reactor.cc:297] 2025-12-04 12:09:17.995 | PollThreadWorker::poll_loop wait 181001
I [/home/dp012/Desktop/gitmac/mako-pr/src/rrr/reactor/reactor.cc:297] 2025-12-04 12:09:19.166 | PollThreadWorker::poll_loop wait 182001
I [/home/dp012/Desktop/gitmac/mako-pr/src/rrr/reactor/reactor.cc:297] 2025-12-04 12:09:20.292 | PollThreadWorker::poll_loop wait 183001
I [/home/dp012/Desktop/gitmac/mako-pr/src/rrr/reactor/reactor.cc:297] 2025-12-04 12:09:21.415 | PollThreadWorker::poll_loop wait 184001
I [/home/dp012/Desktop/gitmac/mako-pr/src/rrr/reactor/reactor.cc:297] 2025-12-04 12:09:22.562 | PollThreadWorker::poll_loop wait 185001
I [/home/dp012/Desktop/gitmac/mako-pr/src/rrr/reactor/reactor.cc:297] 2025-12-04 12:09:23.730 | PollThreadWorker::poll_loop wait 186001
I [/home/dp012/Desktop/gitmac/mako-pr/src/rrr/reactor/reactor.cc:297] 2025-12-04 12:09:24.912 | PollThreadWorker::poll_loop wait 187001
I [/home/dp012/Desktop/gitmac/mako-pr/src/rrr/reactor/reactor.cc:297] 2025-12-04 12:09:26.052 | PollThreadWorker::poll_loop wait 188001
I [/home/dp012/Desktop/gitmac/mako-pr/src/rrr/reactor/reactor.cc:297] 2025-12-04 12:09:27.207 | PollThreadWorker::poll_loop wait 189001
I [/home/dp012/Desktop/gitmac/mako-pr/src/rrr/reactor/reactor.cc:297] 2025-12-04 12:09:28.375 | PollThreadWorker::poll_loop wait 190001
I [/home/dp012/Desktop/gitmac/mako-pr/src/rrr/reactor/reactor.cc:297] 2025-12-04 12:09:29.496 | PollThreadWorker::poll_loop wait 191001
I [/home/dp012/Desktop/gitmac/mako-pr/src/rrr/reactor/reactor.cc:297] 2025-12-04 12:09:30.633 | PollThreadWorker::poll_loop wait 192001
I [/home/dp012/Desktop/gitmac/mako-pr/src/rrr/reactor/reactor.cc:297] 2025-12-04 12:09:31.790 | PollThreadWorker::poll_loop wait 193001
I [/home/dp012/Desktop/gitmac/mako-pr/src/rrr/reactor/reactor.cc:297] 2025-12-04 12:09:32.985 | PollThreadWorker::poll_loop wait 194001
I [/home/dp012/Desktop/gitmac/mako-pr/src/rrr/reactor/reactor.cc:297] 2025-12-04 12:09:34.172 | PollThreadWorker::poll_loop wait 195001
I [/home/dp012/Desktop/gitmac/mako-pr/src/rrr/reactor/reactor.cc:297] 2025-12-04 12:09:35.336 | PollThreadWorker::poll_loop wait 196001
I [/home/dp012/Desktop/gitmac/mako-pr/src/rrr/reactor/reactor.cc:297] 2025-12-04 12:09:36.558 | PollThreadWorker::poll_loop wait 197001
I [/home/dp012/Desktop/gitmac/mako-pr/src/rrr/reactor/reactor.cc:297] 2025-12-04 12:09:37.730 | PollThreadWorker::poll_loop wait 198001
I [/home/dp012/Desktop/gitmac/mako-pr/src/rrr/reactor/reactor.cc:297] 2025-12-04 12:09:38.889 | PollThreadWorker::poll_loop wait 199001
I [/home/dp012/Desktop/gitmac/mako-pr/src/rrr/reactor/reactor.cc:297] 2025-12-04 12:09:40.060 | PollThreadWorker::poll_loop wait 200001
I [/home/dp012/Desktop/gitmac/mako-pr/src/rrr/reactor/reactor.cc:297] 2025-12-04 12:09:41.201 | PollThreadWorker::poll_loop wait 201001
I [/home/dp012/Desktop/gitmac/mako-pr/src/rrr/reactor/reactor.cc:297] 2025-12-04 12:09:42.361 | PollThreadWorker::poll_loop wait 202001
I [/home/dp012/Desktop/gitmac/mako-pr/src/rrr/reactor/reactor.cc:297] 2025-12-04 12:09:43.506 | PollThreadWorker::poll_loop wait 203001
I [/home/dp012/Desktop/gitmac/mako-pr/src/rrr/reactor/reactor.cc:297] 2025-12-04 12:09:44.674 | PollThreadWorker::poll_loop wait 204001
I [/home/dp012/Desktop/gitmac/mako-pr/src/rrr/reactor/reactor.cc:297] 2025-12-04 12:09:45.834 | PollThreadWorker::poll_loop wait 205001
I [/home/dp012/Desktop/gitmac/mako-pr/src/rrr/reactor/reactor.cc:297] 2025-12-04 12:09:47.016 | PollThreadWorker::poll_loop wait 206001
I [/home/dp012/Desktop/gitmac/mako-pr/src/rrr/reactor/reactor.cc:297] 2025-12-04 12:09:48.218 | PollThreadWorker::poll_loop wait 207001
I [/home/dp012/Desktop/gitmac/mako-pr/src/rrr/reactor/reactor.cc:297] 2025-12-04 12:09:49.375 | PollThreadWorker::poll_loop wait 208001
I [/home/dp012/Desktop/gitmac/mako-pr/src/rrr/reactor/reactor.cc:297] 2025-12-04 12:09:50.534 | PollThreadWorker::poll_loop wait 209001
I [/home/dp012/Desktop/gitmac/mako-pr/src/rrr/reactor/reactor.cc:297] 2025-12-04 12:09:51.721 | PollThreadWorker::poll_loop wait 210001
I [/home/dp012/Desktop/gitmac/mako-pr/src/rrr/reactor/reactor.cc:297] 2025-12-04 12:09:52.893 | PollThreadWorker::poll_loop wait 211001
I [/home/dp012/Desktop/gitmac/mako-pr/src/rrr/reactor/reactor.cc:297] 2025-12-04 12:09:54.043 | PollThreadWorker::poll_loop wait 212001
I [/home/dp012/Desktop/gitmac/mako-pr/src/rrr/reactor/reactor.cc:297] 2025-12-04 12:09:55.246 | PollThreadWorker::poll_loop wait 213001
I [/home/dp012/Desktop/gitmac/mako-pr/src/rrr/reactor/reactor.cc:297] 2025-12-04 12:09:56.415 | PollThreadWorker::poll_loop wait 214001
I [/home/dp012/Desktop/gitmac/mako-pr/src/rrr/reactor/reactor.cc:297] 2025-12-04 12:09:57.556 | PollThreadWorker::poll_loop wait 215001
I [/home/dp012/Desktop/gitmac/mako-pr/src/rrr/reactor/reactor.cc:297] 2025-12-04 12:09:58.716 | PollThreadWorker::poll_loop wait 216001
I [/home/dp012/Desktop/gitmac/mako-pr/src/rrr/reactor/reactor.cc:297] 2025-12-04 12:09:59.868 | PollThreadWorker::poll_loop wait 217001
I [/home/dp012/Desktop/gitmac/mako-pr/src/rrr/reactor/reactor.cc:297] 2025-12-04 12:10:01.032 | PollThreadWorker::poll_loop wait 218001
I [/home/dp012/Desktop/gitmac/mako-pr/src/rrr/reactor/reactor.cc:297] 2025-12-04 12:10:02.203 | PollThreadWorker::poll_loop wait 219001
I [/home/dp012/Desktop/gitmac/mako-pr/src/rrr/reactor/reactor.cc:297] 2025-12-04 12:10:03.352 | PollThreadWorker::poll_loop wait 220001
I [/home/dp012/Desktop/gitmac/mako-pr/src/rrr/reactor/reactor.cc:297] 2025-12-04 12:10:04.514 | PollThreadWorker::poll_loop wait 221001
I [/home/dp012/Desktop/gitmac/mako-pr/src/rrr/reactor/reactor.cc:297] 2025-12-04 12:10:05.653 | PollThreadWorker::poll_loop wait 222001
I [/home/dp012/Desktop/gitmac/mako-pr/src/rrr/reactor/reactor.cc:297] 2025-12-04 12:10:06.843 | PollThreadWorker::poll_loop wait 223001
I [/home/dp012/Desktop/gitmac/mako-pr/src/rrr/reactor/reactor.cc:297] 2025-12-04 12:10:08.015 | PollThreadWorker::poll_loop wait 224001
I [/home/dp012/Desktop/gitmac/mako-pr/src/rrr/reactor/reactor.cc:297] 2025-12-04 12:10:09.180 | PollThreadWorker::poll_loop wait 225001
I [/home/dp012/Desktop/gitmac/mako-pr/src/rrr/reactor/reactor.cc:297] 2025-12-04 12:10:10.340 | PollThreadWorker::poll_loop wait 226001
I [/home/dp012/Desktop/gitmac/mako-pr/src/rrr/reactor/reactor.cc:297] 2025-12-04 12:10:11.496 | PollThreadWorker::poll_loop wait 227001
I [/home/dp012/Desktop/gitmac/mako-pr/src/rrr/reactor/reactor.cc:297] 2025-12-04 12:10:12.646 | PollThreadWorker::poll_loop wait 228001
I [/home/dp012/Desktop/gitmac/mako-pr/src/rrr/reactor/reactor.cc:297] 2025-12-04 12:10:13.840 | PollThreadWorker::poll_loop wait 229001
I [/home/dp012/Desktop/gitmac/mako-pr/src/rrr/reactor/reactor.cc:297] 2025-12-04 12:10:15.008 | PollThreadWorker::poll_loop wait 230001
I [/home/dp012/Desktop/gitmac/mako-pr/src/rrr/reactor/reactor.cc:297] 2025-12-04 12:10:16.193 | PollThreadWorker::poll_loop wait 231001
I [/home/dp012/Desktop/gitmac/mako-pr/src/rrr/reactor/reactor.cc:297] 2025-12-04 12:10:17.348 | PollThreadWorker::poll_loop wait 232001
I [/home/dp012/Desktop/gitmac/mako-pr/src/rrr/reactor/reactor.cc:297] 2025-12-04 12:10:18.521 | PollThreadWorker::poll_loop wait 233001
I [/home/dp012/Desktop/gitmac/mako-pr/src/rrr/reactor/reactor.cc:297] 2025-12-04 12:10:19.681 | PollThreadWorker::poll_loop wait 234001
I [/home/dp012/Desktop/gitmac/mako-pr/src/rrr/reactor/reactor.cc:297] 2025-12-04 12:10:20.908 | PollThreadWorker::poll_loop wait 235001
I [/home/dp012/Desktop/gitmac/mako-pr/src/rrr/reactor/reactor.cc:297] 2025-12-04 12:10:22.097 | PollThreadWorker::poll_loop wait 236001
I [/home/dp012/Desktop/gitmac/mako-pr/src/rrr/reactor/reactor.cc:297] 2025-12-04 12:10:23.239 | PollThreadWorker::poll_loop wait 237001
I [/home/dp012/Desktop/gitmac/mako-pr/src/rrr/reactor/reactor.cc:297] 2025-12-04 12:10:24.441 | PollThreadWorker::poll_loop wait 238001
I [/home/dp012/Desktop/gitmac/mako-pr/src/rrr/reactor/reactor.cc:297] 2025-12-04 12:10:25.619 | PollThreadWorker::poll_loop wait 239001
I [/home/dp012/Desktop/gitmac/mako-pr/src/rrr/reactor/reactor.cc:297] 2025-12-04 12:10:26.799 | PollThreadWorker::poll_loop wait 240001
I [/home/dp012/Desktop/gitmac/mako-pr/src/rrr/reactor/reactor.cc:297] 2025-12-04 12:10:27.977 | PollThreadWorker::poll_loop wait 241001
I [/home/dp012/Desktop/gitmac/mako-pr/src/rrr/reactor/reactor.cc:297] 2025-12-04 12:10:29.132 | PollThreadWorker::poll_loop wait 242001
I [/home/dp012/Desktop/gitmac/mako-pr/src/rrr/reactor/reactor.cc:297] 2025-12-04 12:10:30.342 | PollThreadWorker::poll_loop wait 243001
I [/home/dp012/Desktop/gitmac/mako-pr/src/rrr/reactor/reactor.cc:297] 2025-12-04 12:10:31.501 | PollThreadWorker::poll_loop wait 244001
I [/home/dp012/Desktop/gitmac/mako-pr/src/rrr/reactor/reactor.cc:297] 2025-12-04 12:10:32.665 | PollThreadWorker::poll_loop wait 245001
I [/home/dp012/Desktop/gitmac/mako-pr/src/rrr/reactor/reactor.cc:297] 2025-12-04 12:10:33.831 | PollThreadWorker::poll_loop wait 246001
I [/home/dp012/Desktop/gitmac/mako-pr/src/rrr/reactor/reactor.cc:297] 2025-12-04 12:10:34.989 | PollThreadWorker::poll_loop wait 247001
I [/home/dp012/Desktop/gitmac/mako-pr/src/rrr/reactor/reactor.cc:297] 2025-12-04 12:10:36.143 | PollThreadWorker::poll_loop wait 248001
I [/home/dp012/Desktop/gitmac/mako-pr/src/rrr/reactor/reactor.cc:297] 2025-12-04 12:10:37.305 | PollThreadWorker::poll_loop wait 249001
I [/home/dp012/Desktop/gitmac/mako-pr/src/rrr/reactor/reactor.cc:297] 2025-12-04 12:10:38.476 | PollThreadWorker::poll_loop wait 250001
I [/home/dp012/Desktop/gitmac/mako-pr/src/rrr/reactor/reactor.cc:297] 2025-12-04 12:10:39.665 | PollThreadWorker::poll_loop wait 251001
I [/home/dp012/Desktop/gitmac/mako-pr/src/rrr/reactor/reactor.cc:297] 2025-12-04 12:10:40.823 | PollThreadWorker::poll_loop wait 252001
I [/home/dp012/Desktop/gitmac/mako-pr/src/rrr/reactor/reactor.cc:297] 2025-12-04 12:10:41.999 | PollThreadWorker::poll_loop wait 253001
I [/home/dp012/Desktop/gitmac/mako-pr/src/rrr/reactor/reactor.cc:297] 2025-12-04 12:10:43.202 | PollThreadWorker::poll_loop wait 254001
I [/home/dp012/Desktop/gitmac/mako-pr/src/rrr/reactor/reactor.cc:297] 2025-12-04 12:10:44.407 | PollThreadWorker::poll_loop wait 255001
I [/home/dp012/Desktop/gitmac/mako-pr/src/rrr/reactor/reactor.cc:297] 2025-12-04 12:10:45.566 | PollThreadWorker::poll_loop wait 256001
I [/home/dp012/Desktop/gitmac/mako-pr/src/rrr/reactor/reactor.cc:297] 2025-12-04 12:10:46.724 | PollThreadWorker::poll_loop wait 257001
I [/home/dp012/Desktop/gitmac/mako-pr/src/rrr/reactor/reactor.cc:297] 2025-12-04 12:10:47.892 | PollThreadWorker::poll_loop wait 258001
I [/home/dp012/Desktop/gitmac/mako-pr/src/rrr/reactor/reactor.cc:297] 2025-12-04 12:10:49.068 | PollThreadWorker::poll_loop wait 259001
I [/home/dp012/Desktop/gitmac/mako-pr/src/rrr/reactor/reactor.cc:297] 2025-12-04 12:10:50.199 | PollThreadWorker::poll_loop wait 260001
I [/home/dp012/Desktop/gitmac/mako-pr/src/rrr/reactor/reactor.cc:297] 2025-12-04 12:10:51.389 | PollThreadWorker::poll_loop wait 261001
I [/home/dp012/Desktop/gitmac/mako-pr/src/rrr/reactor/reactor.cc:297] 2025-12-04 12:10:52.553 | PollThreadWorker::poll_loop wait 262001
I [/home/dp012/Desktop/gitmac/mako-pr/src/rrr/reactor/reactor.cc:297] 2025-12-04 12:10:53.727 | PollThreadWorker::poll_loop wait 263001
I [/home/dp012/Desktop/gitmac/mako-pr/src/rrr/reactor/reactor.cc:297] 2025-12-04 12:10:54.914 | PollThreadWorker::poll_loop wait 264001
I [/home/dp012/Desktop/gitmac/mako-pr/src/rrr/reactor/reactor.cc:297] 2025-12-04 12:10:56.072 | PollThreadWorker::poll_loop wait 265001
I [/home/dp012/Desktop/gitmac/mako-pr/src/rrr/reactor/reactor.cc:297] 2025-12-04 12:10:57.296 | PollThreadWorker::poll_loop wait 266001
I [/home/dp012/Desktop/gitmac/mako-pr/src/rrr/reactor/reactor.cc:297] 2025-12-04 12:10:58.482 | PollThreadWorker::poll_loop wait 267001
I [/home/dp012/Desktop/gitmac/mako-pr/src/rrr/reactor/reactor.cc:297] 2025-12-04 12:10:59.632 | PollThreadWorker::poll_loop wait 268001
I [/home/dp012/Desktop/gitmac/mako-pr/src/rrr/reactor/reactor.cc:297] 2025-12-04 12:11:00.781 | PollThreadWorker::poll_loop wait 269001
I [/home/dp012/Desktop/gitmac/mako-pr/src/rrr/reactor/reactor.cc:297] 2025-12-04 12:11:01.935 | PollThreadWorker::poll_loop wait 270001
I [/home/dp012/Desktop/gitmac/mako-pr/src/rrr/reactor/reactor.cc:297] 2025-12-04 12:11:03.131 | PollThreadWorker::poll_loop wait 271001
I [/home/dp012/Desktop/gitmac/mako-pr/src/rrr/reactor/reactor.cc:297] 2025-12-04 12:11:04.289 | PollThreadWorker::poll_loop wait 272001
I [/home/dp012/Desktop/gitmac/mako-pr/src/rrr/reactor/reactor.cc:297] 2025-12-04 12:11:05.447 | PollThreadWorker::poll_loop wait 273001
I [/home/dp012/Desktop/gitmac/mako-pr/src/rrr/reactor/reactor.cc:297] 2025-12-04 12:11:06.592 | PollThreadWorker::poll_loop wait 274001
I [/home/dp012/Desktop/gitmac/mako-pr/src/rrr/reactor/reactor.cc:297] 2025-12-04 12:11:07.825 | PollThreadWorker::poll_loop wait 275001
I [/home/dp012/Desktop/gitmac/mako-pr/src/rrr/reactor/reactor.cc:297] 2025-12-04 12:11:09.005 | PollThreadWorker::poll_loop wait 276001
I [/home/dp012/Desktop/gitmac/mako-pr/src/rrr/reactor/reactor.cc:297] 2025-12-04 12:11:10.163 | PollThreadWorker::poll_loop wait 277001
I [/home/dp012/Desktop/gitmac/mako-pr/src/rrr/rpc/server.cpp:160] 2025-12-04 12:11:10.342 | ServerConnection::handle_read bytes read from socket 4
I [/home/dp012/Desktop/gitmac/mako-pr/src/rrr/rpc/server.cpp:221] 2025-12-04 12:11:10.342 | ServerConnection::handle_read rpc_id: 0x3ec14825
I [/home/dp012/Desktop/gitmac/mako-pr/src/rrr/rpc/server.cpp:231] 2025-12-04 12:11:10.342 | ServerConnection::handle_read creating coroutine for rpc_id: 0x3ec14825
I [/home/dp012/Desktop/gitmac/mako-pr/src/rrr/reactor/coroutine.cc:12] 2025-12-04 12:11:10.342 | Coroutine created: 0x707bbc002610
I [/home/dp012/Desktop/gitmac/mako-pr/src/rrr/reactor/reactor.cc:75] 2025-12-04 12:11:10.342 | Reactor::CreateRunCoroutine running coro: 0x707bbc002610
I [/home/dp012/Desktop/gitmac/mako-pr/src/rrr/reactor/coroutine.cc:41] 2025-12-04 12:11:10.342 | Coroutine::Run start: 0x707bbc002610
I [/home/dp012/Desktop/gitmac/mako-pr/src/rrr/reactor/coroutine.cc:22] 2025-12-04 12:11:10.342 | Coroutine::BoostRunWrapper start: 0x707bbc002610
I [/home/dp012/Desktop/gitmac/mako-pr/src/rrr/rpc/server.cpp:233] 2025-12-04 12:11:10.342 | ServerConnection::handle_read coroutine start
I [/home/dp012/Desktop/gitmac/mako-pr/src/deptran/rcc/../procedure.h:168] 2025-12-04 12:11:10.342 | VecPieceData::FromMarshal size: 29
I [/home/dp012/Desktop/gitmac/mako-pr/src/rrr/reactor/coroutine.cc:12] 2025-12-04 12:11:10.342 | Coroutine created: 0x707bbc028cb0
I [/home/dp012/Desktop/gitmac/mako-pr/src/rrr/reactor/reactor.cc:75] 2025-12-04 12:11:10.342 | Reactor::CreateRunCoroutine running coro: 0x707bbc028cb0
I [/home/dp012/Desktop/gitmac/mako-pr/src/rrr/reactor/coroutine.cc:41] 2025-12-04 12:11:10.342 | Coroutine::Run start: 0x707bbc028cb0
I [/home/dp012/Desktop/gitmac/mako-pr/src/rrr/reactor/coroutine.cc:22] 2025-12-04 12:11:10.342 | Coroutine::BoostRunWrapper start: 0x707bbc028cb0
I [/home/dp012/Desktop/gitmac/mako-pr/src/deptran/paxos/service.cc:35] 2025-12-04 12:11:10.342 | MultiPaxosServiceImpl::Accept called for slot 1
I [/home/dp012/Desktop/gitmac/mako-pr/src/deptran/paxos/server.cc:38] 2025-12-04 12:11:10.342 | multi-paxos scheduler accept for slot_id: 1
I [/home/dp012/Desktop/gitmac/mako-pr/src/rrr/reactor/coroutine.cc:16] 2025-12-04 12:11:10.342 | Coroutine destroyed: 0x707bbc028cb0, task: 0x707bbc028bf0
I [/home/dp012/Desktop/gitmac/mako-pr/src/rrr/reactor/coroutine.cc:16] 2025-12-04 12:11:10.342 | Coroutine destroyed: 0x707bbc002610, task: 0x707bbc0026a0
I [/home/dp012/Desktop/gitmac/mako-pr/src/rrr/rpc/server.cpp:160] 2025-12-04 12:11:10.343 | ServerConnection::handle_read bytes read from socket 4
I [/home/dp012/Desktop/gitmac/mako-pr/src/rrr/rpc/server.cpp:221] 2025-12-04 12:11:10.343 | ServerConnection::handle_read rpc_id: 0x41b23a21
I [/home/dp012/Desktop/gitmac/mako-pr/src/rrr/rpc/server.cpp:231] 2025-12-04 12:11:10.343 | ServerConnection::handle_read creating coroutine for rpc_id: 0x41b23a21
I [/home/dp012/Desktop/gitmac/mako-pr/src/rrr/reactor/coroutine.cc:12] 2025-12-04 12:11:10.343 | Coroutine created: 0x707bbc002610
I [/home/dp012/Desktop/gitmac/mako-pr/src/rrr/reactor/reactor.cc:75] 2025-12-04 12:11:10.343 | Reactor::CreateRunCoroutine running coro: 0x707bbc002610
I [/home/dp012/Desktop/gitmac/mako-pr/src/rrr/reactor/coroutine.cc:41] 2025-12-04 12:11:10.343 | Coroutine::Run start: 0x707bbc002610
I [/home/dp012/Desktop/gitmac/mako-pr/src/rrr/reactor/coroutine.cc:22] 2025-12-04 12:11:10.343 | Coroutine::BoostRunWrapper start: 0x707bbc002610
I [/home/dp012/Desktop/gitmac/mako-pr/src/rrr/rpc/server.cpp:233] 2025-12-04 12:11:10.343 | ServerConnection::handle_read coroutine start
I [/home/dp012/Desktop/gitmac/mako-pr/src/deptran/rcc/../procedure.h:168] 2025-12-04 12:11:10.343 | VecPieceData::FromMarshal size: 29
I [/home/dp012/Desktop/gitmac/mako-pr/src/rrr/reactor/coroutine.cc:12] 2025-12-04 12:11:10.343 | Coroutine created: 0x707bbc028cb0
I [/home/dp012/Desktop/gitmac/mako-pr/src/rrr/reactor/reactor.cc:75] 2025-12-04 12:11:10.343 | Reactor::CreateRunCoroutine running coro: 0x707bbc028cb0
I [/home/dp012/Desktop/gitmac/mako-pr/src/rrr/reactor/coroutine.cc:41] 2025-12-04 12:11:10.343 | Coroutine::Run start: 0x707bbc028cb0
I [/home/dp012/Desktop/gitmac/mako-pr/src/rrr/reactor/coroutine.cc:22] 2025-12-04 12:11:10.343 | Coroutine::BoostRunWrapper start: 0x707bbc028cb0
I [/home/dp012/Desktop/gitmac/mako-pr/src/deptran/paxos/service.cc:51] 2025-12-04 12:11:10.343 | MultiPaxosServiceImpl::Decide called for slot 1
I [/home/dp012/Desktop/gitmac/mako-pr/src/deptran/paxos/server.cc:57] 2025-12-04 12:11:10.343 | multi-paxos scheduler decide for slot: 1
I [/home/dp012/Desktop/gitmac/mako-pr/src/deptran/paxos/server.cc:60] 2025-12-04 12:11:10.343 | PaxosServer::OnCommit slot 1, executed 0
I [/home/dp012/Desktop/gitmac/mako-pr/src/deptran/deterministic/scheduler.cc:171] 2025-12-04 12:11:10.343 | SchedulerDeterministic::ExecuteNext next_slot: 1, pending_txns_.count=1
I [/home/dp012/Desktop/gitmac/mako-pr/src/deptran/deterministic/scheduler.cc:175] 2025-12-04 12:11:10.343 | ExecuteNext: entering while loop for slot 1
I [/home/dp012/Desktop/gitmac/mako-pr/src/deptran/deterministic/scheduler.cc:178] 2025-12-04 12:11:10.343 | ExecuteNext: vpd=0x707bbc022cb0
I [/home/dp012/Desktop/gitmac/mako-pr/src/deptran/paxos/server.cc:71] 2025-12-04 12:11:10.343 | apply multi-paxos par:0 loc:1 executed slot 1 now
I [/home/dp012/Desktop/gitmac/mako-pr/src/rrr/reactor/coroutine.cc:16] 2025-12-04 12:11:10.343 | Coroutine destroyed: 0x707bbc028cb0, task: 0x707bbc0226d0
I [/home/dp012/Desktop/gitmac/mako-pr/src/rrr/reactor/coroutine.cc:16] 2025-12-04 12:11:10.343 | Coroutine destroyed: 0x707bbc002610, task: 0x707bbc028c10
I [/home/dp012/Desktop/gitmac/mako-pr/src/rrr/reactor/reactor.cc:297] 2025-12-04 12:11:11.386 | PollThreadWorker::poll_loop wait 278001
I [/home/dp012/Desktop/gitmac/mako-pr/src/rrr/reactor/reactor.cc:297] 2025-12-04 12:11:12.612 | PollThreadWorker::poll_loop wait 279001
I [/home/dp012/Desktop/gitmac/mako-pr/src/rrr/reactor/reactor.cc:297] 2025-12-04 12:11:13.771 | PollThreadWorker::poll_loop wait 280001
I [/home/dp012/Desktop/gitmac/mako-pr/src/rrr/reactor/reactor.cc:297] 2025-12-04 12:11:14.927 | PollThreadWorker::poll_loop wait 281001
I [/home/dp012/Desktop/gitmac/mako-pr/src/rrr/reactor/reactor.cc:297] 2025-12-04 12:11:16.101 | PollThreadWorker::poll_loop wait 282001
I [/home/dp012/Desktop/gitmac/mako-pr/src/rrr/reactor/reactor.cc:297] 2025-12-04 12:11:17.265 | PollThreadWorker::poll_loop wait 283001
I [/home/dp012/Desktop/gitmac/mako-pr/src/rrr/reactor/reactor.cc:297] 2025-12-04 12:11:18.406 | PollThreadWorker::poll_loop wait 284001
I [/home/dp012/Desktop/gitmac/mako-pr/src/rrr/reactor/reactor.cc:297] 2025-12-04 12:11:19.578 | PollThreadWorker::poll_loop wait 285001
I [/home/dp012/Desktop/gitmac/mako-pr/src/rrr/reactor/reactor.cc:297] 2025-12-04 12:11:20.748 | PollThreadWorker::poll_loop wait 286001
I [/home/dp012/Desktop/gitmac/mako-pr/src/rrr/reactor/reactor.cc:297] 2025-12-04 12:11:21.931 | PollThreadWorker::poll_loop wait 287001
I [/home/dp012/Desktop/gitmac/mako-pr/src/rrr/reactor/reactor.cc:297] 2025-12-04 12:11:23.125 | PollThreadWorker::poll_loop wait 288001
I [/home/dp012/Desktop/gitmac/mako-pr/src/rrr/reactor/reactor.cc:297] 2025-12-04 12:11:24.315 | PollThreadWorker::poll_loop wait 289001
I [/home/dp012/Desktop/gitmac/mako-pr/src/rrr/reactor/reactor.cc:297] 2025-12-04 12:11:25.488 | PollThreadWorker::poll_loop wait 290001
I [/home/dp012/Desktop/gitmac/mako-pr/src/rrr/reactor/reactor.cc:297] 2025-12-04 12:11:26.679 | PollThreadWorker::poll_loop wait 291001
I [/home/dp012/Desktop/gitmac/mako-pr/src/rrr/reactor/reactor.cc:297] 2025-12-04 12:11:27.845 | PollThreadWorker::poll_loop wait 292001
I [/home/dp012/Desktop/gitmac/mako-pr/src/rrr/reactor/reactor.cc:297] 2025-12-04 12:11:29.036 | PollThreadWorker::poll_loop wait 293001
I [/home/dp012/Desktop/gitmac/mako-pr/src/rrr/reactor/reactor.cc:297] 2025-12-04 12:11:30.223 | PollThreadWorker::poll_loop wait 294001
I [/home/dp012/Desktop/gitmac/mako-pr/src/rrr/reactor/reactor.cc:297] 2025-12-04 12:11:31.389 | PollThreadWorker::poll_loop wait 295001
I [/home/dp012/Desktop/gitmac/mako-pr/src/rrr/reactor/reactor.cc:297] 2025-12-04 12:11:32.544 | PollThreadWorker::poll_loop wait 296001
I [/home/dp012/Desktop/gitmac/mako-pr/src/rrr/reactor/reactor.cc:297] 2025-12-04 12:11:33.704 | PollThreadWorker::poll_loop wait 297001
I [/home/dp012/Desktop/gitmac/mako-pr/src/rrr/reactor/reactor.cc:297] 2025-12-04 12:11:34.855 | PollThreadWorker::poll_loop wait 298001
I [/home/dp012/Desktop/gitmac/mako-pr/src/rrr/reactor/reactor.cc:297] 2025-12-04 12:11:36.053 | PollThreadWorker::poll_loop wait 299001
I [/home/dp012/Desktop/gitmac/mako-pr/src/rrr/reactor/reactor.cc:297] 2025-12-04 12:11:37.231 | PollThreadWorker::poll_loop wait 300001
I [/home/dp012/Desktop/gitmac/mako-pr/src/rrr/reactor/reactor.cc:297] 2025-12-04 12:11:38.412 | PollThreadWorker::poll_loop wait 301001
I [/home/dp012/Desktop/gitmac/mako-pr/src/rrr/reactor/reactor.cc:297] 2025-12-04 12:11:39.540 | PollThreadWorker::poll_loop wait 302001
I [/home/dp012/Desktop/gitmac/mako-pr/src/rrr/reactor/reactor.cc:297] 2025-12-04 12:11:40.685 | PollThreadWorker::poll_loop wait 303001
I [/home/dp012/Desktop/gitmac/mako-pr/src/rrr/reactor/reactor.cc:297] 2025-12-04 12:11:41.853 | PollThreadWorker::poll_loop wait 304001
I [/home/dp012/Desktop/gitmac/mako-pr/src/rrr/reactor/reactor.cc:297] 2025-12-04 12:11:43.017 | PollThreadWorker::poll_loop wait 305001
I [/home/dp012/Desktop/gitmac/mako-pr/src/rrr/reactor/reactor.cc:297] 2025-12-04 12:11:44.142 | PollThreadWorker::poll_loop wait 306001
I [/home/dp012/Desktop/gitmac/mako-pr/src/rrr/reactor/reactor.cc:297] 2025-12-04 12:11:45.274 | PollThreadWorker::poll_loop wait 307001
I [/home/dp012/Desktop/gitmac/mako-pr/src/rrr/reactor/reactor.cc:297] 2025-12-04 12:11:46.398 | PollThreadWorker::poll_loop wait 308001
I [/home/dp012/Desktop/gitmac/mako-pr/src/rrr/reactor/reactor.cc:297] 2025-12-04 12:11:47.566 | PollThreadWorker::poll_loop wait 309001
I [/home/dp012/Desktop/gitmac/mako-pr/src/rrr/reactor/reactor.cc:297] 2025-12-04 12:11:48.713 | PollThreadWorker::poll_loop wait 310001
I [/home/dp012/Desktop/gitmac/mako-pr/src/rrr/reactor/reactor.cc:297] 2025-12-04 12:11:49.878 | PollThreadWorker::poll_loop wait 311001
I [/home/dp012/Desktop/gitmac/mako-pr/src/rrr/reactor/reactor.cc:297] 2025-12-04 12:11:51.061 | PollThreadWorker::poll_loop wait 312001
I [/home/dp012/Desktop/gitmac/mako-pr/src/rrr/reactor/reactor.cc:297] 2025-12-04 12:11:52.255 | PollThreadWorker::poll_loop wait 313001
I [/home/dp012/Desktop/gitmac/mako-pr/src/rrr/reactor/reactor.cc:297] 2025-12-04 12:11:53.410 | PollThreadWorker::poll_loop wait 314001
I [/home/dp012/Desktop/gitmac/mako-pr/src/rrr/reactor/reactor.cc:297] 2025-12-04 12:11:54.567 | PollThreadWorker::poll_loop wait 315001
I [/home/dp012/Desktop/gitmac/mako-pr/src/rrr/reactor/reactor.cc:297] 2025-12-04 12:11:55.730 | PollThreadWorker::poll_loop wait 316001
I [/home/dp012/Desktop/gitmac/mako-pr/src/rrr/reactor/reactor.cc:297] 2025-12-04 12:11:56.867 | PollThreadWorker::poll_loop wait 317001
I [/home/dp012/Desktop/gitmac/mako-pr/src/rrr/reactor/reactor.cc:297] 2025-12-04 12:11:58.033 | PollThreadWorker::poll_loop wait 318001
I [/home/dp012/Desktop/gitmac/mako-pr/src/rrr/reactor/reactor.cc:297] 2025-12-04 12:11:59.194 | PollThreadWorker::poll_loop wait 319001
I [/home/dp012/Desktop/gitmac/mako-pr/src/rrr/reactor/reactor.cc:297] 2025-12-04 12:12:00.385 | PollThreadWorker::poll_loop wait 320001
I [/home/dp012/Desktop/gitmac/mako-pr/src/rrr/reactor/reactor.cc:297] 2025-12-04 12:12:01.584 | PollThreadWorker::poll_loop wait 321001
I [/home/dp012/Desktop/gitmac/mako-pr/src/rrr/reactor/reactor.cc:297] 2025-12-04 12:12:02.758 | PollThreadWorker::poll_loop wait 322001
I [/home/dp012/Desktop/gitmac/mako-pr/src/rrr/reactor/reactor.cc:297] 2025-12-04 12:12:03.905 | PollThreadWorker::poll_loop wait 323001
I [/home/dp012/Desktop/gitmac/mako-pr/src/rrr/reactor/reactor.cc:297] 2025-12-04 12:12:05.073 | PollThreadWorker::poll_loop wait 324001
I [/home/dp012/Desktop/gitmac/mako-pr/src/rrr/reactor/reactor.cc:297] 2025-12-04 12:12:06.254 | PollThreadWorker::poll_loop wait 325001
I [/home/dp012/Desktop/gitmac/mako-pr/src/rrr/reactor/reactor.cc:297] 2025-12-04 12:12:07.431 | PollThreadWorker::poll_loop wait 326001
I [/home/dp012/Desktop/gitmac/mako-pr/src/rrr/reactor/reactor.cc:297] 2025-12-04 12:12:08.639 | PollThreadWorker::poll_loop wait 327001
I [/home/dp012/Desktop/gitmac/mako-pr/src/rrr/reactor/reactor.cc:297] 2025-12-04 12:12:09.825 | PollThreadWorker::poll_loop wait 328001
I [/home/dp012/Desktop/gitmac/mako-pr/src/rrr/reactor/reactor.cc:297] 2025-12-04 12:12:10.962 | PollThreadWorker::poll_loop wait 329001
I [/home/dp012/Desktop/gitmac/mako-pr/src/rrr/reactor/reactor.cc:297] 2025-12-04 12:12:12.113 | PollThreadWorker::poll_loop wait 330001
I [/home/dp012/Desktop/gitmac/mako-pr/src/rrr/reactor/reactor.cc:297] 2025-12-04 12:12:13.257 | PollThreadWorker::poll_loop wait 331001
I [/home/dp012/Desktop/gitmac/mako-pr/src/rrr/reactor/reactor.cc:297] 2025-12-04 12:12:14.412 | PollThreadWorker::poll_loop wait 332001
I [/home/dp012/Desktop/gitmac/mako-pr/src/rrr/reactor/reactor.cc:297] 2025-12-04 12:12:15.572 | PollThreadWorker::poll_loop wait 333001
I [/home/dp012/Desktop/gitmac/mako-pr/src/rrr/reactor/reactor.cc:297] 2025-12-04 12:12:16.713 | PollThreadWorker::poll_loop wait 334001
I [/home/dp012/Desktop/gitmac/mako-pr/src/rrr/reactor/reactor.cc:297] 2025-12-04 12:12:17.903 | PollThreadWorker::poll_loop wait 335001
I [/home/dp012/Desktop/gitmac/mako-pr/src/rrr/reactor/reactor.cc:297] 2025-12-04 12:12:19.101 | PollThreadWorker::poll_loop wait 336001
I [/home/dp012/Desktop/gitmac/mako-pr/src/rrr/reactor/reactor.cc:297] 2025-12-04 12:12:20.263 | PollThreadWorker::poll_loop wait 337001
I [/home/dp012/Desktop/gitmac/mako-pr/src/rrr/reactor/reactor.cc:297] 2025-12-04 12:12:21.411 | PollThreadWorker::poll_loop wait 338001
I [/home/dp012/Desktop/gitmac/mako-pr/src/rrr/reactor/reactor.cc:297] 2025-12-04 12:12:22.564 | PollThreadWorker::poll_loop wait 339001
I [/home/dp012/Desktop/gitmac/mako-pr/src/rrr/reactor/reactor.cc:297] 2025-12-04 12:12:23.709 | PollThreadWorker::poll_loop wait 340001
I [/home/dp012/Desktop/gitmac/mako-pr/src/rrr/reactor/reactor.cc:297] 2025-12-04 12:12:24.890 | PollThreadWorker::poll_loop wait 341001
I [/home/dp012/Desktop/gitmac/mako-pr/src/rrr/reactor/reactor.cc:297] 2025-12-04 12:12:26.050 | PollThreadWorker::poll_loop wait 342001
I [/home/dp012/Desktop/gitmac/mako-pr/src/rrr/reactor/reactor.cc:297] 2025-12-04 12:12:27.209 | PollThreadWorker::poll_loop wait 343001
I [/home/dp012/Desktop/gitmac/mako-pr/src/rrr/reactor/reactor.cc:297] 2025-12-04 12:12:28.370 | PollThreadWorker::poll_loop wait 344001
I [/home/dp012/Desktop/gitmac/mako-pr/src/rrr/reactor/reactor.cc:297] 2025-12-04 12:12:29.571 | PollThreadWorker::poll_loop wait 345001
I [/home/dp012/Desktop/gitmac/mako-pr/src/rrr/reactor/reactor.cc:297] 2025-12-04 12:12:30.741 | PollThreadWorker::poll_loop wait 346001
I [/home/dp012/Desktop/gitmac/mako-pr/src/rrr/reactor/reactor.cc:297] 2025-12-04 12:12:31.928 | PollThreadWorker::poll_loop wait 347001
I [/home/dp012/Desktop/gitmac/mako-pr/src/rrr/reactor/reactor.cc:297] 2025-12-04 12:12:33.114 | PollThreadWorker::poll_loop wait 348001
I [/home/dp012/Desktop/gitmac/mako-pr/src/rrr/reactor/reactor.cc:297] 2025-12-04 12:12:34.257 | PollThreadWorker::poll_loop wait 349001
I [/home/dp012/Desktop/gitmac/mako-pr/src/rrr/reactor/reactor.cc:297] 2025-12-04 12:12:35.413 | PollThreadWorker::poll_loop wait 350001
I [/home/dp012/Desktop/gitmac/mako-pr/src/rrr/reactor/reactor.cc:297] 2025-12-04 12:12:36.605 | PollThreadWorker::poll_loop wait 351001
I [/home/dp012/Desktop/gitmac/mako-pr/src/rrr/reactor/reactor.cc:297] 2025-12-04 12:12:37.815 | PollThreadWorker::poll_loop wait 352001
I [/home/dp012/Desktop/gitmac/mako-pr/src/rrr/reactor/reactor.cc:297] 2025-12-04 12:12:39.005 | PollThreadWorker::poll_loop wait 353001
I [/home/dp012/Desktop/gitmac/mako-pr/src/rrr/reactor/reactor.cc:297] 2025-12-04 12:12:40.141 | PollThreadWorker::poll_loop wait 354001
I [/home/dp012/Desktop/gitmac/mako-pr/src/rrr/reactor/reactor.cc:297] 2025-12-04 12:12:41.304 | PollThreadWorker::poll_loop wait 355001
I [/home/dp012/Desktop/gitmac/mako-pr/src/rrr/reactor/reactor.cc:297] 2025-12-04 12:12:42.457 | PollThreadWorker::poll_loop wait 356001
I [/home/dp012/Desktop/gitmac/mako-pr/src/rrr/reactor/reactor.cc:297] 2025-12-04 12:12:43.608 | PollThreadWorker::poll_loop wait 357001
I [/home/dp012/Desktop/gitmac/mako-pr/src/rrr/reactor/reactor.cc:297] 2025-12-04 12:12:44.779 | PollThreadWorker::poll_loop wait 358001
I [/home/dp012/Desktop/gitmac/mako-pr/src/rrr/reactor/reactor.cc:297] 2025-12-04 12:12:45.933 | PollThreadWorker::poll_loop wait 359001
I [/home/dp012/Desktop/gitmac/mako-pr/src/rrr/reactor/reactor.cc:297] 2025-12-04 12:12:47.091 | PollThreadWorker::poll_loop wait 360001
I [/home/dp012/Desktop/gitmac/mako-pr/src/rrr/reactor/reactor.cc:297] 2025-12-04 12:12:48.227 | PollThreadWorker::poll_loop wait 361001
I [/home/dp012/Desktop/gitmac/mako-pr/src/rrr/reactor/reactor.cc:297] 2025-12-04 12:12:49.347 | PollThreadWorker::poll_loop wait 362001
I [/home/dp012/Desktop/gitmac/mako-pr/src/rrr/reactor/reactor.cc:297] 2025-12-04 12:12:50.513 | PollThreadWorker::poll_loop wait 363001
I [/home/dp012/Desktop/gitmac/mako-pr/src/rrr/reactor/reactor.cc:297] 2025-12-04 12:12:51.705 | PollThreadWorker::poll_loop wait 364001
I [/home/dp012/Desktop/gitmac/mako-pr/src/rrr/reactor/reactor.cc:297] 2025-12-04 12:12:52.887 | PollThreadWorker::poll_loop wait 365001
I [/home/dp012/Desktop/gitmac/mako-pr/src/rrr/reactor/reactor.cc:297] 2025-12-04 12:12:54.053 | PollThreadWorker::poll_loop wait 366001
I [/home/dp012/Desktop/gitmac/mako-pr/src/rrr/reactor/reactor.cc:297] 2025-12-04 12:12:55.215 | PollThreadWorker::poll_loop wait 367001
I [/home/dp012/Desktop/gitmac/mako-pr/src/rrr/reactor/reactor.cc:297] 2025-12-04 12:12:56.385 | PollThreadWorker::poll_loop wait 368001
I [/home/dp012/Desktop/gitmac/mako-pr/src/rrr/reactor/reactor.cc:297] 2025-12-04 12:12:57.551 | PollThreadWorker::poll_loop wait 369001
I [/home/dp012/Desktop/gitmac/mako-pr/src/rrr/reactor/reactor.cc:297] 2025-12-04 12:12:58.729 | PollThreadWorker::poll_loop wait 370001
I [/home/dp012/Desktop/gitmac/mako-pr/src/rrr/reactor/reactor.cc:297] 2025-12-04 12:12:59.902 | PollThreadWorker::poll_loop wait 371001
I [/home/dp012/Desktop/gitmac/mako-pr/src/rrr/reactor/reactor.cc:297] 2025-12-04 12:13:01.056 | PollThreadWorker::poll_loop wait 372001
I [/home/dp012/Desktop/gitmac/mako-pr/src/rrr/reactor/reactor.cc:297] 2025-12-04 12:13:02.203 | PollThreadWorker::poll_loop wait 373001
I [/home/dp012/Desktop/gitmac/mako-pr/src/rrr/reactor/reactor.cc:297] 2025-12-04 12:13:03.385 | PollThreadWorker::poll_loop wait 374001
I [/home/dp012/Desktop/gitmac/mako-pr/src/rrr/reactor/reactor.cc:297] 2025-12-04 12:13:04.527 | PollThreadWorker::poll_loop wait 375001
I [/home/dp012/Desktop/gitmac/mako-pr/src/rrr/reactor/reactor.cc:297] 2025-12-04 12:13:05.690 | PollThreadWorker::poll_loop wait 376001
I [/home/dp012/Desktop/gitmac/mako-pr/src/rrr/reactor/reactor.cc:297] 2025-12-04 12:13:06.846 | PollThreadWorker::poll_loop wait 377001
I [/home/dp012/Desktop/gitmac/mako-pr/src/rrr/reactor/reactor.cc:297] 2025-12-04 12:13:07.000 | PollThreadWorker::poll_loop wait 378001
I [/home/dp012/Desktop/gitmac/mako-pr/src/rrr/reactor/reactor.cc:297] 2025-12-04 12:13:09.141 | PollThreadWorker::poll_loop wait 379001
I [/home/dp012/Desktop/gitmac/mako-pr/src/rrr/reactor/reactor.cc:297] 2025-12-04 12:13:10.315 | PollThreadWorker::poll_loop wait 380001
I [/home/dp012/Desktop/gitmac/mako-pr/src/rrr/reactor/reactor.cc:297] 2025-12-04 12:13:11.479 | PollThreadWorker::poll_loop wait 381001
I [/home/dp012/Desktop/gitmac/mako-pr/src/rrr/reactor/reactor.cc:297] 2025-12-04 12:13:12.647 | PollThreadWorker::poll_loop wait 382001
I [/home/dp012/Desktop/gitmac/mako-pr/src/rrr/reactor/reactor.cc:297] 2025-12-04 12:13:13.794 | PollThreadWorker::poll_loop wait 383001
I [/home/dp012/Desktop/gitmac/mako-pr/src/rrr/reactor/reactor.cc:297] 2025-12-04 12:13:14.942 | PollThreadWorker::poll_loop wait 384001
I [/home/dp012/Desktop/gitmac/mako-pr/src/rrr/reactor/reactor.cc:297] 2025-12-04 12:13:16.129 | PollThreadWorker::poll_loop wait 385001
I [/home/dp012/Desktop/gitmac/mako-pr/src/rrr/reactor/reactor.cc:297] 2025-12-04 12:13:17.378 | PollThreadWorker::poll_loop wait 386001
I [/home/dp012/Desktop/gitmac/mako-pr/src/rrr/reactor/reactor.cc:297] 2025-12-04 12:13:18.555 | PollThreadWorker::poll_loop wait 387001
I [/home/dp012/Desktop/gitmac/mako-pr/src/rrr/reactor/reactor.cc:297] 2025-12-04 12:13:19.709 | PollThreadWorker::poll_loop wait 388001
I [/home/dp012/Desktop/gitmac/mako-pr/src/rrr/reactor/reactor.cc:297] 2025-12-04 12:13:20.858 | PollThreadWorker::poll_loop wait 389001
I [/home/dp012/Desktop/gitmac/mako-pr/src/rrr/reactor/reactor.cc:297] 2025-12-04 12:13:22.028 | PollThreadWorker::poll_loop wait 390001
I [/home/dp012/Desktop/gitmac/mako-pr/src/rrr/reactor/reactor.cc:297] 2025-12-04 12:13:23.176 | PollThreadWorker::poll_loop wait 391001
I [/home/dp012/Desktop/gitmac/mako-pr/src/rrr/reactor/reactor.cc:297] 2025-12-04 12:13:24.345 | PollThreadWorker::poll_loop wait 392001
I [/home/dp012/Desktop/gitmac/mako-pr/src/rrr/reactor/reactor.cc:297] 2025-12-04 12:13:25.539 | PollThreadWorker::poll_loop wait 393001
I [/home/dp012/Desktop/gitmac/mako-pr/src/rrr/reactor/reactor.cc:297] 2025-12-04 12:13:26.699 | PollThreadWorker::poll_loop wait 394001
I [/home/dp012/Desktop/gitmac/mako-pr/src/rrr/reactor/reactor.cc:297] 2025-12-04 12:13:27.870 | PollThreadWorker::poll_loop wait 395001
I [/home/dp012/Desktop/gitmac/mako-pr/src/rrr/reactor/reactor.cc:297] 2025-12-04 12:13:29.032 | PollThreadWorker::poll_loop wait 396001
I [/home/dp012/Desktop/gitmac/mako-pr/src/rrr/reactor/reactor.cc:297] 2025-12-04 12:13:30.203 | PollThreadWorker::poll_loop wait 397001
I [/home/dp012/Desktop/gitmac/mako-pr/src/rrr/reactor/reactor.cc:297] 2025-12-04 12:13:31.355 | PollThreadWorker::poll_loop wait 398001
I [/home/dp012/Desktop/gitmac/mako-pr/src/rrr/reactor/reactor.cc:297] 2025-12-04 12:13:32.537 | PollThreadWorker::poll_loop wait 399001
I [/home/dp012/Desktop/gitmac/mako-pr/src/rrr/reactor/reactor.cc:297] 2025-12-04 12:13:33.697 | PollThreadWorker::poll_loop wait 400001
I [/home/dp012/Desktop/gitmac/mako-pr/src/rrr/reactor/reactor.cc:297] 2025-12-04 12:13:34.848 | PollThreadWorker::poll_loop wait 401001
I [/home/dp012/Desktop/gitmac/mako-pr/src/rrr/reactor/reactor.cc:297] 2025-12-04 12:13:36.056 | PollThreadWorker::poll_loop wait 402001
I [/home/dp012/Desktop/gitmac/mako-pr/src/rrr/reactor/reactor.cc:297] 2025-12-04 12:13:37.237 | PollThreadWorker::poll_loop wait 403001
I [/home/dp012/Desktop/gitmac/mako-pr/src/rrr/reactor/reactor.cc:297] 2025-12-04 12:13:38.419 | PollThreadWorker::poll_loop wait 404001
I [/home/dp012/Desktop/gitmac/mako-pr/src/rrr/reactor/reactor.cc:297] 2025-12-04 12:13:39.609 | PollThreadWorker::poll_loop wait 405001
I [/home/dp012/Desktop/gitmac/mako-pr/src/rrr/reactor/reactor.cc:297] 2025-12-04 12:13:40.835 | PollThreadWorker::poll_loop wait 406001
I [/home/dp012/Desktop/gitmac/mako-pr/src/rrr/reactor/reactor.cc:297] 2025-12-04 12:13:42.036 | PollThreadWorker::poll_loop wait 407001
I [/home/dp012/Desktop/gitmac/mako-pr/src/rrr/reactor/reactor.cc:297] 2025-12-04 12:13:43.193 | PollThreadWorker::poll_loop wait 408001
I [/home/dp012/Desktop/gitmac/mako-pr/src/rrr/reactor/reactor.cc:297] 2025-12-04 12:13:44.354 | PollThreadWorker::poll_loop wait 409001
I [/home/dp012/Desktop/gitmac/mako-pr/src/rrr/reactor/reactor.cc:297] 2025-12-04 12:13:45.504 | PollThreadWorker::poll_loop wait 410001
I [/home/dp012/Desktop/gitmac/mako-pr/src/rrr/reactor/reactor.cc:297] 2025-12-04 12:13:46.656 | PollThreadWorker::poll_loop wait 411001
I [/home/dp012/Desktop/gitmac/mako-pr/src/rrr/reactor/reactor.cc:297] 2025-12-04 12:13:47.858 | PollThreadWorker::poll_loop wait 412001
I [/home/dp012/Desktop/gitmac/mako-pr/src/rrr/reactor/reactor.cc:297] 2025-12-04 12:13:49.075 | PollThreadWorker::poll_loop wait 413001
I [/home/dp012/Desktop/gitmac/mako-pr/src/rrr/reactor/reactor.cc:297] 2025-12-04 12:13:50.246 | PollThreadWorker::poll_loop wait 414001
I [/home/dp012/Desktop/gitmac/mako-pr/src/rrr/reactor/reactor.cc:297] 2025-12-04 12:13:51.428 | PollThreadWorker::poll_loop wait 415001
I [/home/dp012/Desktop/gitmac/mako-pr/src/rrr/reactor/reactor.cc:297] 2025-12-04 12:13:52.585 | PollThreadWorker::poll_loop wait 416001
I [/home/dp012/Desktop/gitmac/mako-pr/src/rrr/reactor/reactor.cc:297] 2025-12-04 12:13:53.752 | PollThreadWorker::poll_loop wait 417001
I [/home/dp012/Desktop/gitmac/mako-pr/src/rrr/reactor/reactor.cc:297] 2025-12-04 12:13:54.904 | PollThreadWorker::poll_loop wait 418001
I [/home/dp012/Desktop/gitmac/mako-pr/src/rrr/reactor/reactor.cc:297] 2025-12-04 12:13:56.058 | PollThreadWorker::poll_loop wait 419001
I [/home/dp012/Desktop/gitmac/mako-pr/src/rrr/reactor/reactor.cc:297] 2025-12-04 12:13:57.266 | PollThreadWorker::poll_loop wait 420001
I [/home/dp012/Desktop/gitmac/mako-pr/src/rrr/reactor/reactor.cc:297] 2025-12-04 12:13:58.458 | PollThreadWorker::poll_loop wait 421001
I [/home/dp012/Desktop/gitmac/mako-pr/src/rrr/reactor/reactor.cc:297] 2025-12-04 12:13:59.617 | PollThreadWorker::poll_loop wait 422001
I [/home/dp012/Desktop/gitmac/mako-pr/src/rrr/reactor/reactor.cc:297] 2025-12-04 12:14:00.798 | PollThreadWorker::poll_loop wait 423001
I [/home/dp012/Desktop/gitmac/mako-pr/src/rrr/reactor/reactor.cc:297] 2025-12-04 12:14:01.974 | PollThreadWorker::poll_loop wait 424001
I [/home/dp012/Desktop/gitmac/mako-pr/src/rrr/reactor/reactor.cc:297] 2025-12-04 12:14:03.145 | PollThreadWorker::poll_loop wait 425001
I [/home/dp012/Desktop/gitmac/mako-pr/src/rrr/reactor/reactor.cc:297] 2025-12-04 12:14:04.309 | PollThreadWorker::poll_loop wait 426001
I [/home/dp012/Desktop/gitmac/mako-pr/src/rrr/reactor/reactor.cc:297] 2025-12-04 12:14:05.462 | PollThreadWorker::poll_loop wait 427001
I [/home/dp012/Desktop/gitmac/mako-pr/src/rrr/reactor/reactor.cc:297] 2025-12-04 12:14:06.628 | PollThreadWorker::poll_loop wait 428001
I [/home/dp012/Desktop/gitmac/mako-pr/src/rrr/reactor/reactor.cc:297] 2025-12-04 12:14:07.767 | PollThreadWorker::poll_loop wait 429001
I [/home/dp012/Desktop/gitmac/mako-pr/src/rrr/reactor/reactor.cc:297] 2025-12-04 12:14:08.940 | PollThreadWorker::poll_loop wait 430001
I [/home/dp012/Desktop/gitmac/mako-pr/src/rrr/reactor/reactor.cc:297] 2025-12-04 12:14:10.098 | PollThreadWorker::poll_loop wait 431001
I [/home/dp012/Desktop/gitmac/mako-pr/src/rrr/reactor/reactor.cc:297] 2025-12-04 12:14:11.251 | PollThreadWorker::poll_loop wait 432001
I [/home/dp012/Desktop/gitmac/mako-pr/src/rrr/reactor/reactor.cc:297] 2025-12-04 12:14:12.401 | PollThreadWorker::poll_loop wait 433001
I [/home/dp012/Desktop/gitmac/mako-pr/src/rrr/reactor/reactor.cc:297] 2025-12-04 12:14:13.534 | PollThreadWorker::poll_loop wait 434001
I [/home/dp012/Desktop/gitmac/mako-pr/src/rrr/reactor/reactor.cc:297] 2025-12-04 12:14:14.731 | PollThreadWorker::poll_loop wait 435001
I [/home/dp012/Desktop/gitmac/mako-pr/src/rrr/reactor/reactor.cc:297] 2025-12-04 12:14:15.890 | PollThreadWorker::poll_loop wait 436001
I [/home/dp012/Desktop/gitmac/mako-pr/src/rrr/reactor/reactor.cc:297] 2025-12-04 12:14:17.074 | PollThreadWorker::poll_loop wait 437001
I [/home/dp012/Desktop/gitmac/mako-pr/src/rrr/reactor/reactor.cc