I [/home/dp012/Desktop/gitmac/mako-pr/src/deptran/s_main.cc:124] 2025-12-04 12:05:46.259 | PWD : 
I [/home/dp012/Desktop/gitmac/mako-pr/src/deptran/s_main.cc:136] 2025-12-04 12:05:46.259 | starting process 66600
I [/home/dp012/Desktop/gitmac/mako-pr/src/deptran/config.cc:290] 2025-12-04 12:05:46.259 | LoadYML: test_det_3replicas.yml
I [/home/dp012/Desktop/gitmac/mako-pr/src/deptran/config.cc:689] 2025-12-04 12:05:46.262 | group size: 1
I [/home/dp012/Desktop/gitmac/mako-pr/src/deptran/config.cc:689] 2025-12-04 12:05:46.263 | group size: 1
I [/home/dp012/Desktop/gitmac/mako-pr/src/deptran/config.cc:689] 2025-12-04 12:05:46.263 | group size: 1
I [/home/dp012/Desktop/gitmac/mako-pr/src/deptran/config.cc:689] 2025-12-04 12:05:46.263 | group size: 1
I [/home/dp012/Desktop/gitmac/mako-pr/src/deptran/config.cc:689] 2025-12-04 12:05:46.263 | group size: 1
I [/home/dp012/Desktop/gitmac/mako-pr/src/deptran/config.cc:689] 2025-12-04 12:05:46.263 | group size: 1
I [/home/dp012/Desktop/gitmac/mako-pr/src/deptran/config.cc:689] 2025-12-04 12:05:46.263 | group size: 1
I [/home/dp012/Desktop/gitmac/mako-pr/src/deptran/config.cc:689] 2025-12-04 12:05:46.263 | group size: 1
I [/home/dp012/Desktop/gitmac/mako-pr/src/deptran/config.cc:689] 2025-12-04 12:05:46.263 | group size: 1
I [/home/dp012/Desktop/gitmac/mako-pr/src/deptran/config.cc:713] 2025-12-04 12:05:46.263 | client forwarding: 0
I [/home/dp012/Desktop/gitmac/mako-pr/src/deptran/s_main.cc:66] 2025-12-04 12:05:46.263 | server enabled, number of sites: 1
I [/home/dp012/Desktop/gitmac/mako-pr/src/deptran/s_main.cc:72] 2025-12-04 12:05:46.263 | launching site: 2, bind address 0.0.0.0:18103
I [/home/dp012/Desktop/gitmac/mako-pr/src/deptran/server_worker.cc:79] 2025-12-04 12:05:46.272 | start data population for site 2
I [/home/dp012/Desktop/gitmac/mako-pr/src/deptran/server_worker.cc:106] 2025-12-04 12:05:48.276 | data populated for site: 2, partition: 0
I [/home/dp012/Desktop/gitmac/mako-pr/src/deptran/s_main.cc:82] 2025-12-04 12:05:48.276 | table popped for site 2
I [/home/dp012/Desktop/gitmac/mako-pr/src/deptran/server_worker.cc:121] 2025-12-04 12:05:48.276 | enter SetupService for s3 @ 0.0.0.0:18103
I [/home/dp012/Desktop/gitmac/mako-pr/src/deptran/server_worker.cc:162] 2025-12-04 12:05:48.276 | ServerWorker::SetupService registering service: 0x7e0d4c88a150
I [/home/dp012/Desktop/gitmac/mako-pr/src/deptran/server_worker.cc:162] 2025-12-04 12:05:48.276 | ServerWorker::SetupService registering service: 0x7e0d68004930
I [/home/dp012/Desktop/gitmac/mako-pr/src/rrr/reactor/reactor.cc:297] 2025-12-04 12:05:48.276 | PollThreadWorker::poll_loop wait 1
I [/home/dp012/Desktop/gitmac/mako-pr/src/deptran/server_worker.cc:173] 2025-12-04 12:05:48.276 | Server s3 ready at 0.0.0.0:18103
I [/home/dp012/Desktop/gitmac/mako-pr/src/deptran/s_main.cc:85] 2025-12-04 12:05:48.276 | start communication for site 2
I [/home/dp012/Desktop/gitmac/mako-pr/src/deptran/communicator.cc:14] 2025-12-04 12:05:48.276 | setup paxos communicator
I [/home/dp012/Desktop/gitmac/mako-pr/src/deptran/communicator.cc:174] 2025-12-04 12:05:48.276 | connect to site: 127.0.0.1:18101 (attempt 0)
I [/home/dp012/Desktop/gitmac/mako-pr/src/deptran/communicator.cc:174] 2025-12-04 12:05:48.276 | connect to site: 127.0.0.1:18102 (attempt 0)
E [/home/dp012/Desktop/gitmac/mako-pr/src/rrr/rpc/client.cpp:179] 2025-12-04 12:05:48.276 | rrr::Client: connect(127.0.0.1:18102): Connection refused
I [/home/dp012/Desktop/gitmac/mako-pr/src/deptran/communicator.cc:174] 2025-12-04 12:05:49.276 | connect to site: 127.0.0.1:18102 (attempt 1)
I [/home/dp012/Desktop/gitmac/mako-pr/src/deptran/communicator.cc:174] 2025-12-04 12:05:49.276 | connect to site: 127.0.0.1:18103 (attempt 0)
I [/home/dp012/Desktop/gitmac/mako-pr/src/deptran/communicator.cc:14] 2025-12-04 12:05:49.276 | setup paxos communicator
I [/home/dp012/Desktop/gitmac/mako-pr/src/deptran/communicator.cc:174] 2025-12-04 12:05:49.276 | connect to site: 127.0.0.1:18101 (attempt 0)
I [/home/dp012/Desktop/gitmac/mako-pr/src/deptran/communicator.cc:174] 2025-12-04 12:05:49.277 | connect to site: 127.0.0.1:18102 (attempt 0)
I [/home/dp012/Desktop/gitmac/mako-pr/src/deptran/communicator.cc:174] 2025-12-04 12:05:49.277 | connect to site: 127.0.0.1:18103 (attempt 0)
I [/home/dp012/Desktop/gitmac/mako-pr/src/deptran/s_main.cc:87] 2025-12-04 12:05:49.277 | site 2 launched!
I [/home/dp012/Desktop/gitmac/mako-pr/src/rrr/reactor/reactor.cc:297] 2025-12-04 12:05:49.425 | PollThreadWorker::poll_loop wait 1001
I [/home/dp012/Desktop/gitmac/mako-pr/src/deptran/s_main.cc:98] 2025-12-04 12:05:50.264 | waiting for server setup threads.
I [/home/dp012/Desktop/gitmac/mako-pr/src/deptran/s_main.cc:102] 2025-12-04 12:05:50.264 | done waiting for server setup threads.
I [/home/dp012/Desktop/gitmac/mako-pr/src/deptran/server_worker.cc:32] 2025-12-04 12:05:50.264 | heartbeat setup for s3 on 0.0.0.0:28103
I [/home/dp012/Desktop/gitmac/mako-pr/src/deptran/s_main.cc:109] 2025-12-04 12:05:50.264 | server workers' communicators setup
I [/home/dp012/Desktop/gitmac/mako-pr/src/rrr/reactor/reactor.cc:297] 2025-12-04 12:05:50.587 | PollThreadWorker::poll_loop wait 2001
I [/home/dp012/Desktop/gitmac/mako-pr/src/rrr/reactor/reactor.cc:297] 2025-12-04 12:05:51.767 | PollThreadWorker::poll_loop wait 3001
I [/home/dp012/Desktop/gitmac/mako-pr/src/rrr/reactor/reactor.cc:297] 2025-12-04 12:05:52.985 | PollThreadWorker::poll_loop wait 4001
I [/home/dp012/Desktop/gitmac/mako-pr/src/rrr/reactor/reactor.cc:297] 2025-12-04 12:05:54.177 | PollThreadWorker::poll_loop wait 5001
I [/home/dp012/Desktop/gitmac/mako-pr/src/rrr/reactor/reactor.cc:297] 2025-12-04 12:05:55.345 | PollThreadWorker::poll_loop wait 6001
I [/home/dp012/Desktop/gitmac/mako-pr/src/rrr/reactor/reactor.cc:297] 2025-12-04 12:05:56.519 | PollThreadWorker::poll_loop wait 7001
I [/home/dp012/Desktop/gitmac/mako-pr/src/rrr/reactor/reactor.cc:297] 2025-12-04 12:05:57.696 | PollThreadWorker::poll_loop wait 8001
I [/home/dp012/Desktop/gitmac/mako-pr/src/rrr/reactor/reactor.cc:297] 2025-12-04 12:05:58.846 | PollThreadWorker::poll_loop wait 9001
I [/home/dp012/Desktop/gitmac/mako-pr/src/rrr/reactor/reactor.cc:297] 2025-12-04 12:06:00.026 | PollThreadWorker::poll_loop wait 10001
I [/home/dp012/Desktop/gitmac/mako-pr/src/rrr/reactor/reactor.cc:297] 2025-12-04 12:06:01.168 | PollThreadWorker::poll_loop wait 11001
I [/home/dp012/Desktop/gitmac/mako-pr/src/rrr/reactor/reactor.cc:297] 2025-12-04 12:06:02.296 | PollThreadWorker::poll_loop wait 12001
I [/home/dp012/Desktop/gitmac/mako-pr/src/rrr/reactor/reactor.cc:297] 2025-12-04 12:06:03.426 | PollThreadWorker::poll_loop wait 13001
I [/home/dp012/Desktop/gitmac/mako-pr/src/rrr/reactor/reactor.cc:297] 2025-12-04 12:06:04.562 | PollThreadWorker::poll_loop wait 14001
I [/home/dp012/Desktop/gitmac/mako-pr/src/rrr/reactor/reactor.cc:297] 2025-12-04 12:06:05.684 | PollThreadWorker::poll_loop wait 15001
I [/home/dp012/Desktop/gitmac/mako-pr/src/rrr/reactor/reactor.cc:297] 2025-12-04 12:06:06.817 | PollThreadWorker::poll_loop wait 16001
I [/home/dp012/Desktop/gitmac/mako-pr/src/rrr/reactor/reactor.cc:297] 2025-12-04 12:06:07.974 | PollThreadWorker::poll_loop wait 17001
I [/home/dp012/Desktop/gitmac/mako-pr/src/rrr/reactor/reactor.cc:297] 2025-12-04 12:06:09.141 | PollThreadWorker::poll_loop wait 18001
I [/home/dp012/Desktop/gitmac/mako-pr/src/rrr/reactor/reactor.cc:297] 2025-12-04 12:06:10.310 | PollThreadWorker::poll_loop wait 19001
I [/home/dp012/Desktop/gitmac/mako-pr/src/rrr/reactor/reactor.cc:297] 2025-12-04 12:06:11.447 | PollThreadWorker::poll_loop wait 20001
I [/home/dp012/Desktop/gitmac/mako-pr/src/rrr/reactor/reactor.cc:297] 2025-12-04 12:06:12.592 | PollThreadWorker::poll_loop wait 21001
I [/home/dp012/Desktop/gitmac/mako-pr/src/rrr/reactor/reactor.cc:297] 2025-12-04 12:06:13.741 | PollThreadWorker::poll_loop wait 22001
I [/home/dp012/Desktop/gitmac/mako-pr/src/rrr/reactor/reactor.cc:297] 2025-12-04 12:06:14.903 | PollThreadWorker::poll_loop wait 23001
I [/home/dp012/Desktop/gitmac/mako-pr/src/rrr/reactor/reactor.cc:297] 2025-12-04 12:06:16.054 | PollThreadWorker::poll_loop wait 24001
I [/home/dp012/Desktop/gitmac/mako-pr/src/rrr/reactor/reactor.cc:297] 2025-12-04 12:06:17.267 | PollThreadWorker::poll_loop wait 25001
I [/home/dp012/Desktop/gitmac/mako-pr/src/rrr/reactor/reactor.cc:297] 2025-12-04 12:06:18.446 | PollThreadWorker::poll_loop wait 26001
I [/home/dp012/Desktop/gitmac/mako-pr/src/rrr/reactor/reactor.cc:297] 2025-12-04 12:06:19.608 | PollThreadWorker::poll_loop wait 27001
I [/home/dp012/Desktop/gitmac/mako-pr/src/rrr/reactor/reactor.cc:297] 2025-12-04 12:06:20.739 | PollThreadWorker::poll_loop wait 28001
I [/home/dp012/Desktop/gitmac/mako-pr/src/rrr/reactor/reactor.cc:297] 2025-12-04 12:06:21.885 | PollThreadWorker::poll_loop wait 29001
I [/home/dp012/Desktop/gitmac/mako-pr/src/rrr/reactor/reactor.cc:297] 2025-12-04 12:06:23.035 | PollThreadWorker::poll_loop wait 30001
I [/home/dp012/Desktop/gitmac/mako-pr/src/rrr/reactor/reactor.cc:297] 2025-12-04 12:06:24.186 | PollThreadWorker::poll_loop wait 31001
I [/home/dp012/Desktop/gitmac/mako-pr/src/rrr/reactor/reactor.cc:297] 2025-12-04 12:06:25.347 | PollThreadWorker::poll_loop wait 32001
I [/home/dp012/Desktop/gitmac/mako-pr/src/rrr/reactor/reactor.cc:297] 2025-12-04 12:06:26.505 | PollThreadWorker::poll_loop wait 33001
I [/home/dp012/Desktop/gitmac/mako-pr/src/rrr/reactor/reactor.cc:297] 2025-12-04 12:06:27.688 | PollThreadWorker::poll_loop wait 34001
I [/home/dp012/Desktop/gitmac/mako-pr/src/rrr/reactor/reactor.cc:297] 2025-12-04 12:06:28.862 | PollThreadWorker::poll_loop wait 35001
I [/home/dp012/Desktop/gitmac/mako-pr/src/rrr/reactor/reactor.cc:297] 2025-12-04 12:06:30.013 | PollThreadWorker::poll_loop wait 36001
I [/home/dp012/Desktop/gitmac/mako-pr/src/rrr/reactor/reactor.cc:297] 2025-12-04 12:06:31.146 | PollThreadWorker::poll_loop wait 37001
I [/home/dp012/Desktop/gitmac/mako-pr/src/rrr/reactor/reactor.cc:297] 2025-12-04 12:06:32.330 | PollThreadWorker::poll_loop wait 38001
I [/home/dp012/Desktop/gitmac/mako-pr/src/rrr/reactor/reactor.cc:297] 2025-12-04 12:06:33.495 | PollThreadWorker::poll_loop wait 39001
I [/home/dp012/Desktop/gitmac/mako-pr/src/rrr/reactor/reactor.cc:297] 2025-12-04 12:06:34.692 | PollThreadWorker::poll_loop wait 40001
I [/home/dp012/Desktop/gitmac/mako-pr/src/rrr/reactor/reactor.cc:297] 2025-12-04 12:06:35.863 | PollThreadWorker::poll_loop wait 41001
I [/home/dp012/Desktop/gitmac/mako-pr/src/rrr/reactor/reactor.cc:297] 2025-12-04 12:06:37.020 | PollThreadWorker::poll_loop wait 42001
I [/home/dp012/Desktop/gitmac/mako-pr/src/rrr/reactor/reactor.cc:297] 2025-12-04 12:06:38.192 | PollThreadWorker::poll_loop wait 43001
I [/home/dp012/Desktop/gitmac/mako-pr/src/rrr/reactor/reactor.cc:297] 2025-12-04 12:06:39.318 | PollThreadWorker::poll_loop wait 44001
I [/home/dp012/Desktop/gitmac/mako-pr/src/rrr/reactor/reactor.cc:297] 2025-12-04 12:06:40.451 | PollThreadWorker::poll_loop wait 45001
I [/home/dp012/Desktop/gitmac/mako-pr/src/rrr/reactor/reactor.cc:297] 2025-12-04 12:06:41.623 | PollThreadWorker::poll_loop wait 46001
I [/home/dp012/Desktop/gitmac/mako-pr/src/rrr/reactor/reactor.cc:297] 2025-12-04 12:06:42.787 | PollThreadWorker::poll_loop wait 47001
I [/home/dp012/Desktop/gitmac/mako-pr/src/rrr/reactor/reactor.cc:297] 2025-12-04 12:06:43.940 | PollThreadWorker::poll_loop wait 48001
I [/home/dp012/Desktop/gitmac/mako-pr/src/rrr/reactor/reactor.cc:297] 2025-12-04 12:06:45.126 | PollThreadWorker::poll_loop wait 49001
I [/home/dp012/Desktop/gitmac/mako-pr/src/rrr/reactor/reactor.cc:297] 2025-12-04 12:06:46.299 | PollThreadWorker::poll_loop wait 50001
I [/home/dp012/Desktop/gitmac/mako-pr/src/rrr/reactor/reactor.cc:297] 2025-12-04 12:06:47.449 | PollThreadWorker::poll_loop wait 51001
I [/home/dp012/Desktop/gitmac/mako-pr/src/rrr/reactor/reactor.cc:297] 2025-12-04 12:06:48.587 | PollThreadWorker::poll_loop wait 52001
I [/home/dp012/Desktop/gitmac/mako-pr/src/rrr/reactor/reactor.cc:297] 2025-12-04 12:06:49.773 | PollThreadWorker::poll_loop wait 53001
I [/home/dp012/Desktop/gitmac/mako-pr/src/rrr/reactor/reactor.cc:297] 2025-12-04 12:06:50.959 | PollThreadWorker::poll_loop wait 54001
I [/home/dp012/Desktop/gitmac/mako-pr/src/rrr/reactor/reactor.cc:297] 2025-12-04 12:06:52.131 | PollThreadWorker::poll_loop wait 55001
I [/home/dp012/Desktop/gitmac/mako-pr/src/rrr/reactor/reactor.cc:297] 2025-12-04 12:06:53.290 | PollThreadWorker::poll_loop wait 56001
I [/home/dp012/Desktop/gitmac/mako-pr/src/rrr/reactor/reactor.cc:297] 2025-12-04 12:06:54.444 | PollThreadWorker::poll_loop wait 57001
I [/home/dp012/Desktop/gitmac/mako-pr/src/rrr/reactor/reactor.cc:297] 2025-12-04 12:06:55.592 | PollThreadWorker::poll_loop wait 58001
I [/home/dp012/Desktop/gitmac/mako-pr/src/rrr/reactor/reactor.cc:297] 2025-12-04 12:06:56.717 | PollThreadWorker::poll_loop wait 59001
I [/home/dp012/Desktop/gitmac/mako-pr/src/rrr/reactor/reactor.cc:297] 2025-12-04 12:06:57.843 | PollThreadWorker::poll_loop wait 60001
I [/home/dp012/Desktop/gitmac/mako-pr/src/rrr/reactor/reactor.cc:297] 2025-12-04 12:06:58.964 | PollThreadWorker::poll_loop wait 61001
I [/home/dp012/Desktop/gitmac/mako-pr/src/rrr/reactor/reactor.cc:297] 2025-12-04 12:07:00.098 | PollThreadWorker::poll_loop wait 62001
I [/home/dp012/Desktop/gitmac/mako-pr/src/rrr/reactor/reactor.cc:297] 2025-12-04 12:07:01.323 | PollThreadWorker::poll_loop wait 63001
I [/home/dp012/Desktop/gitmac/mako-pr/src/rrr/reactor/reactor.cc:297] 2025-12-04 12:07:02.543 | PollThreadWorker::poll_loop wait 64001
I [/home/dp012/Desktop/gitmac/mako-pr/src/rrr/reactor/reactor.cc:297] 2025-12-04 12:07:03.737 | PollThreadWorker::poll_loop wait 65001
I [/home/dp012/Desktop/gitmac/mako-pr/src/rrr/reactor/reactor.cc:297] 2025-12-04 12:07:04.920 | PollThreadWorker::poll_loop wait 66001
I [/home/dp012/Desktop/gitmac/mako-pr/src/rrr/reactor/reactor.cc:297] 2025-12-04 12:07:06.087 | PollThreadWorker::poll_loop wait 67001
I [/home/dp012/Desktop/gitmac/mako-pr/src/rrr/reactor/reactor.cc:297] 2025-12-04 12:07:07.252 | PollThreadWorker::poll_loop wait 68001
I [/home/dp012/Desktop/gitmac/mako-pr/src/rrr/reactor/reactor.cc:297] 2025-12-04 12:07:08.402 | PollThreadWorker::poll_loop wait 69001
I [/home/dp012/Desktop/gitmac/mako-pr/src/rrr/reactor/reactor.cc:297] 2025-12-04 12:07:09.581 | PollThreadWorker::poll_loop wait 70001
I [/home/dp012/Desktop/gitmac/mako-pr/src/rrr/reactor/reactor.cc:297] 2025-12-04 12:07:10.747 | PollThreadWorker::poll_loop wait 71001
I [/home/dp012/Desktop/gitmac/mako-pr/src/rrr/reactor/reactor.cc:297] 2025-12-04 12:07:11.998 | PollThreadWorker::poll_loop wait 72001
I [/home/dp012/Desktop/gitmac/mako-pr/src/rrr/reactor/reactor.cc:297] 2025-12-04 12:07:13.150 | PollThreadWorker::poll_loop wait 73001
I [/home/dp012/Desktop/gitmac/mako-pr/src/rrr/reactor/reactor.cc:297] 2025-12-04 12:07:14.302 | PollThreadWorker::poll_loop wait 74001
I [/home/dp012/Desktop/gitmac/mako-pr/src/rrr/reactor/reactor.cc:297] 2025-12-04 12:07:15.461 | PollThreadWorker::poll_loop wait 75001
I [/home/dp012/Desktop/gitmac/mako-pr/src/rrr/reactor/reactor.cc:297] 2025-12-04 12:07:16.624 | PollThreadWorker::poll_loop wait 76001
I [/home/dp012/Desktop/gitmac/mako-pr/src/rrr/reactor/reactor.cc:297] 2025-12-04 12:07:17.774 | PollThreadWorker::poll_loop wait 77001
I [/home/dp012/Desktop/gitmac/mako-pr/src/rrr/reactor/reactor.cc:297] 2025-12-04 12:07:18.896 | PollThreadWorker::poll_loop wait 78001
I [/home/dp012/Desktop/gitmac/mako-pr/src/rrr/reactor/reactor.cc:297] 2025-12-04 12:07:20.016 | PollThreadWorker::poll_loop wait 79001
I [/home/dp012/Desktop/gitmac/mako-pr/src/rrr/reactor/reactor.cc:297] 2025-12-04 12:07:21.144 | PollThreadWorker::poll_loop wait 80001
I [/home/dp012/Desktop/gitmac/mako-pr/src/rrr/reactor/reactor.cc:297] 2025-12-04 12:07:22.283 | PollThreadWorker::poll_loop wait 81001
I [/home/dp012/Desktop/gitmac/mako-pr/src/rrr/reactor/reactor.cc:297] 2025-12-04 12:07:23.413 | PollThreadWorker::poll_loop wait 82001
I [/home/dp012/Desktop/gitmac/mako-pr/src/rrr/reactor/reactor.cc:297] 2025-12-04 12:07:24.533 | PollThreadWorker::poll_loop wait 83001
I [/home/dp012/Desktop/gitmac/mako-pr/src/rrr/reactor/reactor.cc:297] 2025-12-04 12:07:25.659 | PollThreadWorker::poll_loop wait 84001
I [/home/dp012/Desktop/gitmac/mako-pr/src/rrr/reactor/reactor.cc:297] 2025-12-04 12:07:26.787 | PollThreadWorker::poll_loop wait 85001
I [/home/dp012/Desktop/gitmac/mako-pr/src/rrr/reactor/reactor.cc:297] 2025-12-04 12:07:27.916 | PollThreadWorker::poll_loop wait 86001
I [/home/dp012/Desktop/gitmac/mako-pr/src/rrr/reactor/reactor.cc:297] 2025-12-04 12:07:29.051 | PollThreadWorker::poll_loop wait 87001
I [/home/dp012/Desktop/gitmac/mako-pr/src/rrr/reactor/reactor.cc:297] 2025-12-04 12:07:30.194 | PollThreadWorker::poll_loop wait 88001
I [/home/dp012/Desktop/gitmac/mako-pr/src/rrr/reactor/reactor.cc:297] 2025-12-04 12:07:31.349 | PollThreadWorker::poll_loop wait 89001
I [/home/dp012/Desktop/gitmac/mako-pr/src/rrr/reactor/reactor.cc:297] 2025-12-04 12:07:32.541 | PollThreadWorker::poll_loop wait 90001
I [/home/dp012/Desktop/gitmac/mako-pr/src/rrr/reactor/reactor.cc:297] 2025-12-04 12:07:33.699 | PollThreadWorker::poll_loop wait 91001
I [/home/dp012/Desktop/gitmac/mako-pr/src/rrr/reactor/reactor.cc:297] 2025-12-04 12:07:34.860 | PollThreadWorker::poll_loop wait 92001
I [/home/dp012/Desktop/gitmac/mako-pr/src/rrr/reactor/reactor.cc:297] 2025-12-04 12:07:35.983 | PollThreadWorker::poll_loop wait 93001
I [/home/dp012/Desktop/gitmac/mako-pr/src/rrr/reactor/reactor.cc:297] 2025-12-04 12:07:37.106 | PollThreadWorker::poll_loop wait 94001
I [/home/dp012/Desktop/gitmac/mako-pr/src/rrr/reactor/reactor.cc:297] 2025-12-04 12:07:38.243 | PollThreadWorker::poll_loop wait 95001
I [/home/dp012/Desktop/gitmac/mako-pr/src/rrr/reactor/reactor.cc:297] 2025-12-04 12:07:39.415 | PollThreadWorker::poll_loop wait 96001
I [/home/dp012/Desktop/gitmac/mako-pr/src/rrr/reactor/reactor.cc:297] 2025-12-04 12:07:40.574 | PollThreadWorker::poll_loop wait 97001
I [/home/dp012/Desktop/gitmac/mako-pr/src/rrr/reactor/reactor.cc:297] 2025-12-04 12:07:41.731 | PollThreadWorker::poll_loop wait 98001
I [/home/dp012/Desktop/gitmac/mako-pr/src/rrr/reactor/reactor.cc:297] 2025-12-04 12:07:42.876 | PollThreadWorker::poll_loop wait 99001
I [/home/dp012/Desktop/gitmac/mako-pr/src/rrr/reactor/reactor.cc:297] 2025-12-04 12:07:44.030 | PollThreadWorker::poll_loop wait 100001
I [/home/dp012/Desktop/gitmac/mako-pr/src/rrr/reactor/reactor.cc:297] 2025-12-04 12:07:45.163 | PollThreadWorker::poll_loop wait 101001
I [/home/dp012/Desktop/gitmac/mako-pr/src/rrr/reactor/reactor.cc:297] 2025-12-04 12:07:46.289 | PollThreadWorker::poll_loop wait 102001
I [/home/dp012/Desktop/gitmac/mako-pr/src/rrr/reactor/reactor.cc:297] 2025-12-04 12:07:47.425 | PollThreadWorker::poll_loop wait 103001
I [/home/dp012/Desktop/gitmac/mako-pr/src/rrr/reactor/reactor.cc:297] 2025-12-04 12:07:48.569 | PollThreadWorker::poll_loop wait 104001
I [/home/dp012/Desktop/gitmac/mako-pr/src/rrr/reactor/reactor.cc:297] 2025-12-04 12:07:49.720 | PollThreadWorker::poll_loop wait 105001
I [/home/dp012/Desktop/gitmac/mako-pr/src/rrr/reactor/reactor.cc:297] 2025-12-04 12:07:50.866 | PollThreadWorker::poll_loop wait 106001
I [/home/dp012/Desktop/gitmac/mako-pr/src/rrr/reactor/reactor.cc:297] 2025-12-04 12:07:52.021 | PollThreadWorker::poll_loop wait 107001
I [/home/dp012/Desktop/gitmac/mako-pr/src/rrr/reactor/reactor.cc:297] 2025-12-04 12:07:53.160 | PollThreadWorker::poll_loop wait 108001
I [/home/dp012/Desktop/gitmac/mako-pr/src/rrr/reactor/reactor.cc:297] 2025-12-04 12:07:54.298 | PollThreadWorker::poll_loop wait 109001
I [/home/dp012/Desktop/gitmac/mako-pr/src/rrr/reactor/reactor.cc:297] 2025-12-04 12:07:55.415 | PollThreadWorker::poll_loop wait 110001
I [/home/dp012/Desktop/gitmac/mako-pr/src/rrr/reactor/reactor.cc:297] 2025-12-04 12:07:56.538 | PollThreadWorker::poll_loop wait 111001
I [/home/dp012/Desktop/gitmac/mako-pr/src/rrr/reactor/reactor.cc:297] 2025-12-04 12:07:57.663 | PollThreadWorker::poll_loop wait 112001
I [/home/dp012/Desktop/gitmac/mako-pr/src/rrr/reactor/reactor.cc:297] 2025-12-04 12:07:58.787 | PollThreadWorker::poll_loop wait 113001
I [/home/dp012/Desktop/gitmac/mako-pr/src/rrr/reactor/reactor.cc:297] 2025-12-04 12:07:59.933 | PollThreadWorker::poll_loop wait 114001
I [/home/dp012/Desktop/gitmac/mako-pr/src/rrr/reactor/reactor.cc:297] 2025-12-04 12:08:01.116 | PollThreadWorker::poll_loop wait 115001
I [/home/dp012/Desktop/gitmac/mako-pr/src/rrr/reactor/reactor.cc:297] 2025-12-04 12:08:02.301 | PollThreadWorker::poll_loop wait 116001
I [/home/dp012/Desktop/gitmac/mako-pr/src/rrr/reactor/reactor.cc:297] 2025-12-04 12:08:03.446 | PollThreadWorker::poll_loop wait 117001
I [/home/dp012/Desktop/gitmac/mako-pr/src/rrr/reactor/reactor.cc:297] 2025-12-04 12:08:04.599 | PollThreadWorker::poll_loop wait 118001
I [/home/dp012/Desktop/gitmac/mako-pr/src/rrr/reactor/reactor.cc:297] 2025-12-04 12:08:05.782 | PollThreadWorker::poll_loop wait 119001
I [/home/dp012/Desktop/gitmac/mako-pr/src/rrr/reactor/reactor.cc:297] 2025-12-04 12:08:06.966 | PollThreadWorker::poll_loop wait 120001
I [/home/dp012/Desktop/gitmac/mako-pr/src/rrr/reactor/reactor.cc:297] 2025-12-04 12:08:08.126 | PollThreadWorker::poll_loop wait 121001
I [/home/dp012/Desktop/gitmac/mako-pr/src/rrr/reactor/reactor.cc:297] 2025-12-04 12:08:09.266 | PollThreadWorker::poll_loop wait 122001
I [/home/dp012/Desktop/gitmac/mako-pr/src/rrr/reactor/reactor.cc:297] 2025-12-04 12:08:10.429 | PollThreadWorker::poll_loop wait 123001
I [/home/dp012/Desktop/gitmac/mako-pr/src/rrr/reactor/reactor.cc:297] 2025-12-04 12:08:11.633 | PollThreadWorker::poll_loop wait 124001
I [/home/dp012/Desktop/gitmac/mako-pr/src/rrr/reactor/reactor.cc:297] 2025-12-04 12:08:12.798 | PollThreadWorker::poll_loop wait 125001
I [/home/dp012/Desktop/gitmac/mako-pr/src/rrr/reactor/reactor.cc:297] 2025-12-04 12:08:13.991 | PollThreadWorker::poll_loop wait 126001
I [/home/dp012/Desktop/gitmac/mako-pr/src/rrr/reactor/reactor.cc:297] 2025-12-04 12:08:15.136 | PollThreadWorker::poll_loop wait 127001
I [/home/dp012/Desktop/gitmac/mako-pr/src/rrr/reactor/reactor.cc:297] 2025-12-04 12:08:16.276 | PollThreadWorker::poll_loop wait 128001
I [/home/dp012/Desktop/gitmac/mako-pr/src/rrr/reactor/reactor.cc:297] 2025-12-04 12:08:17.418 | PollThreadWorker::poll_loop wait 129001
I [/home/dp012/Desktop/gitmac/mako-pr/src/rrr/reactor/reactor.cc:297] 2025-12-04 12:08:18.590 | PollThreadWorker::poll_loop wait 130001
I [/home/dp012/Desktop/gitmac/mako-pr/src/rrr/reactor/reactor.cc:297] 2025-12-04 12:08:19.720 | PollThreadWorker::poll_loop wait 131001
I [/home/dp012/Desktop/gitmac/mako-pr/src/rrr/reactor/reactor.cc:297] 2025-12-04 12:08:20.849 | PollThreadWorker::poll_loop wait 132001
I [/home/dp012/Desktop/gitmac/mako-pr/src/rrr/reactor/reactor.cc:297] 2025-12-04 12:08:21.996 | PollThreadWorker::poll_loop wait 133001
I [/home/dp012/Desktop/gitmac/mako-pr/src/rrr/reactor/reactor.cc:297] 2025-12-04 12:08:23.145 | PollThreadWorker::poll_loop wait 134001
I [/home/dp012/Desktop/gitmac/mako-pr/src/rrr/reactor/reactor.cc:297] 2025-12-04 12:08:24.321 | PollThreadWorker::poll_loop wait 135001
I [/home/dp012/Desktop/gitmac/mako-pr/src/rrr/reactor/reactor.cc:297] 2025-12-04 12:08:25.527 | PollThreadWorker::poll_loop wait 136001
I [/home/dp012/Desktop/gitmac/mako-pr/src/rrr/reactor/reactor.cc:297] 2025-12-04 12:08:26.721 | PollThreadWorker::poll_loop wait 137001
I [/home/dp012/Desktop/gitmac/mako-pr/src/rrr/reactor/reactor.cc:297] 2025-12-04 12:08:27.916 | PollThreadWorker::poll_loop wait 138001
I [/home/dp012/Desktop/gitmac/mako-pr/src/rrr/reactor/reactor.cc:297] 2025-12-04 12:08:29.097 | PollThreadWorker::poll_loop wait 139001
I [/home/dp012/Desktop/gitmac/mako-pr/src/rrr/reactor/reactor.cc:297] 2025-12-04 12:08:30.273 | PollThreadWorker::poll_loop wait 140001
I [/home/dp012/Desktop/gitmac/mako-pr/src/rrr/reactor/reactor.cc:297] 2025-12-04 12:08:31.426 | PollThreadWorker::poll_loop wait 141001
I [/home/dp012/Desktop/gitmac/mako-pr/src/rrr/reactor/reactor.cc:297] 2025-12-04 12:08:32.597 | PollThreadWorker::poll_loop wait 142001
I [/home/dp012/Desktop/gitmac/mako-pr/src/rrr/reactor/reactor.cc:297] 2025-12-04 12:08:33.729 | PollThreadWorker::poll_loop wait 143001
I [/home/dp012/Desktop/gitmac/mako-pr/src/rrr/reactor/reactor.cc:297] 2025-12-04 12:08:34.875 | PollThreadWorker::poll_loop wait 144001
I [/home/dp012/Desktop/gitmac/mako-pr/src/rrr/reactor/reactor.cc:297] 2025-12-04 12:08:36.038 | PollThreadWorker::poll_loop wait 145001
I [/home/dp012/Desktop/gitmac/mako-pr/src/rrr/reactor/reactor.cc:297] 2025-12-04 12:08:37.217 | PollThreadWorker::poll_loop wait 146001
I [/home/dp012/Desktop/gitmac/mako-pr/src/rrr/reactor/reactor.cc:297] 2025-12-04 12:08:38.370 | PollThreadWorker::poll_loop wait 147001
I [/home/dp012/Desktop/gitmac/mako-pr/src/rrr/reactor/reactor.cc:297] 2025-12-04 12:08:39.535 | PollThreadWorker::poll_loop wait 148001
I [/home/dp012/Desktop/gitmac/mako-pr/src/rrr/reactor/reactor.cc:297] 2025-12-04 12:08:40.692 | PollThreadWorker::poll_loop wait 149001
I [/home/dp012/Desktop/gitmac/mako-pr/src/rrr/reactor/reactor.cc:297] 2025-12-04 12:08:41.897 | PollThreadWorker::poll_loop wait 150001
I [/home/dp012/Desktop/gitmac/mako-pr/src/rrr/reactor/reactor.cc:297] 2025-12-04 12:08:43.054 | PollThreadWorker::poll_loop wait 151001
I [/home/dp012/Desktop/gitmac/mako-pr/src/rrr/reactor/reactor.cc:297] 2025-12-04 12:08:44.192 | PollThreadWorker::poll_loop wait 152001
I [/home/dp012/Desktop/gitmac/mako-pr/src/rrr/reactor/reactor.cc:297] 2025-12-04 12:08:45.337 | PollThreadWorker::poll_loop wait 153001
I [/home/dp012/Desktop/gitmac/mako-pr/src/rrr/reactor/reactor.cc:297] 2025-12-04 12:08:46.534 | PollThreadWorker::poll_loop wait 154001
I [/home/dp012/Desktop/gitmac/mako-pr/src/rrr/reactor/reactor.cc:297] 2025-12-04 12:08:47.697 | PollThreadWorker::poll_loop wait 155001
I [/home/dp012/Desktop/gitmac/mako-pr/src/rrr/reactor/reactor.cc:297] 2025-12-04 12:08:48.846 | PollThreadWorker::poll_loop wait 156001
I [/home/dp012/Desktop/gitmac/mako-pr/src/rrr/reactor/reactor.cc:297] 2025-12-04 12:08:49.989 | PollThreadWorker::poll_loop wait 157001
I [/home/dp012/Desktop/gitmac/mako-pr/src/rrr/reactor/reactor.cc:297] 2025-12-04 12:08:51.154 | PollThreadWorker::poll_loop wait 158001
I [/home/dp012/Desktop/gitmac/mako-pr/src/rrr/reactor/reactor.cc:297] 2025-12-04 12:08:52.361 | PollThreadWorker::poll_loop wait 159001
I [/home/dp012/Desktop/gitmac/mako-pr/src/rrr/reactor/reactor.cc:297] 2025-12-04 12:08:53.505 | PollThreadWorker::poll_loop wait 160001
I [/home/dp012/Desktop/gitmac/mako-pr/src/rrr/reactor/reactor.cc:297] 2025-12-04 12:08:54.676 | PollThreadWorker::poll_loop wait 161001
I [/home/dp012/Desktop/gitmac/mako-pr/src/rrr/reactor/reactor.cc:297] 2025-12-04 12:08:55.870 | PollThreadWorker::poll_loop wait 162001
I [/home/dp012/Desktop/gitmac/mako-pr/src/rrr/reactor/reactor.cc:297] 2025-12-04 12:08:57.021 | PollThreadWorker::poll_loop wait 163001
I [/home/dp012/Desktop/gitmac/mako-pr/src/rrr/reactor/reactor.cc:297] 2025-12-04 12:08:58.169 | PollThreadWorker::poll_loop wait 164001
I [/home/dp012/Desktop/gitmac/mako-pr/src/rrr/reactor/reactor.cc:297] 2025-12-04 12:08:59.313 | PollThreadWorker::poll_loop wait 165001
I [/home/dp012/Desktop/gitmac/mako-pr/src/rrr/reactor/reactor.cc:297] 2025-12-04 12:09:00.484 | PollThreadWorker::poll_loop wait 166001
I [/home/dp012/Desktop/gitmac/mako-pr/src/rrr/reactor/reactor.cc:297] 2025-12-04 12:09:01.607 | PollThreadWorker::poll_loop wait 167001
I [/home/dp012/Desktop/gitmac/mako-pr/src/rrr/reactor/reactor.cc:297] 2025-12-04 12:09:02.747 | PollThreadWorker::poll_loop wait 168001
I [/home/dp012/Desktop/gitmac/mako-pr/src/rrr/reactor/reactor.cc:297] 2025-12-04 12:09:03.908 | PollThreadWorker::poll_loop wait 169001
I [/home/dp012/Desktop/gitmac/mako-pr/src/rrr/reactor/reactor.cc:297] 2025-12-04 12:09:05.105 | PollThreadWorker::poll_loop wait 170001
I [/home/dp012/Desktop/gitmac/mako-pr/src/rrr/reactor/reactor.cc:297] 2025-12-04 12:09:06.276 | PollThreadWorker::poll_loop wait 171001
I [/home/dp012/Desktop/gitmac/mako-pr/src/rrr/reactor/reactor.cc:297] 2025-12-04 12:09:07.437 | PollThreadWorker::poll_loop wait 172001
I [/home/dp012/Desktop/gitmac/mako-pr/src/rrr/reactor/reactor.cc:297] 2025-12-04 12:09:08.591 | PollThreadWorker::poll_loop wait 173001
I [/home/dp012/Desktop/gitmac/mako-pr/src/rrr/reactor/reactor.cc:297] 2025-12-04 12:09:09.728 | PollThreadWorker::poll_loop wait 174001
I [/home/dp012/Desktop/gitmac/mako-pr/src/rrr/reactor/reactor.cc:297] 2025-12-04 12:09:10.883 | PollThreadWorker::poll_loop wait 175001
I [/home/dp012/Desktop/gitmac/mako-pr/src/rrr/reactor/reactor.cc:297] 2025-12-04 12:09:12.070 | PollThreadWorker::poll_loop wait 176001
I [/home/dp012/Desktop/gitmac/mako-pr/src/rrr/reactor/reactor.cc:297] 2025-12-04 12:09:13.272 | PollThreadWorker::poll_loop wait 177001
I [/home/dp012/Desktop/gitmac/mako-pr/src/rrr/reactor/reactor.cc:297] 2025-12-04 12:09:14.460 | PollThreadWorker::poll_loop wait 178001
I [/home/dp012/Desktop/gitmac/mako-pr/src/rrr/reactor/reactor.cc:297] 2025-12-04 12:09:15.606 | PollThreadWorker::poll_loop wait 179001
I [/home/dp012/Desktop/gitmac/mako-pr/src/rrr/reactor/reactor.cc:297] 2025-12-04 12:09:16.756 | PollThreadWorker::poll_loop wait 180001
I [/home/dp012/Desktop/gitmac/mako-pr/src/rrr/reactor/reactor.cc:297] 2025-12-04 12:09:17.953 | PollThreadWorker::poll_loop wait 181001
I [/home/dp012/Desktop/gitmac/mako-pr/src/rrr/reactor/reactor.cc:297] 2025-12-04 12:09:19.124 | PollThreadWorker::poll_loop wait 182001
I [/home/dp012/Desktop/gitmac/mako-pr/src/rrr/reactor/reactor.cc:297] 2025-12-04 12:09:20.249 | PollThreadWorker::poll_loop wait 183001
I [/home/dp012/Desktop/gitmac/mako-pr/src/rrr/reactor/reactor.cc:297] 2025-12-04 12:09:21.370 | PollThreadWorker::poll_loop wait 184001
I [/home/dp012/Desktop/gitmac/mako-pr/src/rrr/reactor/reactor.cc:297] 2025-12-04 12:09:22.527 | PollThreadWorker::poll_loop wait 185001
I [/home/dp012/Desktop/gitmac/mako-pr/src/rrr/reactor/reactor.cc:297] 2025-12-04 12:09:23.689 | PollThreadWorker::poll_loop wait 186001
I [/home/dp012/Desktop/gitmac/mako-pr/src/rrr/reactor/reactor.cc:297] 2025-12-04 12:09:24.858 | PollThreadWorker::poll_loop wait 187001
I [/home/dp012/Desktop/gitmac/mako-pr/src/rrr/reactor/reactor.cc:297] 2025-12-04 12:09:26.018 | PollThreadWorker::poll_loop wait 188001
I [/home/dp012/Desktop/gitmac/mako-pr/src/rrr/reactor/reactor.cc:297] 2025-12-04 12:09:27.166 | PollThreadWorker::poll_loop wait 189001
I [/home/dp012/Desktop/gitmac/mako-pr/src/rrr/reactor/reactor.cc:297] 2025-12-04 12:09:28.338 | PollThreadWorker::poll_loop wait 190001
I [/home/dp012/Desktop/gitmac/mako-pr/src/rrr/reactor/reactor.cc:297] 2025-12-04 12:09:29.460 | PollThreadWorker::poll_loop wait 191001
I [/home/dp012/Desktop/gitmac/mako-pr/src/rrr/reactor/reactor.cc:297] 2025-12-04 12:09:30.592 | PollThreadWorker::poll_loop wait 192001
I [/home/dp012/Desktop/gitmac/mako-pr/src/rrr/reactor/reactor.cc:297] 2025-12-04 12:09:31.740 | PollThreadWorker::poll_loop wait 193001
I [/home/dp012/Desktop/gitmac/mako-pr/src/rrr/reactor/reactor.cc:297] 2025-12-04 12:09:32.909 | PollThreadWorker::poll_loop wait 194001
I [/home/dp012/Desktop/gitmac/mako-pr/src/rrr/reactor/reactor.cc:297] 2025-12-04 12:09:34.068 | PollThreadWorker::poll_loop wait 195001
I [/home/dp012/Desktop/gitmac/mako-pr/src/rrr/reactor/reactor.cc:297] 2025-12-04 12:09:35.244 | PollThreadWorker::poll_loop wait 196001
I [/home/dp012/Desktop/gitmac/mako-pr/src/rrr/reactor/reactor.cc:297] 2025-12-04 12:09:36.428 | PollThreadWorker::poll_loop wait 197001
I [/home/dp012/Desktop/gitmac/mako-pr/src/rrr/reactor/reactor.cc:297] 2025-12-04 12:09:37.583 | PollThreadWorker::poll_loop wait 198001
I [/home/dp012/Desktop/gitmac/mako-pr/src/rrr/reactor/reactor.cc:297] 2025-12-04 12:09:38.738 | PollThreadWorker::poll_loop wait 199001
I [/home/dp012/Desktop/gitmac/mako-pr/src/rrr/reactor/reactor.cc:297] 2025-12-04 12:09:39.906 | PollThreadWorker::poll_loop wait 200001
I [/home/dp012/Desktop/gitmac/mako-pr/src/rrr/reactor/reactor.cc:297] 2025-12-04 12:09:41.043 | PollThreadWorker::poll_loop wait 201001
I [/home/dp012/Desktop/gitmac/mako-pr/src/rrr/reactor/reactor.cc:297] 2025-12-04 12:09:42.200 | PollThreadWorker::poll_loop wait 202001
I [/home/dp012/Desktop/gitmac/mako-pr/src/rrr/reactor/reactor.cc:297] 2025-12-04 12:09:43.342 | PollThreadWorker::poll_loop wait 203001
I [/home/dp012/Desktop/gitmac/mako-pr/src/rrr/reactor/reactor.cc:297] 2025-12-04 12:09:44.502 | PollThreadWorker::poll_loop wait 204001
I [/home/dp012/Desktop/gitmac/mako-pr/src/rrr/reactor/reactor.cc:297] 2025-12-04 12:09:45.639 | PollThreadWorker::poll_loop wait 205001
I [/home/dp012/Desktop/gitmac/mako-pr/src/rrr/reactor/reactor.cc:297] 2025-12-04 12:09:46.837 | PollThreadWorker::poll_loop wait 206001
I [/home/dp012/Desktop/gitmac/mako-pr/src/rrr/reactor/reactor.cc:297] 2025-12-04 12:09:48.056 | PollThreadWorker::poll_loop wait 207001
I [/home/dp012/Desktop/gitmac/mako-pr/src/rrr/reactor/reactor.cc:297] 2025-12-04 12:09:49.225 | PollThreadWorker::poll_loop wait 208001
I [/home/dp012/Desktop/gitmac/mako-pr/src/rrr/reactor/reactor.cc:297] 2025-12-04 12:09:50.384 | PollThreadWorker::poll_loop wait 209001
I [/home/dp012/Desktop/gitmac/mako-pr/src/rrr/reactor/reactor.cc:297] 2025-12-04 12:09:51.575 | PollThreadWorker::poll_loop wait 210001
I [/home/dp012/Desktop/gitmac/mako-pr/src/rrr/reactor/reactor.cc:297] 2025-12-04 12:09:52.758 | PollThreadWorker::poll_loop wait 211001
I [/home/dp012/Desktop/gitmac/mako-pr/src/rrr/reactor/reactor.cc:297] 2025-12-04 12:09:53.912 | PollThreadWorker::poll_loop wait 212001
I [/home/dp012/Desktop/gitmac/mako-pr/src/rrr/reactor/reactor.cc:297] 2025-12-04 12:09:55.115 | PollThreadWorker::poll_loop wait 213001
I [/home/dp012/Desktop/gitmac/mako-pr/src/rrr/reactor/reactor.cc:297] 2025-12-04 12:09:56.299 | PollThreadWorker::poll_loop wait 214001
I [/home/dp012/Desktop/gitmac/mako-pr/src/rrr/reactor/reactor.cc:297] 2025-12-04 12:09:57.437 | PollThreadWorker::poll_loop wait 215001
I [/home/dp012/Desktop/gitmac/mako-pr/src/rrr/reactor/reactor.cc:297] 2025-12-04 12:09:58.600 | PollThreadWorker::poll_loop wait 216001
I [/home/dp012/Desktop/gitmac/mako-pr/src/rrr/reactor/reactor.cc:297] 2025-12-04 12:09:59.739 | PollThreadWorker::poll_loop wait 217001
I [/home/dp012/Desktop/gitmac/mako-pr/src/rrr/reactor/reactor.cc:297] 2025-12-04 12:10:00.881 | PollThreadWorker::poll_loop wait 218001
I [/home/dp012/Desktop/gitmac/mako-pr/src/rrr/reactor/reactor.cc:297] 2025-12-04 12:10:02.059 | PollThreadWorker::poll_loop wait 219001
I [/home/dp012/Desktop/gitmac/mako-pr/src/rrr/reactor/reactor.cc:297] 2025-12-04 12:10:03.214 | PollThreadWorker::poll_loop wait 220001
I [/home/dp012/Desktop/gitmac/mako-pr/src/rrr/reactor/reactor.cc:297] 2025-12-04 12:10:04.380 | PollThreadWorker::poll_loop wait 221001
I [/home/dp012/Desktop/gitmac/mako-pr/src/rrr/reactor/reactor.cc:297] 2025-12-04 12:10:05.529 | PollThreadWorker::poll_loop wait 222001
I [/home/dp012/Desktop/gitmac/mako-pr/src/rrr/reactor/reactor.cc:297] 2025-12-04 12:10:06.689 | PollThreadWorker::poll_loop wait 223001
I [/home/dp012/Desktop/gitmac/mako-pr/src/rrr/reactor/reactor.cc:297] 2025-12-04 12:10:07.890 | PollThreadWorker::poll_loop wait 224001
I [/home/dp012/Desktop/gitmac/mako-pr/src/rrr/reactor/reactor.cc:297] 2025-12-04 12:10:09.056 | PollThreadWorker::poll_loop wait 225001
I [/home/dp012/Desktop/gitmac/mako-pr/src/rrr/reactor/reactor.cc:297] 2025-12-04 12:10:10.213 | PollThreadWorker::poll_loop wait 226001
I [/home/dp012/Desktop/gitmac/mako-pr/src/rrr/reactor/reactor.cc:297] 2025-12-04 12:10:11.374 | PollThreadWorker::poll_loop wait 227001
I [/home/dp012/Desktop/gitmac/mako-pr/src/rrr/reactor/reactor.cc:297] 2025-12-04 12:10:12.531 | PollThreadWorker::poll_loop wait 228001
I [/home/dp012/Desktop/gitmac/mako-pr/src/rrr/reactor/reactor.cc:297] 2025-12-04 12:10:13.695 | PollThreadWorker::poll_loop wait 229001
I [/home/dp012/Desktop/gitmac/mako-pr/src/rrr/reactor/reactor.cc:297] 2025-12-04 12:10:14.880 | PollThreadWorker::poll_loop wait 230001
I [/home/dp012/Desktop/gitmac/mako-pr/src/rrr/reactor/reactor.cc:297] 2025-12-04 12:10:16.053 | PollThreadWorker::poll_loop wait 231001
I [/home/dp012/Desktop/gitmac/mako-pr/src/rrr/reactor/reactor.cc:297] 2025-12-04 12:10:17.189 | PollThreadWorker::poll_loop wait 232001
I [/home/dp012/Desktop/gitmac/mako-pr/src/rrr/reactor/reactor.cc:297] 2025-12-04 12:10:18.368 | PollThreadWorker::poll_loop wait 233001
I [/home/dp012/Desktop/gitmac/mako-pr/src/rrr/reactor/reactor.cc:297] 2025-12-04 12:10:19.531 | PollThreadWorker::poll_loop wait 234001
I [/home/dp012/Desktop/gitmac/mako-pr/src/rrr/reactor/reactor.cc:297] 2025-12-04 12:10:20.725 | PollThreadWorker::poll_loop wait 235001
I [/home/dp012/Desktop/gitmac/mako-pr/src/rrr/reactor/reactor.cc:297] 2025-12-04 12:10:21.945 | PollThreadWorker::poll_loop wait 236001
I [/home/dp012/Desktop/gitmac/mako-pr/src/rrr/reactor/reactor.cc:297] 2025-12-04 12:10:23.093 | PollThreadWorker::poll_loop wait 237001
I [/home/dp012/Desktop/gitmac/mako-pr/src/rrr/reactor/reactor.cc:297] 2025-12-04 12:10:24.281 | PollThreadWorker::poll_loop wait 238001
I [/home/dp012/Desktop/gitmac/mako-pr/src/rrr/reactor/reactor.cc:297] 2025-12-04 12:10:25.448 | PollThreadWorker::poll_loop wait 239001
I [/home/dp012/Desktop/gitmac/mako-pr/src/rrr/reactor/reactor.cc:297] 2025-12-04 12:10:26.630 | PollThreadWorker::poll_loop wait 240001
I [/home/dp012/Desktop/gitmac/mako-pr/src/rrr/reactor/reactor.cc:297] 2025-12-04 12:10:27.828 | PollThreadWorker::poll_loop wait 241001
I [/home/dp012/Desktop/gitmac/mako-pr/src/rrr/reactor/reactor.cc:297] 2025-12-04 12:10:29.009 | PollThreadWorker::poll_loop wait 242001
I [/home/dp012/Desktop/gitmac/mako-pr/src/rrr/reactor/reactor.cc:297] 2025-12-04 12:10:30.175 | PollThreadWorker::poll_loop wait 243001
I [/home/dp012/Desktop/gitmac/mako-pr/src/rrr/reactor/reactor.cc:297] 2025-12-04 12:10:31.358 | PollThreadWorker::poll_loop wait 244001
I [/home/dp012/Desktop/gitmac/mako-pr/src/rrr/reactor/reactor.cc:297] 2025-12-04 12:10:32.517 | PollThreadWorker::poll_loop wait 245001
I [/home/dp012/Desktop/gitmac/mako-pr/src/rrr/reactor/reactor.cc:297] 2025-12-04 12:10:33.720 | PollThreadWorker::poll_loop wait 246001
I [/home/dp012/Desktop/gitmac/mako-pr/src/rrr/reactor/reactor.cc:297] 2025-12-04 12:10:34.896 | PollThreadWorker::poll_loop wait 247001
I [/home/dp012/Desktop/gitmac/mako-pr/src/rrr/reactor/reactor.cc:297] 2025-12-04 12:10:36.059 | PollThreadWorker::poll_loop wait 248001
I [/home/dp012/Desktop/gitmac/mako-pr/src/rrr/reactor/reactor.cc:297] 2025-12-04 12:10:37.227 | PollThreadWorker::poll_loop wait 249001
I [/home/dp012/Desktop/gitmac/mako-pr/src/rrr/reactor/reactor.cc:297] 2025-12-04 12:10:38.402 | PollThreadWorker::poll_loop wait 250001
I [/home/dp012/Desktop/gitmac/mako-pr/src/rrr/reactor/reactor.cc:297] 2025-12-04 12:10:39.593 | PollThreadWorker::poll_loop wait 251001
I [/home/dp012/Desktop/gitmac/mako-pr/src/rrr/reactor/reactor.cc:297] 2025-12-04 12:10:40.749 | PollThreadWorker::poll_loop wait 252001
I [/home/dp012/Desktop/gitmac/mako-pr/src/rrr/reactor/reactor.cc:297] 2025-12-04 12:10:41.926 | PollThreadWorker::poll_loop wait 253001
I [/home/dp012/Desktop/gitmac/mako-pr/src/rrr/reactor/reactor.cc:297] 2025-12-04 12:10:43.114 | PollThreadWorker::poll_loop wait 254001
I [/home/dp012/Desktop/gitmac/mako-pr/src/rrr/reactor/reactor.cc:297] 2025-12-04 12:10:44.323 | PollThreadWorker::poll_loop wait 255001
I [/home/dp012/Desktop/gitmac/mako-pr/src/rrr/reactor/reactor.cc:297] 2025-12-04 12:10:45.507 | PollThreadWorker::poll_loop wait 256001
I [/home/dp012/Desktop/gitmac/mako-pr/src/rrr/reactor/reactor.cc:297] 2025-12-04 12:10:46.668 | PollThreadWorker::poll_loop wait 257001
I [/home/dp012/Desktop/gitmac/mako-pr/src/rrr/reactor/reactor.cc:297] 2025-12-04 12:10:47.828 | PollThreadWorker::poll_loop wait 258001
I [/home/dp012/Desktop/gitmac/mako-pr/src/rrr/reactor/reactor.cc:297] 2025-12-04 12:10:48.993 | PollThreadWorker::poll_loop wait 259001
I [/home/dp012/Desktop/gitmac/mako-pr/src/rrr/reactor/reactor.cc:297] 2025-12-04 12:10:50.119 | PollThreadWorker::poll_loop wait 260001
I [/home/dp012/Desktop/gitmac/mako-pr/src/rrr/reactor/reactor.cc:297] 2025-12-04 12:10:51.288 | PollThreadWorker::poll_loop wait 261001
I [/home/dp012/Desktop/gitmac/mako-pr/src/rrr/reactor/reactor.cc:297] 2025-12-04 12:10:52.445 | PollThreadWorker::poll_loop wait 262001
I [/home/dp012/Desktop/gitmac/mako-pr/src/rrr/reactor/reactor.cc:297] 2025-12-04 12:10:53.615 | PollThreadWorker::poll_loop wait 263001
I [/home/dp012/Desktop/gitmac/mako-pr/src/rrr/reactor/reactor.cc:297] 2025-12-04 12:10:54.810 | PollThreadWorker::poll_loop wait 264001
I [/home/dp012/Desktop/gitmac/mako-pr/src/rrr/reactor/reactor.cc:297] 2025-12-04 12:10:55.964 | PollThreadWorker::poll_loop wait 265001
I [/home/dp012/Desktop/gitmac/mako-pr/src/rrr/reactor/reactor.cc:297] 2025-12-04 12:10:57.166 | PollThreadWorker::poll_loop wait 266001
I [/home/dp012/Desktop/gitmac/mako-pr/src/rrr/reactor/reactor.cc:297] 2025-12-04 12:10:58.365 | PollThreadWorker::poll_loop wait 267001
I [/home/dp012/Desktop/gitmac/mako-pr/src/rrr/reactor/reactor.cc:297] 2025-12-04 12:10:59.502 | PollThreadWorker::poll_loop wait 268001
I [/home/dp012/Desktop/gitmac/mako-pr/src/rrr/reactor/reactor.cc:297] 2025-12-04 12:11:00.650 | PollThreadWorker::poll_loop wait 269001
I [/home/dp012/Desktop/gitmac/mako-pr/src/rrr/reactor/reactor.cc:297] 2025-12-04 12:11:01.792 | PollThreadWorker::poll_loop wait 270001
I [/home/dp012/Desktop/gitmac/mako-pr/src/rrr/reactor/reactor.cc:297] 2025-12-04 12:11:02.977 | PollThreadWorker::poll_loop wait 271001
I [/home/dp012/Desktop/gitmac/mako-pr/src/rrr/reactor/reactor.cc:297] 2025-12-04 12:11:04.151 | PollThreadWorker::poll_loop wait 272001
I [/home/dp012/Desktop/gitmac/mako-pr/src/rrr/reactor/reactor.cc:297] 2025-12-04 12:11:05.324 | PollThreadWorker::poll_loop wait 273001
I [/home/dp012/Desktop/gitmac/mako-pr/src/rrr/reactor/reactor.cc:297] 2025-12-04 12:11:06.471 | PollThreadWorker::poll_loop wait 274001
I [/home/dp012/Desktop/gitmac/mako-pr/src/rrr/reactor/reactor.cc:297] 2025-12-04 12:11:07.676 | PollThreadWorker::poll_loop wait 275001
I [/home/dp012/Desktop/gitmac/mako-pr/src/rrr/reactor/reactor.cc:297] 2025-12-04 12:11:08.882 | PollThreadWorker::poll_loop wait 276001
I [/home/dp012/Desktop/gitmac/mako-pr/src/rrr/reactor/reactor.cc:297] 2025-12-04 12:11:10.048 | PollThreadWorker::poll_loop wait 277001
I [/home/dp012/Desktop/gitmac/mako-pr/src/rrr/rpc/server.cpp:160] 2025-12-04 12:11:10.341 | ServerConnection::handle_read bytes read from socket 4
I [/home/dp012/Desktop/gitmac/mako-pr/src/rrr/rpc/server.cpp:221] 2025-12-04 12:11:10.341 | ServerConnection::handle_read rpc_id: 0x3ec14825
I [/home/dp012/Desktop/gitmac/mako-pr/src/rrr/rpc/server.cpp:231] 2025-12-04 12:11:10.341 | ServerConnection::handle_read creating coroutine for rpc_id: 0x3ec14825
I [/home/dp012/Desktop/gitmac/mako-pr/src/rrr/reactor/coroutine.cc:12] 2025-12-04 12:11:10.341 | Coroutine created: 0x7e0d38002450
I [/home/dp012/Desktop/gitmac/mako-pr/src/rrr/reactor/reactor.cc:75] 2025-12-04 12:11:10.341 | Reactor::CreateRunCoroutine running coro: 0x7e0d38002450
I [/home/dp012/Desktop/gitmac/mako-pr/src/rrr/reactor/coroutine.cc:41] 2025-12-04 12:11:10.341 | Coroutine::Run start: 0x7e0d38002450
I [/home/dp012/Desktop/gitmac/mako-pr/src/rrr/reactor/coroutine.cc:22] 2025-12-04 12:11:10.341 | Coroutine::BoostRunWrapper start: 0x7e0d38002450
I [/home/dp012/Desktop/gitmac/mako-pr/src/rrr/rpc/server.cpp:233] 2025-12-04 12:11:10.341 | ServerConnection::handle_read coroutine start
I [/home/dp012/Desktop/gitmac/mako-pr/src/deptran/rcc/../procedure.h:168] 2025-12-04 12:11:10.341 | VecPieceData::FromMarshal size: 29
I [/home/dp012/Desktop/gitmac/mako-pr/src/rrr/reactor/coroutine.cc:12] 2025-12-04 12:11:10.341 | Coroutine created: 0x7e0d38028b90
I [/home/dp012/Desktop/gitmac/mako-pr/src/rrr/reactor/reactor.cc:75] 2025-12-04 12:11:10.341 | Reactor::CreateRunCoroutine running coro: 0x7e0d38028b90
I [/home/dp012/Desktop/gitmac/mako-pr/src/rrr/reactor/coroutine.cc:41] 2025-12-04 12:11:10.341 | Coroutine::Run start: 0x7e0d38028b90
I [/home/dp012/Desktop/gitmac/mako-pr/src/rrr/reactor/coroutine.cc:22] 2025-12-04 12:11:10.341 | Coroutine::BoostRunWrapper start: 0x7e0d38028b90
I [/home/dp012/Desktop/gitmac/mako-pr/src/deptran/paxos/service.cc:35] 2025-12-04 12:11:10.341 | MultiPaxosServiceImpl::Accept called for slot 1
I [/home/dp012/Desktop/gitmac/mako-pr/src/deptran/paxos/server.cc:38] 2025-12-04 12:11:10.341 | multi-paxos scheduler accept for slot_id: 1
I [/home/dp012/Desktop/gitmac/mako-pr/src/rrr/reactor/coroutine.cc:16] 2025-12-04 12:11:10.341 | Coroutine destroyed: 0x7e0d38028b90, task: 0x7e0d38028ad0
I [/home/dp012/Desktop/gitmac/mako-pr/src/rrr/reactor/coroutine.cc:16] 2025-12-04 12:11:10.342 | Coroutine destroyed: 0x7e0d38002450, task: 0x7e0d380024e0
I [/home/dp012/Desktop/gitmac/mako-pr/src/rrr/rpc/server.cpp:160] 2025-12-04 12:11:10.343 | ServerConnection::handle_read bytes read from socket 4
I [/home/dp012/Desktop/gitmac/mako-pr/src/rrr/rpc/server.cpp:221] 2025-12-04 12:11:10.343 | ServerConnection::handle_read rpc_id: 0x41b23a21
I [/home/dp012/Desktop/gitmac/mako-pr/src/rrr/rpc/server.cpp:231] 2025-12-04 12:11:10.343 | ServerConnection::handle_read creating coroutine for rpc_id: 0x41b23a21
I [/home/dp012/Desktop/gitmac/mako-pr/src/rrr/reactor/coroutine.cc:12] 2025-12-04 12:11:10.343 | Coroutine created: 0x7e0d38002450
I [/home/dp012/Desktop/gitmac/mako-pr/src/rrr/reactor/reactor.cc:75] 2025-12-04 12:11:10.343 | Reactor::CreateRunCoroutine running coro: 0x7e0d38002450
I [/home/dp012/Desktop/gitmac/mako-pr/src/rrr/reactor/coroutine.cc:41] 2025-12-04 12:11:10.343 | Coroutine::Run start: 0x7e0d38002450
I [/home/dp012/Desktop/gitmac/mako-pr/src/rrr/reactor/coroutine.cc:22] 2025-12-04 12:11:10.343 | Coroutine::BoostRunWrapper start: 0x7e0d38002450
I [/home/dp012/Desktop/gitmac/mako-pr/src/rrr/rpc/server.cpp:233] 2025-12-04 12:11:10.343 | ServerConnection::handle_read coroutine start
I [/home/dp012/Desktop/gitmac/mako-pr/src/deptran/rcc/../procedure.h:168] 2025-12-04 12:11:10.343 | VecPieceData::FromMarshal size: 29
I [/home/dp012/Desktop/gitmac/mako-pr/src/rrr/reactor/coroutine.cc:12] 2025-12-04 12:11:10.343 | Coroutine created: 0x7e0d38028b90
I [/home/dp012/Desktop/gitmac/mako-pr/src/rrr/reactor/reactor.cc:75] 2025-12-04 12:11:10.343 | Reactor::CreateRunCoroutine running coro: 0x7e0d38028b90
I [/home/dp012/Desktop/gitmac/mako-pr/src/rrr/reactor/coroutine.cc:41] 2025-12-04 12:11:10.343 | Coroutine::Run start: 0x7e0d38028b90
I [/home/dp012/Desktop/gitmac/mako-pr/src/rrr/reactor/coroutine.cc:22] 2025-12-04 12:11:10.343 | Coroutine::BoostRunWrapper start: 0x7e0d38028b90
I [/home/dp012/Desktop/gitmac/mako-pr/src/deptran/paxos/service.cc:51] 2025-12-04 12:11:10.343 | MultiPaxosServiceImpl::Decide called for slot 1
I [/home/dp012/Desktop/gitmac/mako-pr/src/deptran/paxos/server.cc:57] 2025-12-04 12:11:10.343 | multi-paxos scheduler decide for slot: 1
I [/home/dp012/Desktop/gitmac/mako-pr/src/deptran/paxos/server.cc:60] 2025-12-04 12:11:10.343 | PaxosServer::OnCommit slot 1, executed 0
I [/home/dp012/Desktop/gitmac/mako-pr/src/deptran/deterministic/scheduler.cc:171] 2025-12-04 12:11:10.343 | SchedulerDeterministic::ExecuteNext next_slot: 1, pending_txns_.count=1
I [/home/dp012/Desktop/gitmac/mako-pr/src/deptran/deterministic/scheduler.cc:175] 2025-12-04 12:11:10.343 | ExecuteNext: entering while loop for slot 1
I [/home/dp012/Desktop/gitmac/mako-pr/src/deptran/deterministic/scheduler.cc:178] 2025-12-04 12:11:10.343 | ExecuteNext: vpd=0x7e0d38022b90
I [/home/dp012/Desktop/gitmac/mako-pr/src/deptran/paxos/server.cc:71] 2025-12-04 12:11:10.344 | apply multi-paxos par:0 loc:2 executed slot 1 now
I [/home/dp012/Desktop/gitmac/mako-pr/src/rrr/reactor/coroutine.cc:16] 2025-12-04 12:11:10.344 | Coroutine destroyed: 0x7e0d38028b90, task: 0x7e0d38022510
I [/home/dp012/Desktop/gitmac/mako-pr/src/rrr/reactor/coroutine.cc:16] 2025-12-04 12:11:10.344 | Coroutine destroyed: 0x7e0d38002450, task: 0x7e0d38028af0
I [/home/dp012/Desktop/gitmac/mako-pr/src/rrr/reactor/reactor.cc:297] 2025-12-04 12:11:11.229 | PollThreadWorker::poll_loop wait 278001
I [/home/dp012/Desktop/gitmac/mako-pr/src/rrr/reactor/reactor.cc:297] 2025-12-04 12:11:12.444 | PollThreadWorker::poll_loop wait 279001
I [/home/dp012/Desktop/gitmac/mako-pr/src/rrr/reactor/reactor.cc:297] 2025-12-04 12:11:13.601 | PollThreadWorker::poll_loop wait 280001
I [/home/dp012/Desktop/gitmac/mako-pr/src/rrr/reactor/reactor.cc:297] 2025-12-04 12:11:14.754 | PollThreadWorker::poll_loop wait 281001
I [/home/dp012/Desktop/gitmac/mako-pr/src/rrr/reactor/reactor.cc:297] 2025-12-04 12:11:15.921 | PollThreadWorker::poll_loop wait 282001
I [/home/dp012/Desktop/gitmac/mako-pr/src/rrr/reactor/reactor.cc:297] 2025-12-04 12:11:17.089 | PollThreadWorker::poll_loop wait 283001
I [/home/dp012/Desktop/gitmac/mako-pr/src/rrr/reactor/reactor.cc:297] 2025-12-04 12:11:18.230 | PollThreadWorker::poll_loop wait 284001
I [/home/dp012/Desktop/gitmac/mako-pr/src/rrr/reactor/reactor.cc:297] 2025-12-04 12:11:19.376 | PollThreadWorker::poll_loop wait 285001
I [/home/dp012/Desktop/gitmac/mako-pr/src/rrr/reactor/reactor.cc:297] 2025-12-04 12:11:20.534 | PollThreadWorker::poll_loop wait 286001
I [/home/dp012/Desktop/gitmac/mako-pr/src/rrr/reactor/reactor.cc:297] 2025-12-04 12:11:21.715 | PollThreadWorker::poll_loop wait 287001
I [/home/dp012/Desktop/gitmac/mako-pr/src/rrr/reactor/reactor.cc:297] 2025-12-04 12:11:22.905 | PollThreadWorker::poll_loop wait 288001
I [/home/dp012/Desktop/gitmac/mako-pr/src/rrr/reactor/reactor.cc:297] 2025-12-04 12:11:24.135 | PollThreadWorker::poll_loop wait 289001
I [/home/dp012/Desktop/gitmac/mako-pr/src/rrr/reactor/reactor.cc:297] 2025-12-04 12:11:25.317 | PollThreadWorker::poll_loop wait 290001
I [/home/dp012/Desktop/gitmac/mako-pr/src/rrr/reactor/reactor.cc:297] 2025-12-04 12:11:26.501 | PollThreadWorker::poll_loop wait 291001
I [/home/dp012/Desktop/gitmac/mako-pr/src/rrr/reactor/reactor.cc:297] 2025-12-04 12:11:27.680 | PollThreadWorker::poll_loop wait 292001
I [/home/dp012/Desktop/gitmac/mako-pr/src/rrr/reactor/reactor.cc:297] 2025-12-04 12:11:28.884 | PollThreadWorker::poll_loop wait 293001
I [/home/dp012/Desktop/gitmac/mako-pr/src/rrr/reactor/reactor.cc:297] 2025-12-04 12:11:30.068 | PollThreadWorker::poll_loop wait 294001
I [/home/dp012/Desktop/gitmac/mako-pr/src/rrr/reactor/reactor.cc:297] 2025-12-04 12:11:31.248 | PollThreadWorker::poll_loop wait 295001
I [/home/dp012/Desktop/gitmac/mako-pr/src/rrr/reactor/reactor.cc:297] 2025-12-04 12:11:32.401 | PollThreadWorker::poll_loop wait 296001
I [/home/dp012/Desktop/gitmac/mako-pr/src/rrr/reactor/reactor.cc:297] 2025-12-04 12:11:33.554 | PollThreadWorker::poll_loop wait 297001
I [/home/dp012/Desktop/gitmac/mako-pr/src/rrr/reactor/reactor.cc:297] 2025-12-04 12:11:34.724 | PollThreadWorker::poll_loop wait 298001
I [/home/dp012/Desktop/gitmac/mako-pr/src/rrr/reactor/reactor.cc:297] 2025-12-04 12:11:35.904 | PollThreadWorker::poll_loop wait 299001
I [/home/dp012/Desktop/gitmac/mako-pr/src/rrr/reactor/reactor.cc:297] 2025-12-04 12:11:37.083 | PollThreadWorker::poll_loop wait 300001
I [/home/dp012/Desktop/gitmac/mako-pr/src/rrr/reactor/reactor.cc:297] 2025-12-04 12:11:38.257 | PollThreadWorker::poll_loop wait 301001
I [/home/dp012/Desktop/gitmac/mako-pr/src/rrr/reactor/reactor.cc:297] 2025-12-04 12:11:39.398 | PollThreadWorker::poll_loop wait 302001
I [/home/dp012/Desktop/gitmac/mako-pr/src/rrr/reactor/reactor.cc:297] 2025-12-04 12:11:40.539 | PollThreadWorker::poll_loop wait 303001
I [/home/dp012/Desktop/gitmac/mako-pr/src/rrr/reactor/reactor.cc:297] 2025-12-04 12:11:41.714 | PollThreadWorker::poll_loop wait 304001
I [/home/dp012/Desktop/gitmac/mako-pr/src/rrr/reactor/reactor.cc:297] 2025-12-04 12:11:42.882 | PollThreadWorker::poll_loop wait 305001
I [/home/dp012/Desktop/gitmac/mako-pr/src/rrr/reactor/reactor.cc:297] 2025-12-04 12:11:43.999 | PollThreadWorker::poll_loop wait 306001
I [/home/dp012/Desktop/gitmac/mako-pr/src/rrr/reactor/reactor.cc:297] 2025-12-04 12:11:45.151 | PollThreadWorker::poll_loop wait 307001
I [/home/dp012/Desktop/gitmac/mako-pr/src/rrr/reactor/reactor.cc:297] 2025-12-04 12:11:46.280 | PollThreadWorker::poll_loop wait 308001
I [/home/dp012/Desktop/gitmac/mako-pr/src/rrr/reactor/reactor.cc:297] 2025-12-04 12:11:47.441 | PollThreadWorker::poll_loop wait 309001
I [/home/dp012/Desktop/gitmac/mako-pr/src/rrr/reactor/reactor.cc:297] 2025-12-04 12:11:48.586 | PollThreadWorker::poll_loop wait 310001
I [/home/dp012/Desktop/gitmac/mako-pr/src/rrr/reactor/reactor.cc:297] 2025-12-04 12:11:49.731 | PollThreadWorker::poll_loop wait 311001
I [/home/dp012/Desktop/gitmac/mako-pr/src/rrr/reactor/reactor.cc:297] 2025-12-04 12:11:50.967 | PollThreadWorker::poll_loop wait 312001
I [/home/dp012/Desktop/gitmac/mako-pr/src/rrr/reactor/reactor.cc:297] 2025-12-04 12:11:52.144 | PollThreadWorker::poll_loop wait 313001
I [/home/dp012/Desktop/gitmac/mako-pr/src/rrr/reactor/reactor.cc:297] 2025-12-04 12:11:53.302 | PollThreadWorker::poll_loop wait 314001
I [/home/dp012/Desktop/gitmac/mako-pr/src/rrr/reactor/reactor.cc:297] 2025-12-04 12:11:54.444 | PollThreadWorker::poll_loop wait 315001
I [/home/dp012/Desktop/gitmac/mako-pr/src/rrr/reactor/reactor.cc:297] 2025-12-04 12:11:55.623 | PollThreadWorker::poll_loop wait 316001
I [/home/dp012/Desktop/gitmac/mako-pr/src/rrr/reactor/reactor.cc:297] 2025-12-04 12:11:56.765 | PollThreadWorker::poll_loop wait 317001
I [/home/dp012/Desktop/gitmac/mako-pr/src/rrr/reactor/reactor.cc:297] 2025-12-04 12:11:57.927 | PollThreadWorker::poll_loop wait 318001
I [/home/dp012/Desktop/gitmac/mako-pr/src/rrr/reactor/reactor.cc:297] 2025-12-04 12:11:59.092 | PollThreadWorker::poll_loop wait 319001
I [/home/dp012/Desktop/gitmac/mako-pr/src/rrr/reactor/reactor.cc:297] 2025-12-04 12:12:00.282 | PollThreadWorker::poll_loop wait 320001
I [/home/dp012/Desktop/gitmac/mako-pr/src/rrr/reactor/reactor.cc:297] 2025-12-04 12:12:01.461 | PollThreadWorker::poll_loop wait 321001
I [/home/dp012/Desktop/gitmac/mako-pr/src/rrr/reactor/reactor.cc:297] 2025-12-04 12:12:02.646 | PollThreadWorker::poll_loop wait 322001
I [/home/dp012/Desktop/gitmac/mako-pr/src/rrr/reactor/reactor.cc:297] 2025-12-04 12:12:03.787 | PollThreadWorker::poll_loop wait 323001
I [/home/dp012/Desktop/gitmac/mako-pr/src/rrr/reactor/reactor.cc:297] 2025-12-04 12:12:04.942 | PollThreadWorker::poll_loop wait 324001
I [/home/dp012/Desktop/gitmac/mako-pr/src/rrr/reactor/reactor.cc:297] 2025-12-04 12:12:06.125 | PollThreadWorker::poll_loop wait 325001
I [/home/dp012/Desktop/gitmac/mako-pr/src/rrr/reactor/reactor.cc:297] 2025-12-04 12:12:07.294 | PollThreadWorker::poll_loop wait 326001
I [/home/dp012/Desktop/gitmac/mako-pr/src/rrr/reactor/reactor.cc:297] 2025-12-04 12:12:08.482 | PollThreadWorker::poll_loop wait 327001
I [/home/dp012/Desktop/gitmac/mako-pr/src/rrr/reactor/reactor.cc:297] 2025-12-04 12:12:09.669 | PollThreadWorker::poll_loop wait 328001
I [/home/dp012/Desktop/gitmac/mako-pr/src/rrr/reactor/reactor.cc:297] 2025-12-04 12:12:10.808 | PollThreadWorker::poll_loop wait 329001
I [/home/dp012/Desktop/gitmac/mako-pr/src/rrr/reactor/reactor.cc:297] 2025-12-04 12:12:11.956 | PollThreadWorker::poll_loop wait 330001
I [/home/dp012/Desktop/gitmac/mako-pr/src/rrr/reactor/reactor.cc:297] 2025-12-04 12:12:13.105 | PollThreadWorker::poll_loop wait 331001
I [/home/dp012/Desktop/gitmac/mako-pr/src/rrr/reactor/reactor.cc:297] 2025-12-04 12:12:14.265 | PollThreadWorker::poll_loop wait 332001
I [/home/dp012/Desktop/gitmac/mako-pr/src/rrr/reactor/reactor.cc:297] 2025-12-04 12:12:15.435 | PollThreadWorker::poll_loop wait 333001
I [/home/dp012/Desktop/gitmac/mako-pr/src/rrr/reactor/reactor.cc:297] 2025-12-04 12:12:16.567 | PollThreadWorker::poll_loop wait 334001
I [/home/dp012/Desktop/gitmac/mako-pr/src/rrr/reactor/reactor.cc:297] 2025-12-04 12:12:17.762 | PollThreadWorker::poll_loop wait 335001
I [/home/dp012/Desktop/gitmac/mako-pr/src/rrr/reactor/reactor.cc:297] 2025-12-04 12:12:18.947 | PollThreadWorker::poll_loop wait 336001
I [/home/dp012/Desktop/gitmac/mako-pr/src/rrr/reactor/reactor.cc:297] 2025-12-04 12:12:20.117 | PollThreadWorker::poll_loop wait 337001
I [/home/dp012/Desktop/gitmac/mako-pr/src/rrr/reactor/reactor.cc:297] 2025-12-04 12:12:21.259 | PollThreadWorker::poll_loop wait 338001
I [/home/dp012/Desktop/gitmac/mako-pr/src/rrr/reactor/reactor.cc:297] 2025-12-04 12:12:22.419 | PollThreadWorker::poll_loop wait 339001
I [/home/dp012/Desktop/gitmac/mako-pr/src/rrr/reactor/reactor.cc:297] 2025-12-04 12:12:23.562 | PollThreadWorker::poll_loop wait 340001
I [/home/dp012/Desktop/gitmac/mako-pr/src/rrr/reactor/reactor.cc:297] 2025-12-04 12:12:24.749 | PollThreadWorker::poll_loop wait 341001
I [/home/dp012/Desktop/gitmac/mako-pr/src/rrr/reactor/reactor.cc:297] 2025-12-04 12:12:25.877 | PollThreadWorker::poll_loop wait 342001
I [/home/dp012/Desktop/gitmac/mako-pr/src/rrr/reactor/reactor.cc:297] 2025-12-04 12:12:27.059 | PollThreadWorker::poll_loop wait 343001
I [/home/dp012/Desktop/gitmac/mako-pr/src/rrr/reactor/reactor.cc:297] 2025-12-04 12:12:28.220 | PollThreadWorker::poll_loop wait 344001
I [/home/dp012/Desktop/gitmac/mako-pr/src/rrr/reactor/reactor.cc:297] 2025-12-04 12:12:29.434 | PollThreadWorker::poll_loop wait 345001
I [/home/dp012/Desktop/gitmac/mako-pr/src/rrr/reactor/reactor.cc:297] 2025-12-04 12:12:30.583 | PollThreadWorker::poll_loop wait 346001
I [/home/dp012/Desktop/gitmac/mako-pr/src/rrr/reactor/reactor.cc:297] 2025-12-04 12:12:31.773 | PollThreadWorker::poll_loop wait 347001
I [/home/dp012/Desktop/gitmac/mako-pr/src/rrr/reactor/reactor.cc:297] 2025-12-04 12:12:32.948 | PollThreadWorker::poll_loop wait 348001
I [/home/dp012/Desktop/gitmac/mako-pr/src/rrr/reactor/reactor.cc:297] 2025-12-04 12:12:34.110 | PollThreadWorker::poll_loop wait 349001
I [/home/dp012/Desktop/gitmac/mako-pr/src/rrr/reactor/reactor.cc:297] 2025-12-04 12:12:35.264 | PollThreadWorker::poll_loop wait 350001
I [/home/dp012/Desktop/gitmac/mako-pr/src/rrr/reactor/reactor.cc:297] 2025-12-04 12:12:36.425 | PollThreadWorker::poll_loop wait 351001
I [/home/dp012/Desktop/gitmac/mako-pr/src/rrr/reactor/reactor.cc:297] 2025-12-04 12:12:37.627 | PollThreadWorker::poll_loop wait 352001
I [/home/dp012/Desktop/gitmac/mako-pr/src/rrr/reactor/reactor.cc:297] 2025-12-04 12:12:38.816 | PollThreadWorker::poll_loop wait 353001
I [/home/dp012/Desktop/gitmac/mako-pr/src/rrr/reactor/reactor.cc:297] 2025-12-04 12:12:39.962 | PollThreadWorker::poll_loop wait 354001
I [/home/dp012/Desktop/gitmac/mako-pr/src/rrr/reactor/reactor.cc:297] 2025-12-04 12:12:41.124 | PollThreadWorker::poll_loop wait 355001
I [/home/dp012/Desktop/gitmac/mako-pr/src/rrr/reactor/reactor.cc:297] 2025-12-04 12:12:42.270 | PollThreadWorker::poll_loop wait 356001
I [/home/dp012/Desktop/gitmac/mako-pr/src/rrr/reactor/reactor.cc:297] 2025-12-04 12:12:43.428 | PollThreadWorker::poll_loop wait 357001
I [/home/dp012/Desktop/gitmac/mako-pr/src/rrr/reactor/reactor.cc:297] 2025-12-04 12:12:44.591 | PollThreadWorker::poll_loop wait 358001
I [/home/dp012/Desktop/gitmac/mako-pr/src/rrr/reactor/reactor.cc:297] 2025-12-04 12:12:45.747 | PollThreadWorker::poll_loop wait 359001
I [/home/dp012/Desktop/gitmac/mako-pr/src/rrr/reactor/reactor.cc:297] 2025-12-04 12:12:46.902 | PollThreadWorker::poll_loop wait 360001
I [/home/dp012/Desktop/gitmac/mako-pr/src/rrr/reactor/reactor.cc:297] 2025-12-04 12:12:48.037 | PollThreadWorker::poll_loop wait 361001
I [/home/dp012/Desktop/gitmac/mako-pr/src/rrr/reactor/reactor.cc:297] 2025-12-04 12:12:49.157 | PollThreadWorker::poll_loop wait 362001
I [/home/dp012/Desktop/gitmac/mako-pr/src/rrr/reactor/reactor.cc:297] 2025-12-04 12:12:50.334 | PollThreadWorker::poll_loop wait 363001
I [/home/dp012/Desktop/gitmac/mako-pr/src/rrr/reactor/reactor.cc:297] 2025-12-04 12:12:51.550 | PollThreadWorker::poll_loop wait 364001
I [/home/dp012/Desktop/gitmac/mako-pr/src/rrr/reactor/reactor.cc:297] 2025-12-04 12:12:52.717 | PollThreadWorker::poll_loop wait 365001
I [/home/dp012/Desktop/gitmac/mako-pr/src/rrr/reactor/reactor.cc:297] 2025-12-04 12:12:53.893 | PollThreadWorker::poll_loop wait 366001
I [/home/dp012/Desktop/gitmac/mako-pr/src/rrr/reactor/reactor.cc:297] 2025-12-04 12:12:55.054 | PollThreadWorker::poll_loop wait 367001
I [/home/dp012/Desktop/gitmac/mako-pr/src/rrr/reactor/reactor.cc:297] 2025-12-04 12:12:56.225 | PollThreadWorker::poll_loop wait 368001
I [/home/dp012/Desktop/gitmac/mako-pr/src/rrr/reactor/reactor.cc:297] 2025-12-04 12:12:57.378 | PollThreadWorker::poll_loop wait 369001
I [/home/dp012/Desktop/gitmac/mako-pr/src/rrr/reactor/reactor.cc:297] 2025-12-04 12:12:58.540 | PollThreadWorker::poll_loop wait 370001
I [/home/dp012/Desktop/gitmac/mako-pr/src/rrr/reactor/reactor.cc:297] 2025-12-04 12:12:59.708 | PollThreadWorker::poll_loop wait 371001
I [/home/dp012/Desktop/gitmac/mako-pr/src/rrr/reactor/reactor.cc:297] 2025-12-04 12:13:00.866 | PollThreadWorker::poll_loop wait 372001
I [/home/dp012/Desktop/gitmac/mako-pr/src/rrr/reactor/reactor.cc:297] 2025-12-04 12:13:02.015 | PollThreadWorker::poll_loop wait 373001
I [/home/dp012/Desktop/gitmac/mako-pr/src/rrr/reactor/reactor.cc:297] 2025-12-04 12:13:03.168 | PollThreadWorker::poll_loop wait 374001
I [/home/dp012/Desktop/gitmac/mako-pr/src/rrr/reactor/reactor.cc:297] 2025-12-04 12:13:04.320 | PollThreadWorker::poll_loop wait 375001
I [/home/dp012/Desktop/gitmac/mako-pr/src/rrr/reactor/reactor.cc:297] 2025-12-04 12:13:05.490 | PollThreadWorker::poll_loop wait 376001
I [/home/dp012/Desktop/gitmac/mako-pr/src/rrr/reactor/reactor.cc:297] 2025-12-04 12:13:06.639 | PollThreadWorker::poll_loop wait 377001
I [/home/dp012/Desktop/gitmac/mako-pr/src/rrr/reactor/reactor.cc:297] 2025-12-04 12:13:07.794 | PollThreadWorker::poll_loop wait 378001
I [/home/dp012/Desktop/gitmac/mako-pr/src/rrr/reactor/reactor.cc:297] 2025-12-04 12:13:08.951 | PollThreadWorker::poll_loop wait 379001
I [/home/dp012/Desktop/gitmac/mako-pr/src/rrr/reactor/reactor.cc:297] 2025-12-04 12:13:10.134 | PollThreadWorker::poll_loop wait 380001
I [/home/dp012/Desktop/gitmac/mako-pr/src/rrr/reactor/reactor.cc:297] 2025-12-04 12:13:11.310 | PollThreadWorker::poll_loop wait 381001
I [/home/dp012/Desktop/gitmac/mako-pr/src/rrr/reactor/reactor.cc:297] 2025-12-04 12:13:12.485 | PollThreadWorker::poll_loop wait 382001
I [/home/dp012/Desktop/gitmac/mako-pr/src/rrr/reactor/reactor.cc:297] 2025-12-04 12:13:13.635 | PollThreadWorker::poll_loop wait 383001
I [/home/dp012/Desktop/gitmac/mako-pr/src/rrr/reactor/reactor.cc:297] 2025-12-04 12:13:14.777 | PollThreadWorker::poll_loop wait 384001
I [/home/dp012/Desktop/gitmac/mako-pr/src/rrr/reactor/reactor.cc:297] 2025-12-04 12:13:15.933 | PollThreadWorker::poll_loop wait 385001
I [/home/dp012/Desktop/gitmac/mako-pr/src/rrr/reactor/reactor.cc:297] 2025-12-04 12:13:17.174 | PollThreadWorker::poll_loop wait 386001
I [/home/dp012/Desktop/gitmac/mako-pr/src/rrr/reactor/reactor.cc:297] 2025-12-04 12:13:18.325 | PollThreadWorker::poll_loop wait 387001
I [/home/dp012/Desktop/gitmac/mako-pr/src/rrr/reactor/reactor.cc:297] 2025-12-04 12:13:19.508 | PollThreadWorker::poll_loop wait 388001
I [/home/dp012/Desktop/gitmac/mako-pr/src/rrr/reactor/reactor.cc:297] 2025-12-04 12:13:20.656 | PollThreadWorker::poll_loop wait 389001
I [/home/dp012/Desktop/gitmac/mako-pr/src/rrr/reactor/reactor.cc:297] 2025-12-04 12:13:21.822 | PollThreadWorker::poll_loop wait 390001
I [/home/dp012/Desktop/gitmac/mako-pr/src/rrr/reactor/reactor.cc:297] 2025-12-04 12:13:22.973 | PollThreadWorker::poll_loop wait 391001
I [/home/dp012/Desktop/gitmac/mako-pr/src/rrr/reactor/reactor.cc:297] 2025-12-04 12:13:24.140 | PollThreadWorker::poll_loop wait 392001
I [/home/dp012/Desktop/gitmac/mako-pr/src/rrr/reactor/reactor.cc:297] 2025-12-04 12:13:25.361 | PollThreadWorker::poll_loop wait 393001
I [/home/dp012/Desktop/gitmac/mako-pr/src/rrr/reactor/reactor.cc:297] 2025-12-04 12:13:26.532 | PollThreadWorker::poll_loop wait 394001
I [/home/dp012/Desktop/gitmac/mako-pr/src/rrr/reactor/reactor.cc:297] 2025-12-04 12:13:27.696 | PollThreadWorker::poll_loop wait 395001
I [/home/dp012/Desktop/gitmac/mako-pr/src/rrr/reactor/reactor.cc:297] 2025-12-04 12:13:28.863 | PollThreadWorker::poll_loop wait 396001
I [/home/dp012/Desktop/gitmac/mako-pr/src/rrr/reactor/reactor.cc:297] 2025-12-04 12:13:30.031 | PollThreadWorker::poll_loop wait 397001
I [/home/dp012/Desktop/gitmac/mako-pr/src/rrr/reactor/reactor.cc:297] 2025-12-04 12:13:31.190 | PollThreadWorker::poll_loop wait 398001
I [/home/dp012/Desktop/gitmac/mako-pr/src/rrr/reactor/reactor.cc:297] 2025-12-04 12:13:32.366 | PollThreadWorker::poll_loop wait 399001
I [/home/dp012/Desktop/gitmac/mako-pr/src/rrr/reactor/reactor.cc:297] 2025-12-04 12:13:33.533 | PollThreadWorker::poll_loop wait 400001
I [/home/dp012/Desktop/gitmac/mako-pr/src/rrr/reactor/reactor.cc:297] 2025-12-04 12:13:34.684 | PollThreadWorker::poll_loop wait 401001
I [/home/dp012/Desktop/gitmac/mako-pr/src/rrr/reactor/reactor.cc:297] 2025-12-04 12:13:35.873 | PollThreadWorker::poll_loop wait 402001
I [/home/dp012/Desktop/gitmac/mako-pr/src/rrr/reactor/reactor.cc:297] 2025-12-04 12:13:37.052 | PollThreadWorker::poll_loop wait 403001
I [/home/dp012/Desktop/gitmac/mako-pr/src/rrr/reactor/reactor.cc:297] 2025-12-04 12:13:38.218 | PollThreadWorker::poll_loop wait 404001
I [/home/dp012/Desktop/gitmac/mako-pr/src/rrr/reactor/reactor.cc:297] 2025-12-04 12:13:39.404 | PollThreadWorker::poll_loop wait 405001
I [/home/dp012/Desktop/gitmac/mako-pr/src/rrr/reactor/reactor.cc:297] 2025-12-04 12:13:40.629 | PollThreadWorker::poll_loop wait 406001
I [/home/dp012/Desktop/gitmac/mako-pr/src/rrr/reactor/reactor.cc:297] 2025-12-04 12:13:41.796 | PollThreadWorker::poll_loop wait 407001
I [/home/dp012/Desktop/gitmac/mako-pr/src/rrr/reactor/reactor.cc:297] 2025-12-04 12:13:42.991 | PollThreadWorker::poll_loop wait 408001
I [/home/dp012/Desktop/gitmac/mako-pr/src/rrr/reactor/reactor.cc:297] 2025-12-04 12:13:44.149 | PollThreadWorker::poll_loop wait 409001
I [/home/dp012/Desktop/gitmac/mako-pr/src/rrr/reactor/reactor.cc:297] 2025-12-04 12:13:45.303 | PollThreadWorker::poll_loop wait 410001
I [/home/dp012/Desktop/gitmac/mako-pr/src/rrr/reactor/reactor.cc:297] 2025-12-04 12:13:46.457 | PollThreadWorker::poll_loop wait 411001
I [/home/dp012/Desktop/gitmac/mako-pr/src/rrr/reactor/reactor.cc:297] 2025-12-04 12:13:47.690 | PollThreadWorker::poll_loop wait 412001
I [/home/dp012/Desktop/gitmac/mako-pr/src/rrr/reactor/reactor.cc:297] 2025-12-04 12:13:48.909 | PollThreadWorker::poll_loop wait 413001
I [/home/dp012/Desktop/gitmac/mako-pr/src/rrr/reactor/reactor.cc:297] 2025-12-04 12:13:50.079 | PollThreadWorker::poll_loop wait 414001
I [/home/dp012/Desktop/gitmac/mako-pr/src/rrr/reactor/reactor.cc:297] 2025-12-04 12:13:51.242 | PollThreadWorker::poll_loop wait 415001
I [/home/dp012/Desktop/gitmac/mako-pr/src/rrr/reactor/reactor.cc:297] 2025-12-04 12:13:52.407 | PollThreadWorker::poll_loop wait 416001
I [/home/dp012/Desktop/gitmac/mako-pr/src/rrr/reactor/reactor.cc:297] 2025-12-04 12:13:53.586 | PollThreadWorker::poll_loop wait 417001
I [/home/dp012/Desktop/gitmac/mako-pr/src/rrr/reactor/reactor.cc:297] 2025-12-04 12:13:54.742 | PollThreadWorker::poll_loop wait 418001
I [/home/dp012/Desktop/gitmac/mako-pr/src/rrr/reactor/reactor.cc:297] 2025-12-04 12:13:55.891 | PollThreadWorker::poll_loop wait 419001
I [/home/dp012/Desktop/gitmac/mako-pr/src/rrr/reactor/reactor.cc:297] 2025-12-04 12:13:57.134 | PollThreadWorker::poll_loop wait 420001
I [/home/dp012/Desktop/gitmac/mako-pr/src/rrr/reactor/reactor.cc:297] 2025-12-04 12:13:58.360 | PollThreadWorker::poll_loop wait 421001
I [/home/dp012/Desktop/gitmac/mako-pr/src/rrr/reactor/reactor.cc:297] 2025-12-04 12:13:59.520 | PollThreadWorker::poll_loop wait 422001
I [/home/dp012/Desktop/gitmac/mako-pr/src/rrr/reactor/reactor.cc:297] 2025-12-04 12:14:00.707 | PollThreadWorker::poll_loop wait 423001
I [/home/dp012/Desktop/gitmac/mako-pr/src/rrr/reactor/reactor.cc:297] 2025-12-04 12:14:01.872 | PollThreadWorker::poll_loop wait 424001
I [/home/dp012/Desktop/gitmac/mako-pr/src/rrr/reactor/reactor.cc:297] 2025-12-04 12:14:03.049 | PollThreadWorker::poll_loop wait 425001
I [/home/dp012/Desktop/gitmac/mako-pr/src/rrr/reactor/reactor.cc:297] 2025-12-04 12:14:04.198 | PollThreadWorker::poll_loop wait 426001
I [/home/dp012/Desktop/gitmac/mako-pr/src/rrr/reactor/reactor.cc:297] 2025-12-04 12:14:05.354 | PollThreadWorker::poll_loop wait 427001
I [/home/dp012/Desktop/gitmac/mako-pr/src/rrr/reactor/reactor.cc:297] 2025-12-04 12:14:06.523 | PollThreadWorker::poll_loop wait 428001
I [/home/dp012/Desktop/gitmac/mako-pr/src/rrr/reactor/reactor.cc:297] 2025-12-04 12:14:07.671 | PollThreadWorker::poll_loop wait 429001
I [/home/dp012/Desktop/gitmac/mako-pr/src/rrr/reactor/reactor.cc:297] 2025-12-04 12:14:08.844 | PollThreadWorker::poll_loop wait 430001
I [/home/dp012/Desktop/gitmac/mako-pr/src/rrr/reactor/reactor.cc:297] 2025-12-04 12:14:09.997 | PollThreadWorker::poll_loop wait 431001
I [/home/dp012/Desktop/gitmac/mako-pr/src/rrr/reactor/reactor.cc:297] 2025-12-04 12:14:11.147 | PollThreadWorker::poll_loop wait 432001
I [/home/dp012/Desktop/gitmac/mako-pr/src/rrr/reactor/reactor.cc:297] 2025-12-04 12:14:12.294 | PollThreadWorker::poll_loop wait 433001
I [/home/dp012/Desktop/gitmac/mako-pr/src/rrr/reactor/reactor.cc:297] 2025-12-04 12:14:13.432 | PollThreadWorker::poll_loop wait 434001
I [/home/dp012/Desktop/gitmac/mako-pr/src/rrr/reactor/reactor.cc:297] 2025-12-04 12:14:14.620 | PollThreadWorker::poll_loop wait 435001
I [/home/dp012/Desktop/gitmac/mako-pr/src/rr